Log file open, 02/01/21 14:41:26
LogWindows: Failed to load 'aqProf.dll' (GetLastError=126)
LogWindows: File 'aqProf.dll' does not exist
LogWindows: Failed to load 'VSPerf140.dll' (GetLastError=126)
LogWindows: File 'VSPerf140.dll' does not exist
LogWindows: Failed to load 'VtuneApi.dll' (GetLastError=126)
LogWindows: File 'VtuneApi.dll' does not exist
LogWindows: Failed to load 'VtuneApi32e.dll' (GetLastError=126)
LogWindows: File 'VtuneApi32e.dll' does not exist
LogInit: Display: Running engine for game: BallRunnerIgaBudnik
LogPlatformFile: Not using cached read wrapper
LogTaskGraph: Started task graph with 5 named threads and 23 total threads with 3 sets of task threads.
LogStats: Stats thread started at 0.371848
LogD3D11RHI: Loaded GFSDK_Aftermath_Lib.x64.dll
LogICUInternationalization: Display: ICU TimeZone Detection - Raw Offset: +1:00, Platform Override: ''
LogPluginManager: Mounting plugin Paper2D
LogPluginManager: Mounting plugin AISupport
LogPluginManager: Mounting plugin LightPropagationVolume
LogPluginManager: Mounting plugin CLionSourceCodeAccess
LogPluginManager: Mounting plugin CodeLiteSourceCodeAccess
LogPluginManager: Mounting plugin GitSourceControl
LogPluginManager: Mounting plugin KDevelopSourceCodeAccess
LogPluginManager: Mounting plugin NullSourceCodeAccess
LogPluginManager: Mounting plugin PerforceSourceControl
LogPluginManager: Mounting plugin SubversionSourceControl
LogPluginManager: Mounting plugin UObjectPlugin
LogPluginManager: Mounting plugin VisualStudioCodeSourceCodeAccess
LogPluginManager: Mounting plugin VisualStudioSourceCodeAccess
LogPluginManager: Mounting plugin XCodeSourceCodeAccess
LogPluginManager: Mounting plugin AssetManagerEditor
LogPluginManager: Mounting plugin CryptoKeys
LogPluginManager: Mounting plugin DataValidation
LogPluginManager: Mounting plugin FacialAnimation
LogPluginManager: Mounting plugin GameplayTagsEditor
LogPluginManager: Mounting plugin MacGraphicsSwitching
LogPluginManager: Mounting plugin MeshEditor
LogPluginManager: Mounting plugin MobileLauncherProfileWizard
LogPluginManager: Mounting plugin PluginBrowser
LogPluginManager: Mounting plugin SpeedTreeImporter
LogPluginManager: Mounting plugin DatasmithContent
LogPluginManager: Mounting plugin AlembicImporter
LogPluginManager: Mounting plugin AppleImageUtils
LogPluginManager: Mounting plugin AppleVision
LogPluginManager: Mounting plugin BackChannel
LogPluginManager: Mounting plugin CharacterAI
LogPluginManager: Mounting plugin GeometryCache
LogPluginManager: Mounting plugin HTML5Networking
LogPluginManager: Mounting plugin ProxyLODPlugin
LogPluginManager: Mounting plugin MagicLeap
LogPluginManager: Mounting plugin MagicLeapEmulator
LogPluginManager: Mounting plugin MagicLeapMedia
LogPluginManager: Mounting plugin AndroidMedia
LogPluginManager: Mounting plugin AvfMedia
LogPluginManager: Mounting plugin ImgMedia
LogPluginManager: Mounting plugin LinearTimecode
LogPluginManager: Mounting plugin MediaCompositing
LogPluginManager: Mounting plugin MediaPlayerEditor
LogPluginManager: Mounting plugin WmfMedia
LogPluginManager: Mounting plugin TcpMessaging
LogPluginManager: Mounting plugin UdpMessaging
LogPluginManager: Mounting plugin ActorSequence
LogPluginManager: Mounting plugin LevelSequenceEditor
LogPluginManager: Mounting plugin MatineeToLevelSequence
LogPluginManager: Mounting plugin NetcodeUnitTest
LogPluginManager: Mounting plugin NUTUnrealEngine4
LogPluginManager: Mounting plugin OnlineSubsystemGooglePlay
LogPluginManager: Mounting plugin OnlineSubsystemIOS
LogPluginManager: Mounting plugin OnlineSubsystem
LogPluginManager: Mounting plugin OnlineSubsystemNull
LogPluginManager: Mounting plugin OnlineSubsystemUtils
LogPluginManager: Mounting plugin LauncherChunkInstaller
LogPluginManager: Mounting plugin AndroidDeviceProfileSelector
LogPluginManager: Mounting plugin AndroidMoviePlayer
LogPluginManager: Mounting plugin AndroidPermission
LogPluginManager: Mounting plugin AppleMoviePlayer
LogPluginManager: Mounting plugin ArchVisCharacter
LogPluginManager: Mounting plugin AudioCapture
LogPluginManager: Mounting plugin CableComponent
LogPluginManager: Mounting plugin CustomMeshComponent
LogPluginManager: Mounting plugin EditableMesh
LogPluginManager: Mounting plugin ExampleDeviceProfileSelector
LogPluginManager: Mounting plugin GoogleCloudMessaging
LogPluginManager: Mounting plugin ImmediatePhysics
LogPluginManager: Mounting plugin IOSDeviceProfileSelector
LogPluginManager: Mounting plugin LinuxDeviceProfileSelector
LogPluginManager: Mounting plugin LocationServicesBPLibrary
LogPluginManager: Mounting plugin MobilePatchingUtils
LogPluginManager: Mounting plugin OculusVR
LogPluginManager: Plugin shader directory ../../../Engine/Plugins/Runtime/Oculus/OculusVR/Shaders found
LogPluginManager: Mapping shader source directory ../../../Engine/Plugins/Runtime/Oculus/OculusVR/Shaders to virtual directory /Plugin/OculusVR
LogPluginManager: Mounting plugin PhysXVehicles
LogPluginManager: Mounting plugin ProceduralMeshComponent
LogPluginManager: Mounting plugin RuntimePhysXCooking
LogPluginManager: Mounting plugin SteamVR
LogPluginManager: Mounting plugin WindowsMoviePlayer
LogStreaming: Display: Took  0.139s to configure plugins.
LogInit: Using libcurl 7.55.1-DEV
LogInit:  - built for x86_64-pc-win32
LogInit:  - supports SSL with OpenSSL/1.0.2h
LogInit:  - supports HTTP deflate (compression) using libz 1.2.8
LogInit:  - other features:
LogInit:      CURL_VERSION_SSL
LogInit:      CURL_VERSION_LIBZ
LogInit:      CURL_VERSION_IPV6
LogInit:      CURL_VERSION_ASYNCHDNS
LogInit:      CURL_VERSION_LARGEFILE
LogInit:      CURL_VERSION_IDN
LogInit:  CurlRequestOptions (configurable via config and command line):
LogInit:  - bVerifyPeer = false  - Libcurl will NOT verify peer certificate
LogInit:  - bUseHttpProxy = false  - Libcurl will NOT use HTTP proxy
LogInit:  - bDontReuseConnections = false  - Libcurl will reuse connections
LogInit:  - CertBundlePath = nullptr  - Libcurl will use whatever was configured at build time.
LogInit:  - MaxHostConnections = 16  - Libcurl will limit the number of connections to a host
LogInit:  - LocalHostAddr = Default
LogInit:  - BufferSize = 65536
LogInit: WinSock: version 1.1 (2.2), MaxSocks=32767, MaxUdp=65467
LogInit: Build: ++UE4+Release-4.20-CL-4369336
LogInit: Engine Version: 4.20.3-4369336+++UE4+Release-4.20
LogInit: Compatible Engine Version: 4.20.0-4212847+++UE4+Release-4.20
LogInit: Net CL: 4212847
LogInit: OS: Windows 10 (), CPU: Intel(R) Core(TM) i5-8300H CPU @ 2.30GHz, GPU: Intel(R) UHD Graphics 630
LogInit: Compiled (64-bit): Sep 17 2018 12:26:19
LogInit: Compiled with Visual C++: 19.13.26129.00
LogInit: Build Configuration: Development
LogInit: Branch Name: ++UE4+Release-4.20
LogInit: Command Line: 
LogInit: Base Directory: C:/Program Files/Epic Games/UE_4.20/Engine/Binaries/Win64/
LogInit: Installed Engine Build: 1
LogDevObjectVersion: Number of dev versions registered: 20
LogDevObjectVersion:   Dev-Blueprints (B0D832E4-1F89-4F0D-ACCF-7EB736FD4AA2): 10
LogDevObjectVersion:   Dev-Build (E1C64328-A22C-4D53-A36C-8E866417BD8C): 0
LogDevObjectVersion:   Dev-Core (375EC13C-06E4-48FB-B500-84F0262A717E): 2
LogDevObjectVersion:   Dev-Editor (E4B068ED-F494-42E9-A231-DA0B2E46BB41): 24
LogDevObjectVersion:   Dev-Framework (CFFC743F-43B0-4480-9391-14DF171D2073): 34
LogDevObjectVersion:   Dev-Mobile (B02B49B5-BB20-44E9-A304-32B752E40360): 2
LogDevObjectVersion:   Dev-Networking (A4E4105C-59A1-49B5-A7C5-40C4547EDFEE): 0
LogDevObjectVersion:   Dev-Online (39C831C9-5AE6-47DC-9A44-9C173E1C8E7C): 0
LogDevObjectVersion:   Dev-Physics (78F01B33-EBEA-4F98-B9B4-84EACCB95AA2): 0
LogDevObjectVersion:   Dev-Platform (6631380F-2D4D-43E0-8009-CF276956A95A): 0
LogDevObjectVersion:   Dev-Rendering (12F88B9F-8875-4AFC-A67C-D90C383ABD29): 26
LogDevObjectVersion:   Dev-Sequencer (7B5AE74C-D270-4C10-A958-57980B212A5A): 9
LogDevObjectVersion:   Dev-VR (D7296918-1DD6-4BDD-9DE2-64A83CC13884): 2
LogDevObjectVersion:   Dev-LoadTimes (C2A15278-BFE7-4AFE-6C17-90FF531DF755): 1
LogDevObjectVersion:   Private-Geometry (6EACA3D4-40EC-4CC1-B786-8BED09428FC5): 3
LogDevObjectVersion:   Dev-AnimPhys (29E575DD-E0A3-4627-9D10-D276232CDCEA): 17
LogDevObjectVersion:   Dev-ReflectionCapture (6B266CEC-1EC7-4B8F-A30B-E4D90942FC07): 1
LogDevObjectVersion:   Dev-Automation (0DF73D61-A23F-47EA-B727-89E90C41499A): 1
LogDevObjectVersion:   FortniteMain (601D1886-AC64-4F84-AA16-D3DE0DEAC7D6): 12
LogDevObjectVersion:   Dev-Enterprise (9DFFBCD6-494F-0158-E221-12823C92A888): 1
LogStreaming: Display: Took  0.004s to delete old logs.
LogInit: Presizing for max 8388607 objects, including 0 objects not considered by GC, pre-allocating 0 bytes for permanent pool.
LogInit: Object subsystem initialized
[2021.02.01-13.41.26:816][  0]LogInit: Selected Device Profile: [Windows]
[2021.02.01-13.41.26:816][  0]LogInit: Applying CVar settings loaded from the selected device profile: [Windows]
[2021.02.01-13.41.26:823][  0]LogHAL: Display: Platform has ~ 8 GB [8458031104 / 8589934592 / 8], which maps to Default [LargestMinGB=32, LargerMinGB=12, DefaultMinGB=8, SmallerMinGB=6, SmallestMinGB=0)
[2021.02.01-13.41.26:823][  0]LogInit: Setting Device Profile CVar: [[r.Vulkan.UseRealUBs:1]]
[2021.02.01-13.41.26:823][  0]LogInit: Going up to parent DeviceProfile []
[2021.02.01-13.41.26:824][  0]LogInit: Computer: DESKTOP-L4EJC2M
[2021.02.01-13.41.26:824][  0]LogInit: User: niech
[2021.02.01-13.41.26:824][  0]LogInit: CPU Page size=4096, Cores=4
[2021.02.01-13.41.26:824][  0]LogInit: High frequency timer resolution =10.000000 MHz
[2021.02.01-13.41.26:824][  0]LogMemory: Memory total: Physical=7.9GB (8GB approx)
[2021.02.01-13.41.26:824][  0]LogMemory: Platform Memory Stats for Windows
[2021.02.01-13.41.26:824][  0]LogMemory: Process Physical Memory: 101.06 MB used, 101.06 MB peak
[2021.02.01-13.41.26:824][  0]LogMemory: Process Virtual Memory: 91.17 MB used, 91.18 MB peak
[2021.02.01-13.41.26:824][  0]LogMemory: Physical Memory: 6414.23 MB used,  1651.98 MB free, 8066.21 MB total
[2021.02.01-13.41.26:824][  0]LogMemory: Virtual Memory: 4614.73 MB used,  1651.98 MB free, 134217728.00 MB total
[2021.02.01-13.41.26:844][  0]LogInit: Using OS detected language (pl-PL).
[2021.02.01-13.41.26:844][  0]LogInit: Using OS detected locale (pl-PL).
[2021.02.01-13.41.26:845][  0]LogTextLocalizationManager: No specific localization for 'pl-PL' exists, so the 'pl' localization will be used.
[2021.02.01-13.41.26:847][  0]LogStreaming: Display: Took  0.003s to InitEngineTextLocalization.
[2021.02.01-13.41.26:847][  0]LogInit: Setting process to per monitor DPI aware
[2021.02.01-13.41.26:892][  0]LogSlate: New Slate User Created.  User Index 0, Is Virtual User: 0
[2021.02.01-13.41.26:892][  0]LogSlate: Slate User Registered.  User Index 0, Is Virtual User: 0
[2021.02.01-13.41.27:186][  0]LogHMD: Failed to initialize OpenVR with code 110
[2021.02.01-13.41.27:186][  0]LogD3D11RHI: D3D11 adapters:
[2021.02.01-13.41.27:270][  0]LogD3D11RHI:    0. 'NVIDIA GeForce GTX 1050' (Feature Level 11_0)
[2021.02.01-13.41.27:270][  0]LogD3D11RHI:       4021/0/4033 MB DedicatedVideo/DedicatedSystem/SharedSystem, Outputs:1, VendorId:0x10de
[2021.02.01-13.41.27:293][  0]LogD3D11RHI:    1. 'Intel(R) UHD Graphics 630' (Feature Level 11_0)
[2021.02.01-13.41.27:293][  0]LogD3D11RHI:       128/0/4033 MB DedicatedVideo/DedicatedSystem/SharedSystem, Outputs:0, VendorId:0x8086
[2021.02.01-13.41.27:295][  0]LogD3D11RHI:    2. 'Microsoft Basic Render Driver' (Feature Level 11_0)
[2021.02.01-13.41.27:295][  0]LogD3D11RHI:       0/0/4033 MB DedicatedVideo/DedicatedSystem/SharedSystem, Outputs:0, VendorId:0x1414
[2021.02.01-13.41.27:295][  0]LogD3D11RHI: Chosen D3D11 Adapter: 0
[2021.02.01-13.41.27:340][  0]LogD3D11RHI: Creating new Direct3DDevice
[2021.02.01-13.41.27:340][  0]LogD3D11RHI:     GPU DeviceId: 0x1c8d (for the marketing name, search the web for "GPU Device Id")
[2021.02.01-13.41.27:340][  0]LogWindows: EnumDisplayDevices:
[2021.02.01-13.41.27:340][  0]LogWindows:    0. 'Intel(R) UHD Graphics 630' (P:1 D:1)
[2021.02.01-13.41.27:341][  0]LogWindows:    1. 'Intel(R) UHD Graphics 630' (P:0 D:0)
[2021.02.01-13.41.27:341][  0]LogWindows:    2. 'Intel(R) UHD Graphics 630' (P:0 D:0)
[2021.02.01-13.41.27:341][  0]LogWindows: DebugString: PrimaryIsNotTheChoosenAdapter PrimaryIsNotTheChoosenAdapter PrimaryIsNotTheChoosenAdapter FoundDriverCount:0 
[2021.02.01-13.41.27:341][  0]LogD3D11RHI:     Adapter Name: NVIDIA GeForce GTX 1050
[2021.02.01-13.41.27:341][  0]LogD3D11RHI:   Driver Version: Unknown (internal:Unknown, unified:Unknown)
[2021.02.01-13.41.27:342][  0]LogD3D11RHI:      Driver Date: Unknown
[2021.02.01-13.41.27:342][  0]LogRHI: Texture pool is 2814 MB (70% of 4021 MB)
[2021.02.01-13.41.27:398][  0]LogD3D11RHI: Async texture creation enabled
[2021.02.01-13.41.27:408][  0]LogD3D11RHI: GPU Timing Frequency: 1000.000000 (Debug: 2 1)
[2021.02.01-13.41.27:409][  0]LogShaderCompilers: Guid format shader working directory is -18 characters bigger than the processId version (../../../../../../UnrealEngine/BallRunnerIB/BallRunnerIgaBudnik/Intermediate/Shaders/WorkingDirectory/18876/).
[2021.02.01-13.41.27:410][  0]LogShaderCompilers: Cleaned the shader compiler working directory 'C:/Users/niech/AppData/Local/Temp/UnrealShaderWorkingDir/AB94D870482B9C85B8AAF7AEAA060B69/'.
[2021.02.01-13.41.27:702][  0]LogTemp: Display: Loaded TP AllDesktopTargetPlatform
[2021.02.01-13.41.27:714][  0]LogTemp: Display: Loaded TP MacClientTargetPlatform
[2021.02.01-13.41.27:727][  0]LogTemp: Display: Loaded TP MacNoEditorTargetPlatform
[2021.02.01-13.41.27:739][  0]LogTemp: Display: Loaded TP MacServerTargetPlatform
[2021.02.01-13.41.27:752][  0]LogTemp: Display: Loaded TP MacTargetPlatform
[2021.02.01-13.41.27:765][  0]LogTemp: Display: Loaded TP WindowsClientTargetPlatform
[2021.02.01-13.41.27:777][  0]LogTemp: Display: Loaded TP WindowsNoEditorTargetPlatform
[2021.02.01-13.41.27:790][  0]LogTemp: Display: Loaded TP WindowsServerTargetPlatform
[2021.02.01-13.41.27:796][  0]LogTemp: Display: Loaded TP WindowsTargetPlatform
[2021.02.01-13.41.27:873][  0]LogTemp: Display: Loaded TP AndroidTargetPlatform
[2021.02.01-13.41.27:873][  0]LogTemp: Display: Loaded TP AndroidTargetPlatform
[2021.02.01-13.41.27:873][  0]LogTemp: Display: Loaded TP AndroidTargetPlatform
[2021.02.01-13.41.27:873][  0]LogTemp: Display: Loaded TP AndroidTargetPlatform
[2021.02.01-13.41.27:873][  0]LogTemp: Display: Loaded TP AndroidTargetPlatform
[2021.02.01-13.41.27:873][  0]LogTemp: Display: Loaded TP AndroidTargetPlatform
[2021.02.01-13.41.27:873][  0]LogTemp: Display: Loaded TP AndroidTargetPlatform
[2021.02.01-13.41.27:873][  0]LogTemp: Display: Loaded TP AndroidTargetPlatform
[2021.02.01-13.41.27:873][  0]LogTemp: Display: Loaded TP AndroidTargetPlatform
[2021.02.01-13.41.27:873][  0]LogTemp: Display: Loaded TP AndroidTargetPlatform
[2021.02.01-13.41.27:873][  0]LogTemp: Display: Loaded TP AndroidTargetPlatform
[2021.02.01-13.41.27:873][  0]LogTemp: Display: Loaded TP AndroidTargetPlatform
[2021.02.01-13.41.27:873][  0]LogTemp: Display: Loaded TP AndroidTargetPlatform
[2021.02.01-13.41.27:873][  0]LogTemp: Display: Loaded TP AndroidTargetPlatform
[2021.02.01-13.41.27:873][  0]LogTemp: Display: Loaded TP AndroidTargetPlatform
[2021.02.01-13.41.27:873][  0]LogTemp: Display: Loaded TP AndroidTargetPlatform
[2021.02.01-13.41.27:874][  0]LogTemp: Display: Loaded TP AndroidTargetPlatform
[2021.02.01-13.41.27:874][  0]LogTemp: Display: Loaded TP AndroidTargetPlatform
[2021.02.01-13.41.27:875][  0]LogTemp: Display: Loaded TP HTML5TargetPlatform
[2021.02.01-13.41.27:936][  0]LogTemp: Display: Loaded TP IOSTargetPlatform
[2021.02.01-13.41.27:936][  0]LogTemp: Display: Loaded TP IOSTargetPlatform
[2021.02.01-13.41.27:961][  0]LogTemp: Display: Loaded TP TVOSTargetPlatform
[2021.02.01-13.41.27:961][  0]LogTemp: Display: Loaded TP TVOSTargetPlatform
[2021.02.01-13.41.27:974][  0]LogTemp: Display: Loaded TP LinuxClientTargetPlatform
[2021.02.01-13.41.27:986][  0]LogTemp: Display: Loaded TP LinuxNoEditorTargetPlatform
[2021.02.01-13.41.27:998][  0]LogTemp: Display: Loaded TP LinuxServerTargetPlatform
[2021.02.01-13.41.28:010][  0]LogTemp: Display: Loaded TP LinuxTargetPlatform
[2021.02.01-13.41.28:020][  0]LogTemp: Display: Loaded TP LuminTargetPlatform
[2021.02.01-13.41.28:020][  0]LogTargetPlatformManager: Display: Building Assets For Windows
[2021.02.01-13.41.28:077][  0]LogXGEController: Cannot use XGE Controller as Incredibuild is not installed on this machine.
[2021.02.01-13.41.28:077][  0]LogShaderCompilers: Cannot use XGE Shader Compiler as Incredibuild is not installed on this machine.
[2021.02.01-13.41.28:077][  0]LogShaderCompilers: Display: Using Local Shader Compiler.
[2021.02.01-13.41.28:864][  0]LogDerivedDataCache: Display: Max Cache Size: 512 MB
[2021.02.01-13.41.28:912][  0]LogDerivedDataCache: Loaded boot cache 0.05s 71MB C:/Users/niech/AppData/Local/UnrealEngine/4.20/DerivedDataCache/Boot.ddc.
[2021.02.01-13.41.28:912][  0]LogDerivedDataCache: Display: Loaded Boot cache: C:/Users/niech/AppData/Local/UnrealEngine/4.20/DerivedDataCache/Boot.ddc
[2021.02.01-13.41.28:912][  0]LogDerivedDataCache: FDerivedDataBackendGraph:  Pak pak cache file ../../../../../../UnrealEngine/BallRunnerIB/BallRunnerIgaBudnik/DerivedDataCache/DDC.ddp not found, will not use a pak cache.
[2021.02.01-13.41.28:912][  0]LogDerivedDataCache: Unable to find inner node Pak for hierarchical cache Hierarchy.
[2021.02.01-13.41.28:912][  0]LogDerivedDataCache: FDerivedDataBackendGraph:  CompressedPak pak cache file ../../../../../../UnrealEngine/BallRunnerIB/BallRunnerIgaBudnik/DerivedDataCache/Compressed.ddp not found, will not use a pak cache.
[2021.02.01-13.41.28:912][  0]LogDerivedDataCache: Unable to find inner node CompressedPak for hierarchical cache Hierarchy.
[2021.02.01-13.41.28:925][  0]LogDerivedDataCache: Display: Pak cache opened for reading ../../../Engine/DerivedDataCache/Compressed.ddp.
[2021.02.01-13.41.28:938][  0]LogDerivedDataCache: Using Local data cache path C:/Users/niech/AppData/Local/UnrealEngine/Common/DerivedDataCache: Writable
[2021.02.01-13.41.28:938][  0]LogDerivedDataCache: Shared data cache path not found in *engine.ini, will not use an Shared cache.
[2021.02.01-13.41.28:938][  0]LogDerivedDataCache: Unable to find inner node Shared for hierarchical cache Hierarchy.
[2021.02.01-13.41.28:953][  0]LogMaterial: Verifying Global Shaders for PCD3D_SM5
[2021.02.01-13.41.28:954][  0]LogSlate: Using FreeType 2.6.0
[2021.02.01-13.41.28:955][  0]LogSlate: SlateFontServices - WITH_FREETYPE: 1, WITH_HARFBUZZ: 1
[2021.02.01-13.41.29:030][  0]LogAssetRegistry: FAssetRegistry took 0.0258 seconds to start up
[2021.02.01-13.41.29:326][  0]LogInit: Selected Device Profile: [Windows]
[2021.02.01-13.41.29:446][  0]LogSimplygon: Simplygon DLL not present - disabling.
[2021.02.01-13.41.29:449][  0]LogMeshReduction: Using SimplygonSwarm for distributed automatic mesh merging
[2021.02.01-13.41.29:449][  0]LogMeshReduction: Using ProxyLODMeshReduction for automatic mesh merging
[2021.02.01-13.41.29:449][  0]LogMeshReduction: Using QuadricMeshReduction for automatic static mesh reduction
[2021.02.01-13.41.29:449][  0]LogMeshReduction: No automatic skeletal mesh reduction module available
[2021.02.01-13.41.29:466][  0]LogNetVersion: BallRunnerIgaBudnik 1.0.0, NetCL: 4212847, EngineNetVer: 5, GameNetVer: 0 (Checksum: 3316388854)
[2021.02.01-13.41.29:927][  0]LogPackageLocalizationCache: Processed 11 localized package path(s) for 2 prioritized culture(s) in 0.084468 seconds
[2021.02.01-13.41.29:932][  0]LogUObjectArray: 38425 objects as part of root set at end of initial load.
[2021.02.01-13.41.29:932][  0]LogUObjectAllocator: 6690872 out of 0 bytes used by permanent object pool.
[2021.02.01-13.41.29:932][  0]LogUObjectArray: CloseDisregardForGC: 0/0 objects in disregard for GC pool
[2021.02.01-13.41.30:763][  0]LogTcpMessaging: Initializing TcpMessaging bridge
[2021.02.01-13.41.30:776][  0]LogUdpMessaging: Initializing bridge on interface 0.0.0.0:0 to multicast group 230.0.0.1:6666.
[2021.02.01-13.41.30:912][  0]SourceControl: Source control is disabled
[2021.02.01-13.41.30:912][  0]SourceControl: Source control is disabled
[2021.02.01-13.41.30:913][  0]SourceControl: Source control is disabled
[2021.02.01-13.41.30:914][  0]SourceControl: Source control is disabled
[2021.02.01-13.41.31:073][  0]LogAndroidPermission: UAndroidPermissionCallbackProxy::GetInstance
[2021.02.01-13.41.31:137][  0]LogOcInput: OculusInput pre-init called
[2021.02.01-13.41.31:196][  0]LogEngine: Initializing Engine...
[2021.02.01-13.41.31:197][  0]LogHMD: Failed to initialize OpenVR with code 110
[2021.02.01-13.41.31:198][  0]LogStats: UGameplayTagsManager::ConstructGameplayTagTree: ImportINI prefixes -  0.000 s
[2021.02.01-13.41.31:198][  0]LogStats: UGameplayTagsManager::ConstructGameplayTagTree: Construct from data asset -  0.000 s
[2021.02.01-13.41.31:198][  0]LogStats: UGameplayTagsManager::ConstructGameplayTagTree: ImportINI -  0.000 s
[2021.02.01-13.41.31:198][  0]LogStats: UGameplayTagsManager::ConstructGameplayTagTree: GameplayTagTreeChangedEvent.Broadcast -  0.000 s
[2021.02.01-13.41.31:383][  0]LogInit: Initializing FReadOnlyCVARCache
[2021.02.01-13.41.31:397][  0]LogAIModule: Creating AISystem for world Untitled
[2021.02.01-13.41.31:421][  0]LogInit: XAudio2 using 'Głośniki (Realtek(R) Audio)' : 2 channels at 48 kHz using 32 bits per sample (channel mask 0x3)
[2021.02.01-13.41.32:988][  0]LogInit: FAudioDevice initialized.
[2021.02.01-13.41.32:988][  0]LogNetVersion: Set ProjectVersion to 1.0.0.0. Version Checksum will be recalculated on next use.
[2021.02.01-13.41.33:081][  0]LogDerivedDataCache: Saved boot cache 0.09s 71MB C:/Users/niech/AppData/Local/UnrealEngine/4.20/DerivedDataCache/Boot.ddc.
[2021.02.01-13.41.33:084][  0]LogInit: Texture streaming: Enabled
[2021.02.01-13.41.33:101][  0]LogEngineSessionManager: EngineSessionManager initialized
[2021.02.01-13.41.33:113][  0]LogInit: Transaction tracking system initialized
[2021.02.01-13.41.33:132][  0]BlueprintLog: New page: Editor Load
[2021.02.01-13.41.33:198][  0]LocalizationService: Localization service is disabled
[2021.02.01-13.41.33:448][  0]LogCook: Display: Max memory allowance for cook 16384mb min free memory 0mb
[2021.02.01-13.41.33:448][  0]LogCook: Display: Mobile HDR setting 1
[2021.02.01-13.41.33:448][  0]LogGameplayTags: Display: UGameplayTagsManager::DoneAddingNativeTags. DelegateIsBound: 0
[2021.02.01-13.41.33:448][  0]LogStats: UGameplayTagsManager::ConstructGameplayTagTree: ImportINI prefixes -  0.000 s
[2021.02.01-13.41.33:448][  0]LogStats: UGameplayTagsManager::ConstructGameplayTagTree: Construct from data asset -  0.000 s
[2021.02.01-13.41.33:448][  0]LogStats: UGameplayTagsManager::ConstructGameplayTagTree: ImportINI -  0.000 s
[2021.02.01-13.41.33:448][  0]LogStats: UGameplayTagsManager::ConstructGameplayTagTree: GameplayTagTreeChangedEvent.Broadcast -  0.000 s
[2021.02.01-13.41.33:564][  0]LogFileCache: Scanning file cache for directory 'C:/UnrealEngine/BallRunnerIB/BallRunnerIgaBudnik/Content/' took 0.02s
[2021.02.01-13.41.33:564][  0]SourceControl: Source control is disabled
[2021.02.01-13.41.33:564][  0]Cmd: MAP LOAD FILE="../../../../../../UnrealEngine/BallRunnerIB/BallRunnerIgaBudnik/Content/Levels/Main.umap" TEMPLATE=0 SHOWPROGRESS=1 FEATURELEVEL=3
[2021.02.01-13.41.33:565][  0]LightingResults: New page: Lighting Build
[2021.02.01-13.41.33:567][  0]MapCheck: New page: Map Check
[2021.02.01-13.41.33:567][  0]LightingResults: New page: Lighting Build
[2021.02.01-13.41.33:708][  0]LogAIModule: Creating AISystem for world Main
[2021.02.01-13.41.33:721][  0]LogEditorServer: Finished looking for orphan Actors (0.000 secs)
[2021.02.01-13.41.33:740][  0]Cmd: MAP CHECKDEP NOCLEARLOG
[2021.02.01-13.41.33:830][  0]MapCheck: Map check complete: 0 Error(s), 0 Warning(s), took 90,868ms to complete.
[2021.02.01-13.41.33:830][  0]LogFileHelpers: Loading map 'Main' took 0.266
[2021.02.01-13.41.33:963][  0]LogSlate: Updating window title bar state: overlay mode, drag disabled, window buttons hidden, title bar hidden
[2021.02.01-13.41.33:970][  0]LogSlate: Updating window title bar state: overlay mode, drag disabled, window buttons hidden, title bar hidden
[2021.02.01-13.41.33:977][  0]LogSlate: Updating window title bar state: overlay mode, drag disabled, window buttons hidden, title bar hidden
[2021.02.01-13.41.33:983][  0]LogSlate: Updating window title bar state: overlay mode, drag disabled, window buttons hidden, title bar hidden
[2021.02.01-13.41.33:992][  0]LogCollectionManager: Loaded 0 collections in 0.002196 seconds
[2021.02.01-13.41.34:035][  0]LogFileCache: Scanning file cache for directory 'C:/UnrealEngine/BallRunnerIB/BallRunnerIgaBudnik/Saved/Collections/' took 0.01s
[2021.02.01-13.41.34:035][  0]LogFileCache: Scanning file cache for directory 'C:/UnrealEngine/BallRunnerIB/BallRunnerIgaBudnik/Content/Developers/niech/Collections/' took 0.01s
[2021.02.01-13.41.34:035][  0]LogFileCache: Scanning file cache for directory 'C:/UnrealEngine/BallRunnerIB/BallRunnerIgaBudnik/Content/Collections/' took 0.01s
[2021.02.01-13.41.34:035][  0]LogCollectionManager: Rebuilt the GUID cache for 0 collections in 0.000000 seconds
[2021.02.01-13.41.34:043][  0]LogContentBrowser: Native class hierarchy populated in 0.0086 seconds. Added 2572 classes and 603 folders.
[2021.02.01-13.41.34:051][  0]LogContentBrowser: Native class hierarchy updated for 'WidgetCarousel' in 0.0002 seconds. Added 0 classes and 0 folders.
[2021.02.01-13.41.34:196][  0]LogContentBrowser: Native class hierarchy updated for 'AddContentDialog' in 0.0003 seconds. Added 0 classes and 0 folders.
[2021.02.01-13.41.34:208][  0]LogContentBrowser: Native class hierarchy updated for 'SceneOutliner' in 0.0002 seconds. Added 1 classes and 2 folders.
[2021.02.01-13.41.34:265][  0]LogSlate: Took 0.000259 seconds to synchronously load lazily loaded font '../../../Engine/Content/Slate/Fonts/Roboto-Regular.ttf' (155K)
[2021.02.01-13.41.34:267][  0]LogSlate: Took 0.000281 seconds to synchronously load lazily loaded font '../../../Engine/Content/Slate/Fonts/Roboto-Bold.ttf' (160K)
[2021.02.01-13.41.34:274][  0]LogSlate: Took 0.001669 seconds to synchronously load lazily loaded font '../../../Engine/Content/Editor/Slate/Fonts/FontAwesome.ttf' (139K)
[2021.02.01-13.41.34:352][  0]LogRenderer: Reallocating scene render targets to support 896x500 Format 10 NumSamples 1 (Frame:1).
[2021.02.01-13.41.34:522][  0]LogContentBrowser: Native class hierarchy updated for 'HierarchicalLODOutliner' in 0.0002 seconds. Added 0 classes and 0 folders.
[2021.02.01-13.41.34:522][  0]LogLoad: (Engine Initialization) Total time: 9.58 seconds
[2021.02.01-13.41.34:522][  0]LogLoad: (Engine Initialization) Total Blueprint compile time: 0.00 seconds
[2021.02.01-13.41.34:563][  0]LogContentStreaming: Texture pool size now 1000 MB
[2021.02.01-13.41.34:584][  0]LogSlate: Took 0.002011 seconds to synchronously load lazily loaded font '../../../Engine/Content/Slate/Fonts/Roboto-Light.ttf' (167K)
[2021.02.01-13.41.34:608][  1]LogAssetRegistry: Asset discovery search completed in 5.6013 seconds
[2021.02.01-13.41.34:610][  1]LogCollectionManager: Rebuilt the object cache for 0 collections in 0.000000 seconds (found 0 objects)
[2021.02.01-13.41.34:610][  1]LogCollectionManager: Fixed up redirectors for 0 collections in 0.000071 seconds (updated 0 objects)
[2021.02.01-13.41.35:548][ 50]LogSlate: Took 0.000261 seconds to synchronously load lazily loaded font '../../../Engine/Content/Slate/Fonts/Roboto-Light.ttf' (167K)
[2021.02.01-13.44.02:348][857]LogSlate: FSceneViewport::OnFocusLost() reason 0
[2021.02.01-13.44.02:483][863]LogAssetEditorManager: Opening Asset editor for Blueprint /Game/Blueprints/BallBP.BallBP
[2021.02.01-13.44.03:283][863]LogContentBrowser: Native class hierarchy updated for 'BlueprintGraph' in 0.0009 seconds. Added 116 classes and 0 folders.
[2021.02.01-13.44.04:333][863]LogAssetEditorManager: Opening Asset editor for Blueprint /Game/Blueprints/GameModeBP.GameModeBP
[2021.02.01-13.44.07:276][  2]LogSlate: Took 0.000365 seconds to synchronously load lazily loaded font '../../../Engine/Content/Slate/Fonts/Roboto-BoldCondensed.ttf' (158K)
[2021.02.01-13.44.09:771][139]LogSlate: Window 'BallBP' being destroyed
[2021.02.01-13.44.10:613][189]LogSlate: Took 0.004215 seconds to synchronously load lazily loaded font '../../../Engine/Content/Slate/Fonts/Roboto-Italic.ttf' (157K)
[2021.02.01-14.37.16:200][882]LogSlate: FSceneViewport::OnFocusLost() reason 0
[2021.02.01-14.37.23:012][225]LogSlate: Only BGRA pngs, bmps or icos are supported in by External Image Picker
[2021.02.01-14.37.23:109][225]LogTemp: Executing iPhonePackager certificates Engine -bundlename com.YourCompany.BallRunnerIgaBudnik
[2021.02.01-14.37.23:109][225]LogTemp: CWD: C:\Program Files\Epic Games\UE_4.20\Engine\Binaries\DotNET\IOS
[2021.02.01-14.37.23:109][225]LogTemp: Initial Dir: C:\Program Files\Epic Games\UE_4.20
[2021.02.01-14.37.23:109][225]LogTemp: Env CWD: C:\Program Files\Epic Games\UE_4.20\Engine\Binaries\DotNET\IOS
[2021.02.01-14.37.23:113][225]LogTemp: BranchPath = DESKTOP-L4EJC2M/C/Program Files/Epic Games/UE_4.20/Engine/Binaries --- GameBranchPath = DESKTOP-L4EJC2M/C/Program Files/Epic Games/UE_4.20/Engine/Binaries
[2021.02.01-14.37.23:138][226]LogTemp: IPP ERROR: Could not find provision directory 'C:\Users\niech\AppData\Local/Apple Computer/MobileDevice/Provisioning Profiles/'.
[2021.02.01-14.41.03:501][403]LogSlate: Window 'Project Settings' being destroyed
[2021.02.01-14.41.03:509][403]LogSlate: Window 'Project Settings' being destroyed
[2021.02.01-14.41.04:464][455]LogTemp: Repeating last play command: Selected Viewport
[2021.02.01-14.41.04:493][455]LogBlueprintUserMessages: Early PlayInEditor Detection: Level '/Game/Levels/Main.Main:PersistentLevel' has LevelScriptBlueprint '/Game/Levels/Main.Main:PersistentLevel.Main' with GeneratedClass '/Game/Levels/Main.Main_C' with ClassGeneratedBy '/Game/Levels/Main.Main:PersistentLevel.Main'
[2021.02.01-14.41.04:495][455]LogPlayLevel: PlayLevel: No blueprints needed recompiling
[2021.02.01-14.41.04:526][455]PIE: New page: PIE session: Main (1 lut 2021, 16:41:04)
[2021.02.01-14.41.04:526][455]LogPlayLevel: Creating play world package: /Game/Levels/UEDPIE_0_Main
[2021.02.01-14.41.04:545][455]LogPlayLevel: PIE: StaticDuplicateObject took: (0.018621s)
[2021.02.01-14.41.04:546][455]LogAIModule: Creating AISystem for world Main
[2021.02.01-14.41.04:547][455]LogPlayLevel: PIE: World Init took: (0.001452s)
[2021.02.01-14.41.04:547][455]LogPlayLevel: PIE: Created PIE world by copying editor world from /Game/Levels/Main.Main to /Game/Levels/UEDPIE_0_Main.Main (0.020733s)
[2021.02.01-14.41.04:605][455]LogInit: XAudio2 using 'Głośniki (Realtek(R) Audio)' : 2 channels at 48 kHz using 32 bits per sample (channel mask 0x3)
[2021.02.01-14.41.04:640][455]LogInit: FAudioDevice initialized.
[2021.02.01-14.41.04:693][455]LogLoad: Game class is 'GameModeBP_C'
[2021.02.01-14.41.04:711][455]LogWorld: Bringing World /Game/Levels/UEDPIE_0_Main.Main up for play (max tick rate 60) at 2021.02.01-15.41.04
[2021.02.01-14.41.04:714][455]LogWorld: Bringing up level for play took: 0.005642
[2021.02.01-14.41.04:758][455]LogContentBrowser: Native class hierarchy updated for 'MovieSceneCapture' in 0.0004 seconds. Added 10 classes and 0 folders.
[2021.02.01-14.41.04:766][455]PIE: Play in editor start time for /Game/Levels/UEDPIE_0_Main 0,699
[2021.02.01-14.41.04:766][455]LogBlueprintUserMessages: Late PlayInEditor Detection: Level '/Game/Levels/Main.Main:PersistentLevel' has LevelScriptBlueprint '/Game/Levels/Main.Main:PersistentLevel.Main' with GeneratedClass '/Game/Levels/Main.Main_C' with ClassGeneratedBy '/Game/Levels/Main.Main:PersistentLevel.Main'
[2021.02.01-14.41.07:165][592]LogBlueprintUserMessages: Early EndPlayMap Detection: Level '/Game/Levels/Main.Main:PersistentLevel' has LevelScriptBlueprint '/Game/Levels/Main.Main:PersistentLevel.Main' with GeneratedClass '/Game/Levels/Main.Main_C' with ClassGeneratedBy '/Game/Levels/Main.Main:PersistentLevel.Main'
[2021.02.01-14.41.07:166][592]LogSlate: Updating window title bar state: overlay mode, drag disabled, window buttons hidden, title bar hidden
[2021.02.01-14.41.07:208][592]LogPlayLevel: Display: Shutting down PIE online subsystems
[2021.02.01-14.41.07:209][592]LogBlueprintUserMessages: Late EndPlayMap Detection: Level '/Game/Levels/Main.Main:PersistentLevel' has LevelScriptBlueprint '/Game/Levels/Main.Main:PersistentLevel.Main' with GeneratedClass '/Game/Levels/Main.Main_C' with ClassGeneratedBy '/Game/Levels/Main.Main:PersistentLevel.Main'
[2021.02.01-14.41.07:269][592]LogSlate: Updating window title bar state: overlay mode, drag disabled, window buttons hidden, title bar hidden
[2021.02.01-14.41.07:323][593]LogPlayLevel: Display: Destroying online subsystem :Context_6
[2021.02.01-14.41.08:522][660]LogSlate: FSceneViewport::OnFocusLost() reason 2
[2021.02.01-14.41.09:300][706]LogSlate: FSceneViewport::OnFocusLost() reason 2
[2021.02.01-14.41.10:499][706]LogSlate: Only BGRA pngs, bmps or icos are supported in by External Image Picker
[2021.02.01-14.41.10:694][710]LogTemp: Executing iPhonePackager certificates Engine -bundlename com.YourCompany.BallRunnerIgaBudnik
[2021.02.01-14.41.10:694][710]LogTemp: CWD: C:\Program Files\Epic Games\UE_4.20\Engine\Binaries\DotNET\IOS
[2021.02.01-14.41.10:694][710]LogTemp: Initial Dir: C:\Program Files\Epic Games\UE_4.20
[2021.02.01-14.41.10:694][710]LogTemp: Env CWD: C:\Program Files\Epic Games\UE_4.20\Engine\Binaries\DotNET\IOS
[2021.02.01-14.41.10:694][710]LogTemp: BranchPath = DESKTOP-L4EJC2M/C/Program Files/Epic Games/UE_4.20/Engine/Binaries --- GameBranchPath = DESKTOP-L4EJC2M/C/Program Files/Epic Games/UE_4.20/Engine/Binaries
[2021.02.01-14.41.10:733][711]LogTemp: IPP ERROR: Could not find provision directory 'C:\Users\niech\AppData\Local/Apple Computer/MobileDevice/Provisioning Profiles/'.
[2021.02.01-14.41.33:952][ 92]LogSlate: Window 'Project Settings' being destroyed
[2021.02.01-14.41.34:669][135]LogSlate: FSceneViewport::OnFocusLost() reason 0
[2021.02.01-14.48.35:551][318]LogFileHelpers: Editor autosave (incl. sublevels) for '/Game/Levels/Main' took 0.022
[2021.02.01-14.48.35:556][318]OBJ SavePackage: Generating thumbnails for [1] asset(s) in package [/Game/Blueprints/BallBP] ([1] browsable assets)...
[2021.02.01-14.48.35:581][318]OBJ SavePackage:     Rendered thumbnail for [Blueprint /Game/Blueprints/BallBP.BallBP]
[2021.02.01-14.48.35:581][318]OBJ SavePackage: Finished generating thumbnails for package [/Game/Blueprints/BallBP]
[2021.02.01-14.48.35:614][318]LogSavePackage: Moving '../../../../../../UnrealEngine/BallRunnerIB/BallRunnerIgaBudnik/Saved/BallBP_Auto132913F724927D619E85D2F8E82A2F447.tmp' to '../../../../../../UnrealEngine/BallRunnerIB/BallRunnerIgaBudnik/Saved/Autosaves/Game/Blueprints/BallBP_Auto1.uasset'
[2021.02.01-14.48.35:616][318]LogFileHelpers: Auto-saving content packages took 0.063
[2021.02.01-14.50.59:156][496]LogRenderer: Reallocating scene render targets to support 912x688 Format 10 NumSamples 1 (Frame:1).
[2021.02.01-14.50.59:687][527]LogSlate: Window 'Project Settings' being destroyed
[2021.02.01-14.58.35:839][ 14]LogFileHelpers: Editor autosave (incl. sublevels) for '/Game/Levels/Main' took 0.025
[2021.02.01-14.58.35:842][ 14]OBJ SavePackage: Generating thumbnails for [0] asset(s) in package [/Game/Blueprints/BallBP] ([1] browsable assets)...
[2021.02.01-14.58.35:842][ 14]OBJ SavePackage: Finished generating thumbnails for package [/Game/Blueprints/BallBP]
[2021.02.01-14.58.35:855][ 14]LogSavePackage: Moving '../../../../../../UnrealEngine/BallRunnerIB/BallRunnerIgaBudnik/Saved/BallBP_Auto24F47296C43D17ED7A7BC16BBE2B11032.tmp' to '../../../../../../UnrealEngine/BallRunnerIB/BallRunnerIgaBudnik/Saved/Autosaves/Game/Blueprints/BallBP_Auto2.uasset'
[2021.02.01-14.58.35:856][ 14]LogFileHelpers: Auto-saving content packages took 0.016
[2021.02.01-15.02.47:362][442]LogEditorTransaction: Undo Create Pin Link
[2021.02.01-15.07.05:499][918]LogTemp: Repeating last play command: Selected Viewport
[2021.02.01-15.07.05:512][918]LogBlueprintUserMessages: Early PlayInEditor Detection: Level '/Game/Levels/Main.Main:PersistentLevel' has LevelScriptBlueprint '/Game/Levels/Main.Main:PersistentLevel.Main' with GeneratedClass '/Game/Levels/Main.Main_C' with ClassGeneratedBy '/Game/Levels/Main.Main:PersistentLevel.Main'
[2021.02.01-15.07.05:512][918]BlueprintLog: New page: Pre-Play auto-recompile
[2021.02.01-15.07.05:514][918]LogPlayLevel: [PlayLevel] Compiling BallBP before play...
[2021.02.01-15.07.05:687][918]LogPlayLevel: PlayLevel: Blueprint regeneration took 174 ms (1 blueprints)
[2021.02.01-15.07.05:687][918]PIE: New page: PIE session: Main (1 lut 2021, 17:07:05)
[2021.02.01-15.07.05:687][918]LogPlayLevel: Creating play world package: /Game/Levels/UEDPIE_0_Main
[2021.02.01-15.07.05:693][918]LogPlayLevel: PIE: StaticDuplicateObject took: (0.005486s)
[2021.02.01-15.07.05:693][918]LogAIModule: Creating AISystem for world Main
[2021.02.01-15.07.05:693][918]LogPlayLevel: PIE: World Init took: (0.000661s)
[2021.02.01-15.07.05:694][918]LogPlayLevel: PIE: Created PIE world by copying editor world from /Game/Levels/Main.Main to /Game/Levels/UEDPIE_0_Main.Main (0.006353s)
[2021.02.01-15.07.05:721][918]LogInit: XAudio2 using 'Głośniki (Realtek(R) Audio)' : 2 channels at 48 kHz using 32 bits per sample (channel mask 0x3)
[2021.02.01-15.07.05:742][918]LogInit: FAudioDevice initialized.
[2021.02.01-15.07.05:776][918]LogLoad: Game class is 'GameModeBP_C'
[2021.02.01-15.07.05:779][918]LogWorld: Bringing World /Game/Levels/UEDPIE_0_Main.Main up for play (max tick rate 60) at 2021.02.01-16.07.05
[2021.02.01-15.07.05:779][918]LogWorld: Bringing up level for play took: 0.001500
[2021.02.01-15.07.05:792][918]PIE: Play in editor start time for /Game/Levels/UEDPIE_0_Main -0,275
[2021.02.01-15.07.05:792][918]LogBlueprintUserMessages: Late PlayInEditor Detection: Level '/Game/Levels/Main.Main:PersistentLevel' has LevelScriptBlueprint '/Game/Levels/Main.Main:PersistentLevel.Main' with GeneratedClass '/Game/Levels/Main.Main_C' with ClassGeneratedBy '/Game/Levels/Main.Main:PersistentLevel.Main'
[2021.02.01-15.07.08:392][ 69]LogBlueprintUserMessages: Early EndPlayMap Detection: Level '/Game/Levels/Main.Main:PersistentLevel' has LevelScriptBlueprint '/Game/Levels/Main.Main:PersistentLevel.Main' with GeneratedClass '/Game/Levels/Main.Main_C' with ClassGeneratedBy '/Game/Levels/Main.Main:PersistentLevel.Main'
[2021.02.01-15.07.08:393][ 69]LogSlate: Updating window title bar state: overlay mode, drag disabled, window buttons hidden, title bar hidden
[2021.02.01-15.07.08:425][ 69]LogPlayLevel: Display: Shutting down PIE online subsystems
[2021.02.01-15.07.08:425][ 69]LogBlueprintUserMessages: Late EndPlayMap Detection: Level '/Game/Levels/Main.Main:PersistentLevel' has LevelScriptBlueprint '/Game/Levels/Main.Main:PersistentLevel.Main' with GeneratedClass '/Game/Levels/Main.Main_C' with ClassGeneratedBy '/Game/Levels/Main.Main:PersistentLevel.Main'
[2021.02.01-15.07.08:448][ 69]LogSlate: Updating window title bar state: overlay mode, drag disabled, window buttons hidden, title bar hidden
[2021.02.01-15.07.08:500][ 72]LogPlayLevel: Display: Destroying online subsystem :Context_8
[2021.02.01-15.07.09:367][124]LogSlate: FSceneViewport::OnFocusLost() reason 0
[2021.02.01-15.08.59:845][730]LogTemp: Repeating last play command: Selected Viewport
[2021.02.01-15.08.59:857][730]LogBlueprintUserMessages: Early PlayInEditor Detection: Level '/Game/Levels/Main.Main:PersistentLevel' has LevelScriptBlueprint '/Game/Levels/Main.Main:PersistentLevel.Main' with GeneratedClass '/Game/Levels/Main.Main_C' with ClassGeneratedBy '/Game/Levels/Main.Main:PersistentLevel.Main'
[2021.02.01-15.08.59:857][730]BlueprintLog: New page: Pre-Play auto-recompile
[2021.02.01-15.08.59:860][730]LogPlayLevel: [PlayLevel] Compiling BallBP before play...
[2021.02.01-15.08.59:973][730]LogPlayLevel: PlayLevel: Blueprint regeneration took 115 ms (1 blueprints)
[2021.02.01-15.08.59:973][730]PIE: New page: PIE session: Main (1 lut 2021, 17:08:59)
[2021.02.01-15.08.59:974][730]LogPlayLevel: Creating play world package: /Game/Levels/UEDPIE_0_Main
[2021.02.01-15.08.59:979][730]LogPlayLevel: PIE: StaticDuplicateObject took: (0.005067s)
[2021.02.01-15.08.59:979][730]LogAIModule: Creating AISystem for world Main
[2021.02.01-15.08.59:979][730]LogPlayLevel: PIE: World Init took: (0.000663s)
[2021.02.01-15.08.59:980][730]LogPlayLevel: PIE: Created PIE world by copying editor world from /Game/Levels/Main.Main to /Game/Levels/UEDPIE_0_Main.Main (0.005925s)
[2021.02.01-15.09.00:007][730]LogInit: XAudio2 using 'Głośniki (Realtek(R) Audio)' : 2 channels at 48 kHz using 32 bits per sample (channel mask 0x3)
[2021.02.01-15.09.00:026][730]LogInit: FAudioDevice initialized.
[2021.02.01-15.09.00:056][730]LogLoad: Game class is 'GameModeBP_C'
[2021.02.01-15.09.00:058][730]LogWorld: Bringing World /Game/Levels/UEDPIE_0_Main.Main up for play (max tick rate 60) at 2021.02.01-16.09.00
[2021.02.01-15.09.00:058][730]LogWorld: Bringing up level for play took: 0.001269
[2021.02.01-15.09.00:071][730]PIE: Play in editor start time for /Game/Levels/UEDPIE_0_Main 0,004
[2021.02.01-15.09.00:071][730]LogBlueprintUserMessages: Late PlayInEditor Detection: Level '/Game/Levels/Main.Main:PersistentLevel' has LevelScriptBlueprint '/Game/Levels/Main.Main:PersistentLevel.Main' with GeneratedClass '/Game/Levels/Main.Main_C' with ClassGeneratedBy '/Game/Levels/Main.Main:PersistentLevel.Main'
[2021.02.01-15.09.03:308][918]LogBlueprintUserMessages: Early EndPlayMap Detection: Level '/Game/Levels/Main.Main:PersistentLevel' has LevelScriptBlueprint '/Game/Levels/Main.Main:PersistentLevel.Main' with GeneratedClass '/Game/Levels/Main.Main_C' with ClassGeneratedBy '/Game/Levels/Main.Main:PersistentLevel.Main'
[2021.02.01-15.09.03:308][918]LogSlate: Updating window title bar state: overlay mode, drag disabled, window buttons hidden, title bar hidden
[2021.02.01-15.09.03:347][918]LogPlayLevel: Display: Shutting down PIE online subsystems
[2021.02.01-15.09.03:348][918]LogBlueprintUserMessages: Late EndPlayMap Detection: Level '/Game/Levels/Main.Main:PersistentLevel' has LevelScriptBlueprint '/Game/Levels/Main.Main:PersistentLevel.Main' with GeneratedClass '/Game/Levels/Main.Main_C' with ClassGeneratedBy '/Game/Levels/Main.Main:PersistentLevel.Main'
[2021.02.01-15.09.03:370][918]LogSlate: Updating window title bar state: overlay mode, drag disabled, window buttons hidden, title bar hidden
[2021.02.01-15.09.03:421][921]LogPlayLevel: Display: Destroying online subsystem :Context_9
[2021.02.01-15.09.04:206][968]LogSlate: FSceneViewport::OnFocusLost() reason 0
[2021.02.01-15.09.27:296][353]LogTemp: Repeating last play command: Selected Viewport
[2021.02.01-15.09.27:307][353]LogBlueprintUserMessages: Early PlayInEditor Detection: Level '/Game/Levels/Main.Main:PersistentLevel' has LevelScriptBlueprint '/Game/Levels/Main.Main:PersistentLevel.Main' with GeneratedClass '/Game/Levels/Main.Main_C' with ClassGeneratedBy '/Game/Levels/Main.Main:PersistentLevel.Main'
[2021.02.01-15.09.27:307][353]BlueprintLog: New page: Pre-Play auto-recompile
[2021.02.01-15.09.27:310][353]LogPlayLevel: [PlayLevel] Compiling BallBP before play...
[2021.02.01-15.09.27:428][353]LogPlayLevel: PlayLevel: Blueprint regeneration took 121 ms (1 blueprints)
[2021.02.01-15.09.27:429][353]PIE: New page: PIE session: Main (1 lut 2021, 17:09:27)
[2021.02.01-15.09.27:429][353]LogPlayLevel: Creating play world package: /Game/Levels/UEDPIE_0_Main
[2021.02.01-15.09.27:434][353]LogPlayLevel: PIE: StaticDuplicateObject took: (0.005010s)
[2021.02.01-15.09.27:434][353]LogAIModule: Creating AISystem for world Main
[2021.02.01-15.09.27:434][353]LogPlayLevel: PIE: World Init took: (0.000611s)
[2021.02.01-15.09.27:435][353]LogPlayLevel: PIE: Created PIE world by copying editor world from /Game/Levels/Main.Main to /Game/Levels/UEDPIE_0_Main.Main (0.005809s)
[2021.02.01-15.09.27:463][353]LogInit: XAudio2 using 'Głośniki (Realtek(R) Audio)' : 2 channels at 48 kHz using 32 bits per sample (channel mask 0x3)
[2021.02.01-15.09.27:480][353]LogInit: FAudioDevice initialized.
[2021.02.01-15.09.27:508][353]LogLoad: Game class is 'GameModeBP_C'
[2021.02.01-15.09.27:510][353]LogWorld: Bringing World /Game/Levels/UEDPIE_0_Main.Main up for play (max tick rate 60) at 2021.02.01-16.09.27
[2021.02.01-15.09.27:511][353]LogWorld: Bringing up level for play took: 0.001348
[2021.02.01-15.09.27:523][353]PIE: Play in editor start time for /Game/Levels/UEDPIE_0_Main -0,544
[2021.02.01-15.09.27:523][353]LogBlueprintUserMessages: Late PlayInEditor Detection: Level '/Game/Levels/Main.Main:PersistentLevel' has LevelScriptBlueprint '/Game/Levels/Main.Main:PersistentLevel.Main' with GeneratedClass '/Game/Levels/Main.Main_C' with ClassGeneratedBy '/Game/Levels/Main.Main:PersistentLevel.Main'
[2021.02.01-15.09.32:735][659]LogBlueprintUserMessages: Early EndPlayMap Detection: Level '/Game/Levels/Main.Main:PersistentLevel' has LevelScriptBlueprint '/Game/Levels/Main.Main:PersistentLevel.Main' with GeneratedClass '/Game/Levels/Main.Main_C' with ClassGeneratedBy '/Game/Levels/Main.Main:PersistentLevel.Main'
[2021.02.01-15.09.32:735][659]LogSlate: Updating window title bar state: overlay mode, drag disabled, window buttons hidden, title bar hidden
[2021.02.01-15.09.32:771][659]LogPlayLevel: Display: Shutting down PIE online subsystems
[2021.02.01-15.09.32:771][659]LogBlueprintUserMessages: Late EndPlayMap Detection: Level '/Game/Levels/Main.Main:PersistentLevel' has LevelScriptBlueprint '/Game/Levels/Main.Main:PersistentLevel.Main' with GeneratedClass '/Game/Levels/Main.Main_C' with ClassGeneratedBy '/Game/Levels/Main.Main:PersistentLevel.Main'
[2021.02.01-15.09.32:796][659]LogSlate: Updating window title bar state: overlay mode, drag disabled, window buttons hidden, title bar hidden
[2021.02.01-15.09.32:846][662]LogPlayLevel: Display: Destroying online subsystem :Context_10
[2021.02.01-15.09.33:647][710]LogSlate: FSceneViewport::OnFocusLost() reason 0
[2021.02.01-15.09.42:314][230]Cmd: TRANSACTION UNDO
[2021.02.01-15.09.42:314][230]LogEditorTransaction: Undo Change Number Pin Value
[2021.02.01-15.09.42:543][243]Cmd: TRANSACTION UNDO
[2021.02.01-15.09.42:543][243]LogEditorTransaction: Undo Create Pin Link
[2021.02.01-15.09.43:460][298]Cmd: TRANSACTION UNDO
[2021.02.01-15.09.43:460][298]LogEditorTransaction: Undo Change Number Pin Value
[2021.02.01-15.10.29:538][ 56]LogFileHelpers: Editor autosave (incl. sublevels) for '/Game/Levels/Main' took 0.038
[2021.02.01-15.10.29:542][ 56]OBJ SavePackage: Generating thumbnails for [1] asset(s) in package [/Game/Blueprints/BallBP] ([1] browsable assets)...
[2021.02.01-15.10.29:559][ 56]OBJ SavePackage:     Rendered thumbnail for [Blueprint /Game/Blueprints/BallBP.BallBP]
[2021.02.01-15.10.29:559][ 56]OBJ SavePackage: Finished generating thumbnails for package [/Game/Blueprints/BallBP]
[2021.02.01-15.10.29:600][ 56]LogSavePackage: Moving '../../../../../../UnrealEngine/BallRunnerIB/BallRunnerIgaBudnik/Saved/BallBP_Auto33742CE5F4EFD4A0AAB3B10A9DB2B90C1.tmp' to '../../../../../../UnrealEngine/BallRunnerIB/BallRunnerIgaBudnik/Saved/Autosaves/Game/Blueprints/BallBP_Auto3.uasset'
[2021.02.01-15.10.29:602][ 56]LogFileHelpers: Auto-saving content packages took 0.062
[2021.02.01-15.10.36:321][451]LogTemp: Repeating last play command: Selected Viewport
[2021.02.01-15.10.36:339][451]LogBlueprintUserMessages: Early PlayInEditor Detection: Level '/Game/Levels/Main.Main:PersistentLevel' has LevelScriptBlueprint '/Game/Levels/Main.Main:PersistentLevel.Main' with GeneratedClass '/Game/Levels/Main.Main_C' with ClassGeneratedBy '/Game/Levels/Main.Main:PersistentLevel.Main'
[2021.02.01-15.10.36:339][451]BlueprintLog: New page: Pre-Play auto-recompile
[2021.02.01-15.10.36:343][451]LogPlayLevel: [PlayLevel] Compiling BallBP before play...
[2021.02.01-15.10.36:533][451]LogPlayLevel: PlayLevel: Blueprint regeneration took 193 ms (1 blueprints)
[2021.02.01-15.10.36:533][451]PIE: New page: PIE session: Main (1 lut 2021, 17:10:36)
[2021.02.01-15.10.36:533][451]LogPlayLevel: Creating play world package: /Game/Levels/UEDPIE_0_Main
[2021.02.01-15.10.36:542][451]LogPlayLevel: PIE: StaticDuplicateObject took: (0.008591s)
[2021.02.01-15.10.36:543][451]LogAIModule: Creating AISystem for world Main
[2021.02.01-15.10.36:543][451]LogPlayLevel: PIE: World Init took: (0.001021s)
[2021.02.01-15.10.36:543][451]LogPlayLevel: PIE: Created PIE world by copying editor world from /Game/Levels/Main.Main to /Game/Levels/UEDPIE_0_Main.Main (0.009859s)
[2021.02.01-15.10.36:582][451]LogInit: XAudio2 using 'Głośniki (Realtek(R) Audio)' : 2 channels at 48 kHz using 32 bits per sample (channel mask 0x3)
[2021.02.01-15.10.36:620][451]LogInit: FAudioDevice initialized.
[2021.02.01-15.10.36:653][451]LogLoad: Game class is 'GameModeBP_C'
[2021.02.01-15.10.36:656][451]LogWorld: Bringing World /Game/Levels/UEDPIE_0_Main.Main up for play (max tick rate 60) at 2021.02.01-16.10.36
[2021.02.01-15.10.36:657][451]LogWorld: Bringing up level for play took: 0.002135
[2021.02.01-15.10.36:671][451]PIE: Play in editor start time for /Game/Levels/UEDPIE_0_Main 0,603
[2021.02.01-15.10.36:671][451]LogBlueprintUserMessages: Late PlayInEditor Detection: Level '/Game/Levels/Main.Main:PersistentLevel' has LevelScriptBlueprint '/Game/Levels/Main.Main:PersistentLevel.Main' with GeneratedClass '/Game/Levels/Main.Main_C' with ClassGeneratedBy '/Game/Levels/Main.Main:PersistentLevel.Main'
[2021.02.01-15.10.53:337][448]LogBlueprintUserMessages: Early EndPlayMap Detection: Level '/Game/Levels/Main.Main:PersistentLevel' has LevelScriptBlueprint '/Game/Levels/Main.Main:PersistentLevel.Main' with GeneratedClass '/Game/Levels/Main.Main_C' with ClassGeneratedBy '/Game/Levels/Main.Main:PersistentLevel.Main'
[2021.02.01-15.10.53:338][448]LogSlate: Updating window title bar state: overlay mode, drag disabled, window buttons hidden, title bar hidden
[2021.02.01-15.10.53:375][448]LogPlayLevel: Display: Shutting down PIE online subsystems
[2021.02.01-15.10.53:375][448]LogBlueprintUserMessages: Late EndPlayMap Detection: Level '/Game/Levels/Main.Main:PersistentLevel' has LevelScriptBlueprint '/Game/Levels/Main.Main:PersistentLevel.Main' with GeneratedClass '/Game/Levels/Main.Main_C' with ClassGeneratedBy '/Game/Levels/Main.Main:PersistentLevel.Main'
[2021.02.01-15.10.53:413][448]LogSlate: Updating window title bar state: overlay mode, drag disabled, window buttons hidden, title bar hidden
[2021.02.01-15.10.53:466][449]LogPlayLevel: Display: Destroying online subsystem :Context_11
[2021.02.01-15.10.54:472][504]LogSlate: FSceneViewport::OnFocusLost() reason 0
[2021.02.01-15.11.06:963][244]LogTemp: Repeating last play command: Selected Viewport
[2021.02.01-15.11.06:981][244]LogBlueprintUserMessages: Early PlayInEditor Detection: Level '/Game/Levels/Main.Main:PersistentLevel' has LevelScriptBlueprint '/Game/Levels/Main.Main:PersistentLevel.Main' with GeneratedClass '/Game/Levels/Main.Main_C' with ClassGeneratedBy '/Game/Levels/Main.Main:PersistentLevel.Main'
[2021.02.01-15.11.06:981][244]BlueprintLog: New page: Pre-Play auto-recompile
[2021.02.01-15.11.06:984][244]LogPlayLevel: [PlayLevel] Compiling BallBP before play...
[2021.02.01-15.11.07:176][244]LogPlayLevel: PlayLevel: Blueprint regeneration took 195 ms (1 blueprints)
[2021.02.01-15.11.07:176][244]PIE: New page: PIE session: Main (1 lut 2021, 17:11:07)
[2021.02.01-15.11.07:176][244]LogPlayLevel: Creating play world package: /Game/Levels/UEDPIE_0_Main
[2021.02.01-15.11.07:185][244]LogPlayLevel: PIE: StaticDuplicateObject took: (0.008373s)
[2021.02.01-15.11.07:186][244]LogAIModule: Creating AISystem for world Main
[2021.02.01-15.11.07:186][244]LogPlayLevel: PIE: World Init took: (0.000873s)
[2021.02.01-15.11.07:186][244]LogPlayLevel: PIE: Created PIE world by copying editor world from /Game/Levels/Main.Main to /Game/Levels/UEDPIE_0_Main.Main (0.009479s)
[2021.02.01-15.11.07:230][244]LogInit: XAudio2 using 'Głośniki (Realtek(R) Audio)' : 2 channels at 48 kHz using 32 bits per sample (channel mask 0x3)
[2021.02.01-15.11.07:259][244]LogInit: FAudioDevice initialized.
[2021.02.01-15.11.07:290][244]LogLoad: Game class is 'GameModeBP_C'
[2021.02.01-15.11.07:293][244]LogWorld: Bringing World /Game/Levels/UEDPIE_0_Main.Main up for play (max tick rate 60) at 2021.02.01-16.11.07
[2021.02.01-15.11.07:295][244]LogWorld: Bringing up level for play took: 0.002039
[2021.02.01-15.11.07:307][244]PIE: Play in editor start time for /Game/Levels/UEDPIE_0_Main 1,24
[2021.02.01-15.11.07:308][244]LogBlueprintUserMessages: Late PlayInEditor Detection: Level '/Game/Levels/Main.Main:PersistentLevel' has LevelScriptBlueprint '/Game/Levels/Main.Main:PersistentLevel.Main' with GeneratedClass '/Game/Levels/Main.Main_C' with ClassGeneratedBy '/Game/Levels/Main.Main:PersistentLevel.Main'
[2021.02.01-15.11.11:962][515]LogBlueprintUserMessages: Early EndPlayMap Detection: Level '/Game/Levels/Main.Main:PersistentLevel' has LevelScriptBlueprint '/Game/Levels/Main.Main:PersistentLevel.Main' with GeneratedClass '/Game/Levels/Main.Main_C' with ClassGeneratedBy '/Game/Levels/Main.Main:PersistentLevel.Main'
[2021.02.01-15.11.11:963][515]LogSlate: Updating window title bar state: overlay mode, drag disabled, window buttons hidden, title bar hidden
[2021.02.01-15.11.12:004][515]LogPlayLevel: Display: Shutting down PIE online subsystems
[2021.02.01-15.11.12:004][515]LogBlueprintUserMessages: Late EndPlayMap Detection: Level '/Game/Levels/Main.Main:PersistentLevel' has LevelScriptBlueprint '/Game/Levels/Main.Main:PersistentLevel.Main' with GeneratedClass '/Game/Levels/Main.Main_C' with ClassGeneratedBy '/Game/Levels/Main.Main:PersistentLevel.Main'
[2021.02.01-15.11.12:044][515]LogSlate: Updating window title bar state: overlay mode, drag disabled, window buttons hidden, title bar hidden
[2021.02.01-15.11.12:100][516]LogPlayLevel: Display: Destroying online subsystem :Context_12
[2021.02.01-15.11.12:689][548]LogSlate: FSceneViewport::OnFocusLost() reason 0
[2021.02.01-15.11.20:860][ 36]LogTemp: Repeating last play command: Selected Viewport
[2021.02.01-15.11.20:877][ 36]LogBlueprintUserMessages: Early PlayInEditor Detection: Level '/Game/Levels/Main.Main:PersistentLevel' has LevelScriptBlueprint '/Game/Levels/Main.Main:PersistentLevel.Main' with GeneratedClass '/Game/Levels/Main.Main_C' with ClassGeneratedBy '/Game/Levels/Main.Main:PersistentLevel.Main'
[2021.02.01-15.11.20:877][ 36]LogPlayLevel: PlayLevel: No blueprints needed recompiling
[2021.02.01-15.11.20:878][ 36]PIE: New page: PIE session: Main (1 lut 2021, 17:11:20)
[2021.02.01-15.11.20:878][ 36]LogPlayLevel: Creating play world package: /Game/Levels/UEDPIE_0_Main
[2021.02.01-15.11.20:886][ 36]LogPlayLevel: PIE: StaticDuplicateObject took: (0.008443s)
[2021.02.01-15.11.20:887][ 36]LogAIModule: Creating AISystem for world Main
[2021.02.01-15.11.20:887][ 36]LogPlayLevel: PIE: World Init took: (0.000871s)
[2021.02.01-15.11.20:887][ 36]LogPlayLevel: PIE: Created PIE world by copying editor world from /Game/Levels/Main.Main to /Game/Levels/UEDPIE_0_Main.Main (0.009564s)
[2021.02.01-15.11.20:932][ 36]LogInit: XAudio2 using 'Głośniki (Realtek(R) Audio)' : 2 channels at 48 kHz using 32 bits per sample (channel mask 0x3)
[2021.02.01-15.11.20:960][ 36]LogInit: FAudioDevice initialized.
[2021.02.01-15.11.20:996][ 36]LogLoad: Game class is 'GameModeBP_C'
[2021.02.01-15.11.21:000][ 36]LogWorld: Bringing World /Game/Levels/UEDPIE_0_Main.Main up for play (max tick rate 60) at 2021.02.01-16.11.21
[2021.02.01-15.11.21:000][ 36]LogWorld: Bringing up level for play took: 0.002161
[2021.02.01-15.11.21:013][ 36]PIE: Play in editor start time for /Game/Levels/UEDPIE_0_Main 0,946
[2021.02.01-15.11.21:014][ 36]LogBlueprintUserMessages: Late PlayInEditor Detection: Level '/Game/Levels/Main.Main:PersistentLevel' has LevelScriptBlueprint '/Game/Levels/Main.Main:PersistentLevel.Main' with GeneratedClass '/Game/Levels/Main.Main_C' with ClassGeneratedBy '/Game/Levels/Main.Main:PersistentLevel.Main'
[2021.02.01-15.11.25:651][314]LogBlueprintUserMessages: Early EndPlayMap Detection: Level '/Game/Levels/Main.Main:PersistentLevel' has LevelScriptBlueprint '/Game/Levels/Main.Main:PersistentLevel.Main' with GeneratedClass '/Game/Levels/Main.Main_C' with ClassGeneratedBy '/Game/Levels/Main.Main:PersistentLevel.Main'
[2021.02.01-15.11.25:651][314]LogSlate: Updating window title bar state: overlay mode, drag disabled, window buttons hidden, title bar hidden
[2021.02.01-15.11.25:686][314]LogPlayLevel: Display: Shutting down PIE online subsystems
[2021.02.01-15.11.25:686][314]LogBlueprintUserMessages: Late EndPlayMap Detection: Level '/Game/Levels/Main.Main:PersistentLevel' has LevelScriptBlueprint '/Game/Levels/Main.Main:PersistentLevel.Main' with GeneratedClass '/Game/Levels/Main.Main_C' with ClassGeneratedBy '/Game/Levels/Main.Main:PersistentLevel.Main'
[2021.02.01-15.11.25:725][314]LogSlate: Updating window title bar state: overlay mode, drag disabled, window buttons hidden, title bar hidden
[2021.02.01-15.11.25:777][315]LogPlayLevel: Display: Destroying online subsystem :Context_13
[2021.02.01-15.11.26:429][350]LogSlate: FSceneViewport::OnFocusLost() reason 0
[2021.02.01-15.11.59:663][335]LogSelectionDetails: Warning: NavigateToFunctionSource:  Unable to find symbols for 'UKismetMathLibrary::Multiply_FloatFloat' [Nie można odnaleźć elementu.]
[2021.02.01-15.12.13:131][143]LogTemp: Repeating last play command: Selected Viewport
[2021.02.01-15.12.13:143][143]LogBlueprintUserMessages: Early PlayInEditor Detection: Level '/Game/Levels/Main.Main:PersistentLevel' has LevelScriptBlueprint '/Game/Levels/Main.Main:PersistentLevel.Main' with GeneratedClass '/Game/Levels/Main.Main_C' with ClassGeneratedBy '/Game/Levels/Main.Main:PersistentLevel.Main'
[2021.02.01-15.12.13:144][143]BlueprintLog: New page: Pre-Play auto-recompile
[2021.02.01-15.12.13:146][143]LogPlayLevel: [PlayLevel] Compiling BallBP before play...
[2021.02.01-15.12.13:262][143]LogPlayLevel: PlayLevel: Blueprint regeneration took 119 ms (1 blueprints)
[2021.02.01-15.12.13:263][143]PIE: New page: PIE session: Main (1 lut 2021, 17:12:13)
[2021.02.01-15.12.13:263][143]LogPlayLevel: Creating play world package: /Game/Levels/UEDPIE_0_Main
[2021.02.01-15.12.13:268][143]LogPlayLevel: PIE: StaticDuplicateObject took: (0.005236s)
[2021.02.01-15.12.13:268][143]LogAIModule: Creating AISystem for world Main
[2021.02.01-15.12.13:269][143]LogPlayLevel: PIE: World Init took: (0.000593s)
[2021.02.01-15.12.13:269][143]LogPlayLevel: PIE: Created PIE world by copying editor world from /Game/Levels/Main.Main to /Game/Levels/UEDPIE_0_Main.Main (0.005994s)
[2021.02.01-15.12.13:294][143]LogInit: XAudio2 using 'Głośniki (Realtek(R) Audio)' : 2 channels at 48 kHz using 32 bits per sample (channel mask 0x3)
[2021.02.01-15.12.13:313][143]LogInit: FAudioDevice initialized.
[2021.02.01-15.12.13:347][143]LogLoad: Game class is 'GameModeBP_C'
[2021.02.01-15.12.13:349][143]LogWorld: Bringing World /Game/Levels/UEDPIE_0_Main.Main up for play (max tick rate 60) at 2021.02.01-16.12.13
[2021.02.01-15.12.13:349][143]LogWorld: Bringing up level for play took: 0.001265
[2021.02.01-15.12.13:362][143]PIE: Play in editor start time for /Game/Levels/UEDPIE_0_Main -0,705
[2021.02.01-15.12.13:362][143]LogBlueprintUserMessages: Late PlayInEditor Detection: Level '/Game/Levels/Main.Main:PersistentLevel' has LevelScriptBlueprint '/Game/Levels/Main.Main:PersistentLevel.Main' with GeneratedClass '/Game/Levels/Main.Main_C' with ClassGeneratedBy '/Game/Levels/Main.Main:PersistentLevel.Main'
[2021.02.01-15.12.30:189][145]LogBlueprintUserMessages: Early EndPlayMap Detection: Level '/Game/Levels/Main.Main:PersistentLevel' has LevelScriptBlueprint '/Game/Levels/Main.Main:PersistentLevel.Main' with GeneratedClass '/Game/Levels/Main.Main_C' with ClassGeneratedBy '/Game/Levels/Main.Main:PersistentLevel.Main'
[2021.02.01-15.12.30:189][145]LogSlate: Updating window title bar state: overlay mode, drag disabled, window buttons hidden, title bar hidden
[2021.02.01-15.12.30:228][145]LogPlayLevel: Display: Shutting down PIE online subsystems
[2021.02.01-15.12.30:228][145]LogBlueprintUserMessages: Late EndPlayMap Detection: Level '/Game/Levels/Main.Main:PersistentLevel' has LevelScriptBlueprint '/Game/Levels/Main.Main:PersistentLevel.Main' with GeneratedClass '/Game/Levels/Main.Main_C' with ClassGeneratedBy '/Game/Levels/Main.Main:PersistentLevel.Main'
[2021.02.01-15.12.30:267][145]LogSlate: Updating window title bar state: overlay mode, drag disabled, window buttons hidden, title bar hidden
[2021.02.01-15.12.30:323][146]LogPlayLevel: Display: Destroying online subsystem :Context_14
[2021.02.01-15.12.31:402][207]LogSlate: FSceneViewport::OnFocusLost() reason 0
[2021.02.01-15.13.36:864][131]Cmd: TRANSACTION UNDO
[2021.02.01-15.13.36:864][131]LogEditorTransaction: Undo Change Number Pin Value
[2021.02.01-15.13.37:199][150]Cmd: TRANSACTION UNDO
[2021.02.01-15.13.37:199][150]LogEditorTransaction: Undo Change Number Pin Value
[2021.02.01-15.13.48:122][804]LogTemp: Repeating last play command: Selected Viewport
[2021.02.01-15.13.48:136][804]LogBlueprintUserMessages: Early PlayInEditor Detection: Level '/Game/Levels/Main.Main:PersistentLevel' has LevelScriptBlueprint '/Game/Levels/Main.Main:PersistentLevel.Main' with GeneratedClass '/Game/Levels/Main.Main_C' with ClassGeneratedBy '/Game/Levels/Main.Main:PersistentLevel.Main'
[2021.02.01-15.13.48:136][804]BlueprintLog: New page: Pre-Play auto-recompile
[2021.02.01-15.13.48:138][804]LogPlayLevel: [PlayLevel] Compiling BallBP before play...
[2021.02.01-15.13.48:264][804]LogPlayLevel: PlayLevel: Blueprint regeneration took 127 ms (1 blueprints)
[2021.02.01-15.13.48:264][804]PIE: New page: PIE session: Main (1 lut 2021, 17:13:48)
[2021.02.01-15.13.48:264][804]LogPlayLevel: Creating play world package: /Game/Levels/UEDPIE_0_Main
[2021.02.01-15.13.48:270][804]LogPlayLevel: PIE: StaticDuplicateObject took: (0.005500s)
[2021.02.01-15.13.48:271][804]LogAIModule: Creating AISystem for world Main
[2021.02.01-15.13.48:271][804]LogPlayLevel: PIE: World Init took: (0.000766s)
[2021.02.01-15.13.48:271][804]LogPlayLevel: PIE: Created PIE world by copying editor world from /Game/Levels/Main.Main to /Game/Levels/UEDPIE_0_Main.Main (0.006524s)
[2021.02.01-15.13.48:297][804]LogInit: XAudio2 using 'Głośniki (Realtek(R) Audio)' : 2 channels at 48 kHz using 32 bits per sample (channel mask 0x3)
[2021.02.01-15.13.48:315][804]LogInit: FAudioDevice initialized.
[2021.02.01-15.13.48:347][804]LogLoad: Game class is 'GameModeBP_C'
[2021.02.01-15.13.48:349][804]LogWorld: Bringing World /Game/Levels/UEDPIE_0_Main.Main up for play (max tick rate 60) at 2021.02.01-16.13.48
[2021.02.01-15.13.48:349][804]LogWorld: Bringing up level for play took: 0.001308
[2021.02.01-15.13.48:363][804]PIE: Play in editor start time for /Game/Levels/UEDPIE_0_Main 0,296
[2021.02.01-15.13.48:363][804]LogBlueprintUserMessages: Late PlayInEditor Detection: Level '/Game/Levels/Main.Main:PersistentLevel' has LevelScriptBlueprint '/Game/Levels/Main.Main:PersistentLevel.Main' with GeneratedClass '/Game/Levels/Main.Main_C' with ClassGeneratedBy '/Game/Levels/Main.Main:PersistentLevel.Main'
[2021.02.01-15.13.55:389][219]LogBlueprintUserMessages: Early EndPlayMap Detection: Level '/Game/Levels/Main.Main:PersistentLevel' has LevelScriptBlueprint '/Game/Levels/Main.Main:PersistentLevel.Main' with GeneratedClass '/Game/Levels/Main.Main_C' with ClassGeneratedBy '/Game/Levels/Main.Main:PersistentLevel.Main'
[2021.02.01-15.13.55:390][219]LogSlate: Updating window title bar state: overlay mode, drag disabled, window buttons hidden, title bar hidden
[2021.02.01-15.13.55:423][219]LogPlayLevel: Display: Shutting down PIE online subsystems
[2021.02.01-15.13.55:423][219]LogBlueprintUserMessages: Late EndPlayMap Detection: Level '/Game/Levels/Main.Main:PersistentLevel' has LevelScriptBlueprint '/Game/Levels/Main.Main:PersistentLevel.Main' with GeneratedClass '/Game/Levels/Main.Main_C' with ClassGeneratedBy '/Game/Levels/Main.Main:PersistentLevel.Main'
[2021.02.01-15.13.55:448][219]LogSlate: Updating window title bar state: overlay mode, drag disabled, window buttons hidden, title bar hidden
[2021.02.01-15.13.55:498][222]LogPlayLevel: Display: Destroying online subsystem :Context_15
[2021.02.01-15.13.56:266][268]LogSlate: FSceneViewport::OnFocusLost() reason 0
[2021.02.01-15.17.03:972][337]Cmd: OBJ SAVEPACKAGE PACKAGE="/Game/Blueprints/BallBP" FILE="../../../../../../UnrealEngine/BallRunnerIB/BallRunnerIgaBudnik/Content/Blueprints/BallBP.uasset" SILENT=true
[2021.02.01-15.17.03:999][337]LogSavePackage: Moving '../../../../../../UnrealEngine/BallRunnerIB/BallRunnerIgaBudnik/Saved/BallBP86779AE34998661005A4D69BC037B9A5.tmp' to '../../../../../../UnrealEngine/BallRunnerIB/BallRunnerIgaBudnik/Content/Blueprints/BallBP.uasset'
[2021.02.01-15.17.09:744][677]LogActorComponent: UnregisterComponent: (/Engine/Transient.EditorFloorComp) Not registered. Aborting.
[2021.02.01-15.17.09:816][677]LogSlate: Window 'BallRunnerIgaBudnik - Unreal Editor' being destroyed
[2021.02.01-15.17.09:819][677]LogWindowsTextInputMethodSystem: Display: IME system now deactivated.
[2021.02.01-15.17.10:073][678]Cmd: QUIT_EDITOR
[2021.02.01-15.17.10:703][678]LogExit: Preparing to exit.
[2021.02.01-15.17.11:844][678]LogExit: Editor shut down
[2021.02.01-15.17.11:845][678]LogExit: Transaction tracking system shut down
[2021.02.01-15.17.12:564][678]LogExit: Object subsystem successfully closed.
[2021.02.01-15.17.12:600][678]LogShaderCompilers: Display: Shaders left to compile 0
[2021.02.01-15.17.12:606][678]LogD3D11RHI: Shutdown
[2021.02.01-15.17.12:606][678]LogD3D11RHI: CleanupD3DDevice
[2021.02.01-15.17.12:612][678]LogD3D11RHI: ~FD3D11DynamicRHI
[2021.02.01-15.17.12:696][678]LogModuleManager: Shutting down and abandoning module MovieSceneCapture (618)
[2021.02.01-15.17.12:696][678]LogModuleManager: Shutting down and abandoning module Voice (616)
[2021.02.01-15.17.12:697][678]LogModuleManager: Shutting down and abandoning module ExternalImagePicker (614)
[2021.02.01-15.17.12:697][678]LogModuleManager: Shutting down and abandoning module BlueprintGraph (612)
[2021.02.01-15.17.12:697][678]LogModuleManager: Shutting down and abandoning module HierarchicalLODOutliner (610)
[2021.02.01-15.17.12:697][678]LogModuleManager: Shutting down and abandoning module SceneOutliner (608)
[2021.02.01-15.17.12:697][678]LogModuleManager: Shutting down and abandoning module AddContentDialog (606)
[2021.02.01-15.17.12:701][678]LogModuleManager: Shutting down and abandoning module WidgetCarousel (605)
[2021.02.01-15.17.12:701][678]LogModuleManager: Shutting down and abandoning module EditorWidgets (602)
[2021.02.01-15.17.12:701][678]LogModuleManager: Shutting down and abandoning module CollectionManager (600)
[2021.02.01-15.17.12:703][678]LogModuleManager: Shutting down and abandoning module StatsViewer (598)
[2021.02.01-15.17.12:704][678]LogModuleManager: Shutting down and abandoning module FoliageEdit (596)
[2021.02.01-15.17.12:704][678]LogModuleManager: Shutting down and abandoning module LandscapeEditor (594)
[2021.02.01-15.17.12:706][678]LogModuleManager: Shutting down and abandoning module MeshPaintMode (592)
[2021.02.01-15.17.12:707][678]LogModuleManager: Shutting down and abandoning module SceneDepthPickerMode (590)
[2021.02.01-15.17.12:707][678]LogModuleManager: Shutting down and abandoning module ActorPickerMode (588)
[2021.02.01-15.17.12:707][678]LogModuleManager: Shutting down and abandoning module GeometryMode (586)
[2021.02.01-15.17.12:707][678]LogModuleManager: Shutting down and abandoning module TextureAlignMode (584)
[2021.02.01-15.17.12:707][678]LogModuleManager: Shutting down and abandoning module BspMode (582)
[2021.02.01-15.17.12:707][678]LogModuleManager: Shutting down and abandoning module PIEPreviewDeviceProfileSelector (580)
[2021.02.01-15.17.12:708][678]LogModuleManager: Shutting down and abandoning module SequenceRecorderSections (578)
[2021.02.01-15.17.12:709][678]LogModuleManager: Shutting down and abandoning module AutomationWorker (576)
[2021.02.01-15.17.12:709][678]LogModuleManager: Shutting down and abandoning module AudioCaptureEditor (574)
[2021.02.01-15.17.12:709][678]LogModuleManager: Shutting down and abandoning module SequenceRecorder (573)
[2021.02.01-15.17.12:710][678]LogModuleManager: Shutting down and abandoning module MatineeToLevelSequence (570)
[2021.02.01-15.17.12:711][678]LogModuleManager: Shutting down and abandoning module LevelSequenceEditor (568)
[2021.02.01-15.17.12:713][678]LogModuleManager: Shutting down and abandoning module PlacementMode (567)
[2021.02.01-15.17.12:713][678]LogModuleManager: Shutting down and abandoning module MaterialEditor (566)
[2021.02.01-15.17.12:714][678]LogModuleManager: Shutting down and abandoning module WmfMediaFactory (562)
[2021.02.01-15.17.12:714][678]LogModuleManager: Shutting down and abandoning module WmfMediaEditor (560)
[2021.02.01-15.17.12:715][678]LogModuleManager: Shutting down and abandoning module MediaPlayerEditor (558)
[2021.02.01-15.17.12:716][678]LogModuleManager: Shutting down and abandoning module OpenExrWrapper (556)
[2021.02.01-15.17.12:716][678]LogModuleManager: Shutting down and abandoning module ImgMediaFactory (554)
[2021.02.01-15.17.12:716][678]LogModuleManager: Shutting down and abandoning module ImgMediaEditor (552)
[2021.02.01-15.17.12:716][678]LogModuleManager: Shutting down and abandoning module AvfMediaFactory (550)
[2021.02.01-15.17.12:716][678]LogModuleManager: Shutting down and abandoning module AvfMediaEditor (548)
[2021.02.01-15.17.12:716][678]LogModuleManager: Shutting down and abandoning module AndroidMediaFactory (546)
[2021.02.01-15.17.12:716][678]LogModuleManager: Shutting down and abandoning module AndroidMediaEditor (544)
[2021.02.01-15.17.12:716][678]LogModuleManager: Shutting down and abandoning module MagicLeapCameraPreviewFactory (542)
[2021.02.01-15.17.12:716][678]LogModuleManager: Shutting down and abandoning module MagicLeapMediaFactory (540)
[2021.02.01-15.17.12:716][678]LogModuleManager: Shutting down and abandoning module MagicLeapMediaEditor (538)
[2021.02.01-15.17.12:716][678]LogModuleManager: Shutting down and abandoning module CharacterAI (536)
[2021.02.01-15.17.12:716][678]LogModuleManager: Shutting down and abandoning module SmartSnapping (534)
[2021.02.01-15.17.12:716][678]LogModuleManager: Shutting down and abandoning module SessionServices (532)
[2021.02.01-15.17.12:716][678]LogModuleManager: Shutting down and abandoning module ViewportSnapping (530)
[2021.02.01-15.17.12:716][678]LogModuleManager: Shutting down and abandoning module ViewportInteraction (528)
[2021.02.01-15.17.12:716][678]LogModuleManager: Shutting down and abandoning module ClothPainter (526)
[2021.02.01-15.17.12:718][678]LogModuleManager: Shutting down and abandoning module SkeletalMeshEditor (525)
[2021.02.01-15.17.12:720][678]LogModuleManager: Shutting down and abandoning module LogVisualizer (522)
[2021.02.01-15.17.12:721][678]LogModuleManager: Shutting down and abandoning module IntroTutorials (520)
[2021.02.01-15.17.12:722][678]LogModuleManager: Shutting down and abandoning module GameProjectGeneration (519)
[2021.02.01-15.17.12:722][678]LogModuleManager: Shutting down and abandoning module LuminPlatformEditor (516)
[2021.02.01-15.17.12:722][678]LogModuleManager: Shutting down and abandoning module IOSPlatformEditor (514)
[2021.02.01-15.17.12:722][678]LogModuleManager: Shutting down and abandoning module HTML5PlatformEditor (512)
[2021.02.01-15.17.12:722][678]LogModuleManager: Shutting down and abandoning module AndroidPlatformEditor (510)
[2021.02.01-15.17.12:722][678]LogModuleManager: Shutting down and abandoning module AndroidDeviceDetection (509)
[2021.02.01-15.17.13:490][678]LogModuleManager: Shutting down and abandoning module WindowsPlatformEditor (506)
[2021.02.01-15.17.13:491][678]LogModuleManager: Shutting down and abandoning module LuminRuntimeSettings (504)
[2021.02.01-15.17.13:491][678]LogModuleManager: Shutting down and abandoning module IOSRuntimeSettings (502)
[2021.02.01-15.17.13:491][678]LogModuleManager: Shutting down and abandoning module AndroidRuntimeSettings (500)
[2021.02.01-15.17.13:491][678]LogModuleManager: Shutting down and abandoning module InputBindingEditor (498)
[2021.02.01-15.17.13:494][678]LogModuleManager: Shutting down and abandoning module MergeActors (496)
[2021.02.01-15.17.13:495][678]LogModuleManager: Shutting down and abandoning module LocalizationDashboard (494)
[2021.02.01-15.17.13:496][678]LogModuleManager: Shutting down and abandoning module LocalizationService (493)
[2021.02.01-15.17.13:496][678]LogModuleManager: Shutting down and abandoning module HardwareTargeting (490)
[2021.02.01-15.17.13:496][678]LogModuleManager: Shutting down and abandoning module DeviceProfileEditor (488)
[2021.02.01-15.17.13:496][678]LogModuleManager: Shutting down and abandoning module UndoHistory (486)
[2021.02.01-15.17.13:497][678]LogModuleManager: Shutting down and abandoning module XmlParser (484)
[2021.02.01-15.17.13:497][678]LogModuleManager: Shutting down and abandoning module Blutility (482)
[2021.02.01-15.17.13:497][678]LogModuleManager: Shutting down and abandoning module ProjectSettingsViewer (480)
[2021.02.01-15.17.13:498][678]LogModuleManager: Shutting down and abandoning module ProjectTargetPlatformEditor (479)
[2021.02.01-15.17.13:498][678]LogModuleManager: Shutting down and abandoning module EditorSettingsViewer (476)
[2021.02.01-15.17.13:498][678]LogModuleManager: Shutting down and abandoning module SettingsEditor (474)
[2021.02.01-15.17.13:499][678]LogModuleManager: Shutting down and abandoning module ProjectLauncher (472)
[2021.02.01-15.17.13:500][678]LogModuleManager: Shutting down and abandoning module SessionFrontend (470)
[2021.02.01-15.17.13:500][678]LogModuleManager: Shutting down and abandoning module ProfilerClient (468)
[2021.02.01-15.17.13:501][678]LogModuleManager: Shutting down and abandoning module DeviceManager (466)
[2021.02.01-15.17.13:501][678]LogModuleManager: Shutting down and abandoning module TargetDeviceServices (465)
[2021.02.01-15.17.13:566][678]LogModuleManager: Shutting down and abandoning module AutomationController (462)
[2021.02.01-15.17.13:567][678]LogModuleManager: Shutting down and abandoning module AutomationWindow (460)
[2021.02.01-15.17.13:568][678]LogModuleManager: Shutting down and abandoning module Layers (458)
[2021.02.01-15.17.13:570][678]LogModuleManager: Shutting down and abandoning module ComponentVisualizers (456)
[2021.02.01-15.17.13:570][678]LogModuleManager: Shutting down and abandoning module DetailCustomizations (454)
[2021.02.01-15.17.13:571][678]LogModuleManager: Shutting down and abandoning module PackagesDialog (452)
[2021.02.01-15.17.13:571][678]LogModuleManager: Shutting down and abandoning module Persona (450)
[2021.02.01-15.17.13:572][678]LogModuleManager: Shutting down and abandoning module AdvancedPreviewScene (449)
[2021.02.01-15.17.13:572][678]LogModuleManager: Shutting down and abandoning module AnimGraph (447)
[2021.02.01-15.17.13:572][678]LogModuleManager: Shutting down and abandoning module Kismet (444)
[2021.02.01-15.17.13:579][678]LogModuleManager: Shutting down and abandoning module GraphEditor (442)
[2021.02.01-15.17.13:579][678]LogModuleManager: Shutting down and abandoning module ClassViewer (440)
[2021.02.01-15.17.13:579][678]LogModuleManager: Shutting down and abandoning module Toolbox (438)
[2021.02.01-15.17.13:579][678]LogModuleManager: Shutting down and abandoning module ModuleUI (436)
[2021.02.01-15.17.13:580][678]LogModuleManager: Shutting down and abandoning module MovieSceneTools (434)
[2021.02.01-15.17.13:580][678]LogModuleManager: Shutting down and abandoning module OutputLog (432)
[2021.02.01-15.17.13:580][678]LogModuleManager: Shutting down and abandoning module GammaUI (430)
[2021.02.01-15.17.13:581][678]LogModuleManager: Shutting down and abandoning module Documentation (428)
[2021.02.01-15.17.13:581][678]LogModuleManager: Shutting down and abandoning module MovieSceneTracks (426)
[2021.02.01-15.17.13:581][678]LogModuleManager: Shutting down and abandoning module MovieScene (424)
[2021.02.01-15.17.13:581][678]LogModuleManager: Shutting down and abandoning module StreamingPauseRendering (422)
[2021.02.01-15.17.13:582][678]LogModuleManager: Shutting down and abandoning module LauncherPlatform (420)
[2021.02.01-15.17.13:582][678]LogModuleManager: Shutting down and abandoning module AnalyticsET (418)
[2021.02.01-15.17.13:582][678]LogModuleManager: Shutting down and abandoning module PortalServices (416)
[2021.02.01-15.17.13:582][678]LogModuleManager: Shutting down and abandoning module PortalRpc (414)
[2021.02.01-15.17.13:582][678]LogModuleManager: Shutting down and abandoning module MessagingRpc (412)
[2021.02.01-15.17.13:582][678]LogModuleManager: Shutting down and abandoning module AIModule (410)
[2021.02.01-15.17.13:583][678]LogModuleManager: Shutting down and abandoning module GameplayDebugger (409)
[2021.02.01-15.17.13:583][678]LogModuleManager: Shutting down and abandoning module AITestSuite (407)
[2021.02.01-15.17.13:584][678]LogModuleManager: Shutting down and abandoning module NavigationSystem (405)
[2021.02.01-15.17.13:584][678]LogModuleManager: Shutting down and abandoning module DesktopPlatform (402)
[2021.02.01-15.17.13:584][678]LogModuleManager: Shutting down and abandoning module ProfilerService (400)
[2021.02.01-15.17.13:803][678]LogModuleManager: Shutting down and abandoning module TaskGraph (398)
[2021.02.01-15.17.13:804][678]LogModuleManager: Shutting down and abandoning module SteamVRController (396)
[2021.02.01-15.17.13:804][678]LogModuleManager: Shutting down and abandoning module ProceduralMeshComponentEditor (394)
[2021.02.01-15.17.13:804][678]LogModuleManager: Shutting down and abandoning module ProceduralMeshComponent (392)
[2021.02.01-15.17.13:804][678]LogModuleManager: Shutting down and abandoning module OculusInput (390)
[2021.02.01-15.17.13:805][678]LogModuleManager: Shutting down and abandoning module MobilePatchingUtils (388)
[2021.02.01-15.17.13:805][678]LogModuleManager: Shutting down and abandoning module EditableMesh (386)
[2021.02.01-15.17.13:805][678]LogModuleManager: Shutting down and abandoning module CustomMeshComponent (384)
[2021.02.01-15.17.13:805][678]LogModuleManager: Shutting down and abandoning module CableComponent (382)
[2021.02.01-15.17.13:805][678]LogModuleManager: Shutting down and abandoning module AudioCapture (380)
[2021.02.01-15.17.13:805][678]LogModuleManager: Shutting down and abandoning module ArchVisCharacter (378)
[2021.02.01-15.17.13:805][678]LogModuleManager: Shutting down and abandoning module AndroidPermission (376)
[2021.02.01-15.17.13:805][678]LogModuleManager: Shutting down and abandoning module NUTUnrealEngine4 (374)
[2021.02.01-15.17.13:805][678]LogModuleManager: Shutting down and abandoning module NetcodeUnitTest (372)
[2021.02.01-15.17.13:807][678]LogModuleManager: Shutting down and abandoning module MediaCompositingEditor (370)
[2021.02.01-15.17.13:807][678]LogModuleManager: Shutting down and abandoning module MediaCompositing (368)
[2021.02.01-15.17.13:807][678]LogModuleManager: Shutting down and abandoning module LinearTimecode (366)
[2021.02.01-15.17.13:807][678]LogModuleManager: Shutting down and abandoning module ImgMedia (364)
[2021.02.01-15.17.13:812][678]LogModuleManager: Shutting down and abandoning module HTML5Networking (362)
[2021.02.01-15.17.13:812][678]LogModuleManager: Shutting down and abandoning module GeometryCacheTracks (360)
[2021.02.01-15.17.13:812][678]LogModuleManager: Shutting down and abandoning module GeometryCacheSequencer (358)
[2021.02.01-15.17.13:812][678]LogModuleManager: Shutting down and abandoning module BackChannel (356)
[2021.02.01-15.17.13:813][678]LogModuleManager: Shutting down and abandoning module AppleVision (354)
[2021.02.01-15.17.13:813][678]LogModuleManager: Shutting down and abandoning module AppleImageUtils (352)
[2021.02.01-15.17.13:813][678]LogModuleManager: Shutting down and abandoning module AlembicImporter (350)
[2021.02.01-15.17.13:813][678]LogModuleManager: Shutting down and abandoning module AlembicLibrary (349)
[2021.02.01-15.17.13:813][678]LogModuleManager: Shutting down and abandoning module GeometryCache (348)
[2021.02.01-15.17.13:813][678]LogModuleManager: Shutting down and abandoning module GeometryCacheEd (347)
[2021.02.01-15.17.13:813][678]LogModuleManager: Shutting down and abandoning module DatasmithContentEditor (342)
[2021.02.01-15.17.13:813][678]LogModuleManager: Shutting down and abandoning module DatasmithContent (340)
[2021.02.01-15.17.13:814][678]LogModuleManager: Shutting down and abandoning module SpeedTreeImporter (338)
[2021.02.01-15.17.13:814][678]LogModuleManager: Shutting down and abandoning module PluginBrowser (336)
[2021.02.01-15.17.13:817][678]LogModuleManager: Shutting down and abandoning module MobileLauncherProfileWizard (334)
[2021.02.01-15.17.13:817][678]LogModuleManager: Shutting down and abandoning module PolygonModeling (332)
[2021.02.01-15.17.13:817][678]LogModuleManager: Shutting down and abandoning module MeshEditor (330)
[2021.02.01-15.17.13:817][678]LogModuleManager: Shutting down and abandoning module CryptoKeysOpenSSL (328)
[2021.02.01-15.17.13:818][678]LogModuleManager: Shutting down and abandoning module CryptoKeys (326)
[2021.02.01-15.17.13:818][678]LogModuleManager: Shutting down and abandoning module VisualStudioSourceCodeAccess (324)
[2021.02.01-15.17.13:818][678]LogModuleManager: Shutting down and abandoning module VisualStudioCodeSourceCodeAccess (322)
[2021.02.01-15.17.13:818][678]LogModuleManager: Shutting down and abandoning module UObjectPlugin (320)
[2021.02.01-15.17.13:818][678]LogModuleManager: Shutting down and abandoning module SubversionSourceControl (318)
[2021.02.01-15.17.13:819][678]LogModuleManager: Shutting down and abandoning module PerforceSourceControl (316)
[2021.02.01-15.17.13:821][678]LogModuleManager: Shutting down and abandoning module GitSourceControl (314)
[2021.02.01-15.17.13:822][678]LogModuleManager: Shutting down and abandoning module SourceControl (313)
[2021.02.01-15.17.13:822][678]LogModuleManager: Shutting down and abandoning module CLionSourceCodeAccess (310)
[2021.02.01-15.17.13:822][678]LogModuleManager: Shutting down and abandoning module LightPropagationVolumeEditor (308)
[2021.02.01-15.17.13:822][678]LogModuleManager: Shutting down and abandoning module PaperTiledImporter (306)
[2021.02.01-15.17.13:822][678]LogModuleManager: Shutting down and abandoning module PaperSpriteSheetImporter (304)
[2021.02.01-15.17.13:822][678]LogModuleManager: Shutting down and abandoning module Paper2DEditor (302)
[2021.02.01-15.17.13:824][678]LogModuleManager: Shutting down and abandoning module MeshPaint (301)
[2021.02.01-15.17.13:825][678]LogModuleManager: Shutting down and abandoning module RuntimePhysXCooking (298)
[2021.02.01-15.17.13:825][678]LogModuleManager: Shutting down and abandoning module PhysXVehiclesEditor (296)
[2021.02.01-15.17.13:825][678]LogModuleManager: Shutting down and abandoning module PhysXVehicles (294)
[2021.02.01-15.17.13:825][678]LogModuleManager: Shutting down and abandoning module OculusEditor (292)
[2021.02.01-15.17.13:826][678]LogModuleManager: Shutting down and abandoning module LocationServicesBPLibrary (290)
[2021.02.01-15.17.13:826][678]LogModuleManager: Shutting down and abandoning module ImmediatePhysicsEditor (288)
[2021.02.01-15.17.13:826][678]LogModuleManager: Shutting down and abandoning module ImmediatePhysics (286)
[2021.02.01-15.17.13:827][678]LogModuleManager: Shutting down and abandoning module ActorSequence (284)
[2021.02.01-15.17.13:827][678]LogModuleManager: Shutting down and abandoning module UdpMessaging (282)
[2021.02.01-15.17.13:928][678]LogModuleManager: Shutting down and abandoning module TcpMessaging (280)
[2021.02.01-15.17.14:029][678]LogModuleManager: Shutting down and abandoning module MagicLeapAudio (278)
[2021.02.01-15.17.14:029][678]LogModuleManager: Shutting down and abandoning module GameplayTagsEditor (276)
[2021.02.01-15.17.14:030][678]LogModuleManager: Shutting down and abandoning module FacialAnimationEditor (274)
[2021.02.01-15.17.14:030][678]LogModuleManager: Shutting down and abandoning module FacialAnimation (272)
[2021.02.01-15.17.14:030][678]LogModuleManager: Shutting down and abandoning module DataValidation (270)
[2021.02.01-15.17.14:030][678]LogModuleManager: Shutting down and abandoning module AssetManagerEditor (268)
[2021.02.01-15.17.14:032][678]LogModuleManager: Shutting down and abandoning module LevelEditor (267)
[2021.02.01-15.17.14:033][678]LogModuleManager: Shutting down and abandoning module PixelInspectorModule (266)
[2021.02.01-15.17.14:034][678]LogModuleManager: Shutting down and abandoning module CommonMenuExtensions (264)
[2021.02.01-15.17.14:034][678]LogModuleManager: Shutting down and abandoning module MainFrame (262)
[2021.02.01-15.17.14:035][678]LogModuleManager: Shutting down and abandoning module HotReload (261)
[2021.02.01-15.17.14:036][678]LogModuleManager: Shutting down and abandoning module ContentBrowser (257)
[2021.02.01-15.17.14:038][678]LogModuleManager: Shutting down and abandoning module TreeMap (255)
[2021.02.01-15.17.14:038][678]LogModuleManager: Shutting down and abandoning module LightPropagationVolumeRuntime (252)
[2021.02.01-15.17.14:038][678]LogModuleManager: Shutting down and abandoning module AISupportModule (250)
[2021.02.01-15.17.14:038][678]LogModuleManager: Shutting down and abandoning module Paper2D (248)
[2021.02.01-15.17.14:038][678]LogModuleManager: Shutting down and abandoning module WindowsMoviePlayer (246)
[2021.02.01-15.17.14:039][678]LogModuleManager: Shutting down and abandoning module WmfMedia (244)
[2021.02.01-15.17.14:041][678]LogModuleManager: Shutting down and abandoning module Media (243)
[2021.02.01-15.17.14:048][678]LogModuleManager: Shutting down and abandoning module PacketHandler (240)
[2021.02.01-15.17.14:048][678]LogModuleManager: Shutting down and abandoning module ClothingSystemEditor (238)
[2021.02.01-15.17.14:048][678]LogModuleManager: Shutting down and abandoning module ClothingSystemRuntime (236)
[2021.02.01-15.17.14:049][678]LogModuleManager: Shutting down and abandoning module MediaAssets (234)
[2021.02.01-15.17.14:049][678]LogModuleManager: Shutting down and abandoning module Overlay (232)
[2021.02.01-15.17.14:049][678]LogModuleManager: Shutting down and abandoning module OverlayEditor (231)
[2021.02.01-15.17.14:049][678]LogModuleManager: Shutting down and abandoning module VREditor (228)
[2021.02.01-15.17.14:049][678]LogModuleManager: Shutting down and abandoning module StringTableEditor (226)
[2021.02.01-15.17.14:050][678]LogModuleManager: Shutting down and abandoning module GameplayTasksEditor (224)
[2021.02.01-15.17.14:050][678]LogModuleManager: Shutting down and abandoning module BehaviorTreeEditor (222)
[2021.02.01-15.17.14:053][678]LogModuleManager: Shutting down and abandoning module FunctionalTesting (220)
[2021.02.01-15.17.14:053][678]LogModuleManager: Shutting down and abandoning module CollisionAnalyzer (218)
[2021.02.01-15.17.14:054][678]LogModuleManager: Shutting down and abandoning module WorkspaceMenuStructure (217)
[2021.02.01-15.17.14:054][678]LogModuleManager: Shutting down and abandoning module UMG (214)
[2021.02.01-15.17.14:054][678]LogModuleManager: Shutting down and abandoning module UMGEditor (213)
[2021.02.01-15.17.14:056][678]LogModuleManager: Shutting down and abandoning module Sequencer (212)
[2021.02.01-15.17.14:057][678]LogModuleManager: Shutting down and abandoning module MessageLog (209)
[2021.02.01-15.17.14:057][678]LogModuleManager: Shutting down and abandoning module SlateReflector (204)
[2021.02.01-15.17.14:061][678]LogModuleManager: Shutting down and abandoning module Slate (202)
[2021.02.01-15.17.14:061][678]LogModuleManager: Shutting down and abandoning module EditorStyle (200)
[2021.02.01-15.17.14:063][678]LogModuleManager: Shutting down and abandoning module MRMesh (198)
[2021.02.01-15.17.14:063][678]LogModuleManager: Shutting down and abandoning module SourceCodeAccess (196)
[2021.02.01-15.17.14:063][678]LogModuleManager: Shutting down and abandoning module HeadMountedDisplay (194)
[2021.02.01-15.17.14:063][678]LogModuleManager: Shutting down and abandoning module XAudio2 (192)
[2021.02.01-15.17.14:063][678]LogModuleManager: Shutting down and abandoning module Networking (190)
[2021.02.01-15.17.14:063][678]LogModuleManager: Shutting down and abandoning module Core (188)
[2021.02.01-15.17.14:063][678]LogModuleManager: Shutting down and abandoning module LevelSequence (186)
[2021.02.01-15.17.14:063][678]LogModuleManager: Shutting down and abandoning module KismetCompiler (184)
[2021.02.01-15.17.14:063][678]LogModuleManager: Shutting down and abandoning module MeshUtilities (182)
[2021.02.01-15.17.14:066][678]LogModuleManager: Shutting down and abandoning module MeshMergeUtilities (181)
[2021.02.01-15.17.14:066][678]LogModuleManager: Shutting down and abandoning module MeshReductionInterface (180)
[2021.02.01-15.17.14:066][678]LogModuleManager: Shutting down and abandoning module SimplygonSwarm (179)
[2021.02.01-15.17.14:067][678]LogModuleManager: Shutting down and abandoning module ProxyLODMeshReduction (177)
[2021.02.01-15.17.14:068][678]LogModuleManager: Shutting down and abandoning module SimplygonMeshReduction (175)
[2021.02.01-15.17.14:068][678]LogModuleManager: Shutting down and abandoning module QuadricMeshReduction (173)
[2021.02.01-15.17.14:069][678]LogModuleManager: Shutting down and abandoning module MaterialBaking (169)
[2021.02.01-15.17.14:069][678]LogModuleManager: Shutting down and abandoning module DirectoryWatcher (165)
[2021.02.01-15.17.14:070][678]LogModuleManager: Shutting down and abandoning module DerivedDataCache (162)
[2021.02.01-15.17.14:097][678]LogDerivedDataCache: Shutdown
[2021.02.01-15.17.14:097][678]LogModuleManager: Shutting down and abandoning module XGEController (160)
[2021.02.01-15.17.14:098][678]LogModuleManager: Shutting down and abandoning module TargetPlatform (158)
[2021.02.01-15.17.14:098][678]LogModuleManager: Shutting down and abandoning module VulkanShaderFormat (157)
[2021.02.01-15.17.14:098][678]LogModuleManager: Shutting down and abandoning module ShaderFormatVectorVM (155)
[2021.02.01-15.17.14:099][678]LogModuleManager: Shutting down and abandoning module ShaderFormatOpenGL (153)
[2021.02.01-15.17.14:100][678]LogModuleManager: Shutting down and abandoning module ShaderFormatD3D (151)
[2021.02.01-15.17.14:100][678]LogModuleManager: Shutting down and abandoning module MetalShaderFormat (149)
[2021.02.01-15.17.14:101][678]LogModuleManager: Shutting down and abandoning module TextureFormatUncompressed (147)
[2021.02.01-15.17.14:101][678]LogModuleManager: Shutting down and abandoning module TextureFormatPVR (145)
[2021.02.01-15.17.14:101][678]LogModuleManager: Shutting down and abandoning module TextureFormatDXT (143)
[2021.02.01-15.17.14:102][678]LogModuleManager: Shutting down and abandoning module TextureFormatIntelISPCTexComp (141)
[2021.02.01-15.17.14:103][678]LogModuleManager: Shutting down and abandoning module TextureFormatASTC (139)
[2021.02.01-15.17.14:103][678]LogModuleManager: Shutting down and abandoning module ImageWrapper (138)
[2021.02.01-15.17.14:103][678]LogModuleManager: Shutting down and abandoning module TextureFormatAndroid (135)
[2021.02.01-15.17.14:103][678]LogModuleManager: Shutting down and abandoning module AudioFormatOpus (133)
[2021.02.01-15.17.14:103][678]LogModuleManager: Shutting down and abandoning module AudioFormatOgg (131)
[2021.02.01-15.17.14:103][678]LogModuleManager: Shutting down and abandoning module AudioFormatADPCM (129)
[2021.02.01-15.17.14:103][678]LogModuleManager: Shutting down and abandoning module LuminTargetPlatform (127)
[2021.02.01-15.17.14:103][678]LogModuleManager: Shutting down and abandoning module LinuxTargetPlatform (125)
[2021.02.01-15.17.14:103][678]LogModuleManager: Shutting down and abandoning module LinuxServerTargetPlatform (123)
[2021.02.01-15.17.14:103][678]LogModuleManager: Shutting down and abandoning module LinuxNoEditorTargetPlatform (121)
[2021.02.01-15.17.14:104][678]LogModuleManager: Shutting down and abandoning module LinuxClientTargetPlatform (119)
[2021.02.01-15.17.14:104][678]LogModuleManager: Shutting down and abandoning module TVOSTargetPlatform (117)
[2021.02.01-15.17.14:107][678]LogModuleManager: Shutting down and abandoning module Messaging (115)
[2021.02.01-15.17.14:107][678]LogModuleManager: Shutting down and abandoning module IOSTargetPlatform (113)
[2021.02.01-15.17.14:110][678]LogModuleManager: Shutting down and abandoning module HTML5TargetPlatform (111)
[2021.02.01-15.17.14:110][678]LogModuleManager: Shutting down and abandoning module AndroidTargetPlatform (109)
[2021.02.01-15.17.14:135][678]LogModuleManager: Shutting down and abandoning module WindowsTargetPlatform (107)
[2021.02.01-15.17.14:135][678]LogModuleManager: Shutting down and abandoning module WindowsServerTargetPlatform (105)
[2021.02.01-15.17.14:135][678]LogModuleManager: Shutting down and abandoning module WindowsNoEditorTargetPlatform (103)
[2021.02.01-15.17.14:135][678]LogModuleManager: Shutting down and abandoning module WindowsClientTargetPlatform (101)
[2021.02.01-15.17.14:135][678]LogModuleManager: Shutting down and abandoning module MacTargetPlatform (99)
[2021.02.01-15.17.14:135][678]LogModuleManager: Shutting down and abandoning module MacServerTargetPlatform (97)
[2021.02.01-15.17.14:135][678]LogModuleManager: Shutting down and abandoning module MacNoEditorTargetPlatform (95)
[2021.02.01-15.17.14:135][678]LogModuleManager: Shutting down and abandoning module MacClientTargetPlatform (93)
[2021.02.01-15.17.14:135][678]LogModuleManager: Shutting down and abandoning module AllDesktopTargetPlatform (91)
[2021.02.01-15.17.14:135][678]LogModuleManager: Shutting down and abandoning module InputCore (88)
[2021.02.01-15.17.14:135][678]LogModuleManager: Shutting down and abandoning module Settings (86)
[2021.02.01-15.17.14:135][678]LogModuleManager: Shutting down and abandoning module PhysXCooking (84)
[2021.02.01-15.17.14:135][678]LogModuleManager: Shutting down and abandoning module SteamVR (82)
[2021.02.01-15.17.14:135][678]LogModuleManager: Shutting down and abandoning module OculusHMD (80)
[2021.02.01-15.17.14:136][678]LogModuleManager: Shutting down and abandoning module ExampleDeviceProfileSelector (78)
[2021.02.01-15.17.14:136][678]LogModuleManager: Shutting down and abandoning module LauncherChunkInstaller (76)
[2021.02.01-15.17.14:136][678]LogModuleManager: Shutting down and abandoning module OnlineBlueprintSupport (74)
[2021.02.01-15.17.14:136][678]LogModuleManager: Shutting down and abandoning module OnlineSubsystem (70)
[2021.02.01-15.17.14:138][678]LogModuleManager: Shutting down and abandoning module XMPP (65)
[2021.02.01-15.17.14:140][678]LogModuleManager: Shutting down and abandoning module WebSockets (64)
[2021.02.01-15.17.14:161][678]LogModuleManager: Shutting down and abandoning module HTTP (61)
[2021.02.01-15.17.14:161][678]LogHttp: Display: Http module shutting down, but needs to wait on 1 outstanding Http requests:
[2021.02.01-15.17.14:161][678]LogHttp: Display: 	verb=[POST] url=[https://datarouter.ol.epicgames.com/datarouter/api/v1/public/data?SessionID=%7B0A512D5B-4E35-569E-AB80-6E8153FAB6B4%7D&AppID=UEEditor.Rocket.Release&AppVersion=4.20.3-4369336%2B%2B%2BUE4%2BRelease-4.20&UserID=d7d3e7284b8a7f87e79664ad512aebe5%7C7ede1786c189451d8c8b058b8a6f1116%7C87cbad50-ee9d-4bb5-a81d-6bac323f0805&AppEnvironment=datacollector-binary&UploadType=eteventstream] status=Processing
[2021.02.01-15.17.14:192][678]LogModuleManager: Shutting down and abandoning module SSL (60)
[2021.02.01-15.17.14:194][678]LogModuleManager: Shutting down and abandoning module MagicLeapEmulator (56)
[2021.02.01-15.17.14:194][678]LogModuleManager: Shutting down and abandoning module MagicLeapPrivileges (54)
[2021.02.01-15.17.14:194][678]LogModuleManager: Shutting down and abandoning module MagicLeapIdentity (52)
[2021.02.01-15.17.14:194][678]LogModuleManager: Shutting down and abandoning module MagicLeapHelperVulkan (50)
[2021.02.01-15.17.14:194][678]LogModuleManager: Shutting down and abandoning module MagicLeapHelperOpenGL (48)
[2021.02.01-15.17.14:194][678]LogModuleManager: Shutting down and abandoning module MagicLeapSecureStorage (46)
[2021.02.01-15.17.14:194][678]LogModuleManager: Shutting down and abandoning module MagicLeapGestures (44)
[2021.02.01-15.17.14:194][678]LogModuleManager: Shutting down and abandoning module MagicLeapEyeTracker (42)
[2021.02.01-15.17.14:194][678]LogModuleManager: Shutting down and abandoning module MagicLeapController (40)
[2021.02.01-15.17.14:194][678]LogSlate: Slate User Destroyed.  User Index 0, Is Virtual User: 0
[2021.02.01-15.17.14:194][678]LogModuleManager: Shutting down and abandoning module MagicLeap (38)
[2021.02.01-15.17.14:194][678]LogModuleManager: Shutting down and abandoning module AnimationModifiers (36)
[2021.02.01-15.17.14:197][678]LogModuleManager: Shutting down and abandoning module PropertyEditor (35)
[2021.02.01-15.17.14:197][678]LogModuleManager: Shutting down and abandoning module AudioEditor (32)
[2021.02.01-15.17.14:199][678]LogModuleManager: Shutting down and abandoning module TextureCompressor (30)
[2021.02.01-15.17.14:202][678]LogModuleManager: Shutting down and abandoning module ShaderCore (28)
[2021.02.01-15.17.14:202][678]LogModuleManager: Shutting down and abandoning module Landscape (26)
[2021.02.01-15.17.14:202][678]LogModuleManager: Shutting down and abandoning module SlateRHIRenderer (24)
[2021.02.01-15.17.14:203][678]LogModuleManager: Shutting down and abandoning module OpenGLDrv (22)
[2021.02.01-15.17.14:204][678]LogModuleManager: Shutting down and abandoning module D3D11RHI (20)
[2021.02.01-15.17.14:204][678]LogModuleManager: Shutting down and abandoning module AnimGraphRuntime (18)
[2021.02.01-15.17.14:204][678]LogModuleManager: Shutting down and abandoning module Renderer (16)
[2021.02.01-15.17.14:204][678]LogModuleManager: Shutting down and abandoning module Engine (14)
[2021.02.01-15.17.14:204][678]LogModuleManager: Shutting down and abandoning module CoreUObject (12)
[2021.02.01-15.17.14:204][678]LogModuleManager: Shutting down and abandoning module NetworkFile (10)
[2021.02.01-15.17.14:204][678]LogModuleManager: Shutting down and abandoning module CookedIterativeFile (8)
[2021.02.01-15.17.14:204][678]LogModuleManager: Shutting down and abandoning module StreamingFile (6)
[2021.02.01-15.17.14:205][678]LogModuleManager: Shutting down and abandoning module SandboxFile (4)
[2021.02.01-15.17.14:205][678]LogModuleManager: Shutting down and abandoning module PakFile (2)
[2021.02.01-15.17.14:212][678]LogExit: Exiting.
[2021.02.01-15.17.14:227][678]Log file closed, 02/01/21 16:17:14
