Log file open, 01/31/21 19:10:56
LogWindows: Failed to load 'aqProf.dll' (GetLastError=126)
LogWindows: File 'aqProf.dll' does not exist
LogWindows: Failed to load 'VSPerf140.dll' (GetLastError=126)
LogWindows: File 'VSPerf140.dll' does not exist
LogWindows: Failed to load 'VtuneApi.dll' (GetLastError=126)
LogWindows: File 'VtuneApi.dll' does not exist
LogWindows: Failed to load 'VtuneApi32e.dll' (GetLastError=126)
LogWindows: File 'VtuneApi32e.dll' does not exist
LogInit: Display: Running engine for game: BallRunnerIgaBudnik
LogPlatformFile: Not using cached read wrapper
LogTaskGraph: Started task graph with 5 named threads and 23 total threads with 3 sets of task threads.
LogStats: Stats thread started at 0.374850
LogD3D11RHI: Loaded GFSDK_Aftermath_Lib.x64.dll
LogICUInternationalization: Display: ICU TimeZone Detection - Raw Offset: +1:00, Platform Override: ''
LogPluginManager: Mounting plugin Paper2D
LogPluginManager: Mounting plugin AISupport
LogPluginManager: Mounting plugin LightPropagationVolume
LogPluginManager: Mounting plugin CLionSourceCodeAccess
LogPluginManager: Mounting plugin CodeLiteSourceCodeAccess
LogPluginManager: Mounting plugin GitSourceControl
LogPluginManager: Mounting plugin KDevelopSourceCodeAccess
LogPluginManager: Mounting plugin NullSourceCodeAccess
LogPluginManager: Mounting plugin PerforceSourceControl
LogPluginManager: Mounting plugin SubversionSourceControl
LogPluginManager: Mounting plugin UObjectPlugin
LogPluginManager: Mounting plugin VisualStudioCodeSourceCodeAccess
LogPluginManager: Mounting plugin VisualStudioSourceCodeAccess
LogPluginManager: Mounting plugin XCodeSourceCodeAccess
LogPluginManager: Mounting plugin AssetManagerEditor
LogPluginManager: Mounting plugin CryptoKeys
LogPluginManager: Mounting plugin DataValidation
LogPluginManager: Mounting plugin FacialAnimation
LogPluginManager: Mounting plugin GameplayTagsEditor
LogPluginManager: Mounting plugin MacGraphicsSwitching
LogPluginManager: Mounting plugin MeshEditor
LogPluginManager: Mounting plugin MobileLauncherProfileWizard
LogPluginManager: Mounting plugin PluginBrowser
LogPluginManager: Mounting plugin SpeedTreeImporter
LogPluginManager: Mounting plugin DatasmithContent
LogPluginManager: Mounting plugin AlembicImporter
LogPluginManager: Mounting plugin AppleImageUtils
LogPluginManager: Mounting plugin AppleVision
LogPluginManager: Mounting plugin BackChannel
LogPluginManager: Mounting plugin CharacterAI
LogPluginManager: Mounting plugin GeometryCache
LogPluginManager: Mounting plugin HTML5Networking
LogPluginManager: Mounting plugin ProxyLODPlugin
LogPluginManager: Mounting plugin MagicLeap
LogPluginManager: Mounting plugin MagicLeapEmulator
LogPluginManager: Mounting plugin MagicLeapMedia
LogPluginManager: Mounting plugin AndroidMedia
LogPluginManager: Mounting plugin AvfMedia
LogPluginManager: Mounting plugin ImgMedia
LogPluginManager: Mounting plugin LinearTimecode
LogPluginManager: Mounting plugin MediaCompositing
LogPluginManager: Mounting plugin MediaPlayerEditor
LogPluginManager: Mounting plugin WmfMedia
LogPluginManager: Mounting plugin TcpMessaging
LogPluginManager: Mounting plugin UdpMessaging
LogPluginManager: Mounting plugin ActorSequence
LogPluginManager: Mounting plugin LevelSequenceEditor
LogPluginManager: Mounting plugin MatineeToLevelSequence
LogPluginManager: Mounting plugin NetcodeUnitTest
LogPluginManager: Mounting plugin NUTUnrealEngine4
LogPluginManager: Mounting plugin OnlineSubsystemGooglePlay
LogPluginManager: Mounting plugin OnlineSubsystemIOS
LogPluginManager: Mounting plugin OnlineSubsystem
LogPluginManager: Mounting plugin OnlineSubsystemNull
LogPluginManager: Mounting plugin OnlineSubsystemUtils
LogPluginManager: Mounting plugin LauncherChunkInstaller
LogPluginManager: Mounting plugin AndroidDeviceProfileSelector
LogPluginManager: Mounting plugin AndroidMoviePlayer
LogPluginManager: Mounting plugin AndroidPermission
LogPluginManager: Mounting plugin AppleMoviePlayer
LogPluginManager: Mounting plugin ArchVisCharacter
LogPluginManager: Mounting plugin AudioCapture
LogPluginManager: Mounting plugin CableComponent
LogPluginManager: Mounting plugin CustomMeshComponent
LogPluginManager: Mounting plugin EditableMesh
LogPluginManager: Mounting plugin ExampleDeviceProfileSelector
LogPluginManager: Mounting plugin GoogleCloudMessaging
LogPluginManager: Mounting plugin ImmediatePhysics
LogPluginManager: Mounting plugin IOSDeviceProfileSelector
LogPluginManager: Mounting plugin LinuxDeviceProfileSelector
LogPluginManager: Mounting plugin LocationServicesBPLibrary
LogPluginManager: Mounting plugin MobilePatchingUtils
LogPluginManager: Mounting plugin OculusVR
LogPluginManager: Plugin shader directory ../../../Engine/Plugins/Runtime/Oculus/OculusVR/Shaders found
LogPluginManager: Mapping shader source directory ../../../Engine/Plugins/Runtime/Oculus/OculusVR/Shaders to virtual directory /Plugin/OculusVR
LogPluginManager: Mounting plugin PhysXVehicles
LogPluginManager: Mounting plugin ProceduralMeshComponent
LogPluginManager: Mounting plugin RuntimePhysXCooking
LogPluginManager: Mounting plugin SteamVR
LogPluginManager: Mounting plugin WindowsMoviePlayer
LogStreaming: Display: Took  0.136s to configure plugins.
LogInit: Using libcurl 7.55.1-DEV
LogInit:  - built for x86_64-pc-win32
LogInit:  - supports SSL with OpenSSL/1.0.2h
LogInit:  - supports HTTP deflate (compression) using libz 1.2.8
LogInit:  - other features:
LogInit:      CURL_VERSION_SSL
LogInit:      CURL_VERSION_LIBZ
LogInit:      CURL_VERSION_IPV6
LogInit:      CURL_VERSION_ASYNCHDNS
LogInit:      CURL_VERSION_LARGEFILE
LogInit:      CURL_VERSION_IDN
LogInit:  CurlRequestOptions (configurable via config and command line):
LogInit:  - bVerifyPeer = false  - Libcurl will NOT verify peer certificate
LogInit:  - bUseHttpProxy = false  - Libcurl will NOT use HTTP proxy
LogInit:  - bDontReuseConnections = false  - Libcurl will reuse connections
LogInit:  - CertBundlePath = nullptr  - Libcurl will use whatever was configured at build time.
LogInit:  - MaxHostConnections = 16  - Libcurl will limit the number of connections to a host
LogInit:  - LocalHostAddr = Default
LogInit:  - BufferSize = 65536
LogInit: WinSock: version 1.1 (2.2), MaxSocks=32767, MaxUdp=65467
LogInit: Build: ++UE4+Release-4.20-CL-4369336
LogInit: Engine Version: 4.20.3-4369336+++UE4+Release-4.20
LogInit: Compatible Engine Version: 4.20.0-4212847+++UE4+Release-4.20
LogInit: Net CL: 4212847
LogInit: OS: Windows 10 (), CPU: Intel(R) Core(TM) i5-8300H CPU @ 2.30GHz, GPU: Intel(R) UHD Graphics 630
LogInit: Compiled (64-bit): Sep 17 2018 12:26:19
LogInit: Compiled with Visual C++: 19.13.26129.00
LogInit: Build Configuration: Development
LogInit: Branch Name: ++UE4+Release-4.20
LogInit: Command Line: 
LogInit: Base Directory: C:/Program Files/Epic Games/UE_4.20/Engine/Binaries/Win64/
LogInit: Installed Engine Build: 1
LogDevObjectVersion: Number of dev versions registered: 20
LogDevObjectVersion:   Dev-Blueprints (B0D832E4-1F89-4F0D-ACCF-7EB736FD4AA2): 10
LogDevObjectVersion:   Dev-Build (E1C64328-A22C-4D53-A36C-8E866417BD8C): 0
LogDevObjectVersion:   Dev-Core (375EC13C-06E4-48FB-B500-84F0262A717E): 2
LogDevObjectVersion:   Dev-Editor (E4B068ED-F494-42E9-A231-DA0B2E46BB41): 24
LogDevObjectVersion:   Dev-Framework (CFFC743F-43B0-4480-9391-14DF171D2073): 34
LogDevObjectVersion:   Dev-Mobile (B02B49B5-BB20-44E9-A304-32B752E40360): 2
LogDevObjectVersion:   Dev-Networking (A4E4105C-59A1-49B5-A7C5-40C4547EDFEE): 0
LogDevObjectVersion:   Dev-Online (39C831C9-5AE6-47DC-9A44-9C173E1C8E7C): 0
LogDevObjectVersion:   Dev-Physics (78F01B33-EBEA-4F98-B9B4-84EACCB95AA2): 0
LogDevObjectVersion:   Dev-Platform (6631380F-2D4D-43E0-8009-CF276956A95A): 0
LogDevObjectVersion:   Dev-Rendering (12F88B9F-8875-4AFC-A67C-D90C383ABD29): 26
LogDevObjectVersion:   Dev-Sequencer (7B5AE74C-D270-4C10-A958-57980B212A5A): 9
LogDevObjectVersion:   Dev-VR (D7296918-1DD6-4BDD-9DE2-64A83CC13884): 2
LogDevObjectVersion:   Dev-LoadTimes (C2A15278-BFE7-4AFE-6C17-90FF531DF755): 1
LogDevObjectVersion:   Private-Geometry (6EACA3D4-40EC-4CC1-B786-8BED09428FC5): 3
LogDevObjectVersion:   Dev-AnimPhys (29E575DD-E0A3-4627-9D10-D276232CDCEA): 17
LogDevObjectVersion:   Dev-ReflectionCapture (6B266CEC-1EC7-4B8F-A30B-E4D90942FC07): 1
LogDevObjectVersion:   Dev-Automation (0DF73D61-A23F-47EA-B727-89E90C41499A): 1
LogDevObjectVersion:   FortniteMain (601D1886-AC64-4F84-AA16-D3DE0DEAC7D6): 12
LogDevObjectVersion:   Dev-Enterprise (9DFFBCD6-494F-0158-E221-12823C92A888): 1
LogStreaming: Display: Took  0.000s to delete old logs.
LogInit: Presizing for max 8388607 objects, including 0 objects not considered by GC, pre-allocating 0 bytes for permanent pool.
LogInit: Object subsystem initialized
[2021.01.31-18.10.56:668][  0]LogInit: Selected Device Profile: [Windows]
[2021.01.31-18.10.56:668][  0]LogInit: Applying CVar settings loaded from the selected device profile: [Windows]
[2021.01.31-18.10.56:675][  0]LogHAL: Display: Platform has ~ 8 GB [8458031104 / 8589934592 / 8], which maps to Default [LargestMinGB=32, LargerMinGB=12, DefaultMinGB=8, SmallerMinGB=6, SmallestMinGB=0)
[2021.01.31-18.10.56:675][  0]LogInit: Setting Device Profile CVar: [[r.Vulkan.UseRealUBs:1]]
[2021.01.31-18.10.56:675][  0]LogInit: Going up to parent DeviceProfile []
[2021.01.31-18.10.56:675][  0]LogInit: Computer: DESKTOP-L4EJC2M
[2021.01.31-18.10.56:675][  0]LogInit: User: niech
[2021.01.31-18.10.56:675][  0]LogInit: CPU Page size=4096, Cores=4
[2021.01.31-18.10.56:675][  0]LogInit: High frequency timer resolution =10.000000 MHz
[2021.01.31-18.10.56:675][  0]LogMemory: Memory total: Physical=7.9GB (8GB approx)
[2021.01.31-18.10.56:676][  0]LogMemory: Platform Memory Stats for Windows
[2021.01.31-18.10.56:676][  0]LogMemory: Process Physical Memory: 100.87 MB used, 100.87 MB peak
[2021.01.31-18.10.56:676][  0]LogMemory: Process Virtual Memory: 91.16 MB used, 91.16 MB peak
[2021.01.31-18.10.56:676][  0]LogMemory: Physical Memory: 6454.53 MB used,  1611.68 MB free, 8066.21 MB total
[2021.01.31-18.10.56:676][  0]LogMemory: Virtual Memory: 4614.73 MB used,  1611.68 MB free, 134217728.00 MB total
[2021.01.31-18.10.56:694][  0]LogInit: Using OS detected language (pl-PL).
[2021.01.31-18.10.56:695][  0]LogInit: Using OS detected locale (pl-PL).
[2021.01.31-18.10.56:695][  0]LogTextLocalizationManager: No specific localization for 'pl-PL' exists, so the 'pl' localization will be used.
[2021.01.31-18.10.56:697][  0]LogStreaming: Display: Took  0.003s to InitEngineTextLocalization.
[2021.01.31-18.10.56:697][  0]LogInit: Setting process to per monitor DPI aware
[2021.01.31-18.10.56:741][  0]LogSlate: New Slate User Created.  User Index 0, Is Virtual User: 0
[2021.01.31-18.10.56:741][  0]LogSlate: Slate User Registered.  User Index 0, Is Virtual User: 0
[2021.01.31-18.10.57:041][  0]LogHMD: Failed to initialize OpenVR with code 110
[2021.01.31-18.10.57:041][  0]LogD3D11RHI: D3D11 adapters:
[2021.01.31-18.10.57:132][  0]LogD3D11RHI:    0. 'NVIDIA GeForce GTX 1050' (Feature Level 11_0)
[2021.01.31-18.10.57:132][  0]LogD3D11RHI:       4021/0/4033 MB DedicatedVideo/DedicatedSystem/SharedSystem, Outputs:1, VendorId:0x10de
[2021.01.31-18.10.57:158][  0]LogD3D11RHI:    1. 'Intel(R) UHD Graphics 630' (Feature Level 11_0)
[2021.01.31-18.10.57:158][  0]LogD3D11RHI:       128/0/4033 MB DedicatedVideo/DedicatedSystem/SharedSystem, Outputs:0, VendorId:0x8086
[2021.01.31-18.10.57:161][  0]LogD3D11RHI:    2. 'Microsoft Basic Render Driver' (Feature Level 11_0)
[2021.01.31-18.10.57:161][  0]LogD3D11RHI:       0/0/4033 MB DedicatedVideo/DedicatedSystem/SharedSystem, Outputs:0, VendorId:0x1414
[2021.01.31-18.10.57:161][  0]LogD3D11RHI: Chosen D3D11 Adapter: 0
[2021.01.31-18.10.57:206][  0]LogD3D11RHI: Creating new Direct3DDevice
[2021.01.31-18.10.57:206][  0]LogD3D11RHI:     GPU DeviceId: 0x1c8d (for the marketing name, search the web for "GPU Device Id")
[2021.01.31-18.10.57:206][  0]LogWindows: EnumDisplayDevices:
[2021.01.31-18.10.57:206][  0]LogWindows:    0. 'Intel(R) UHD Graphics 630' (P:1 D:1)
[2021.01.31-18.10.57:207][  0]LogWindows:    1. 'Intel(R) UHD Graphics 630' (P:0 D:0)
[2021.01.31-18.10.57:207][  0]LogWindows:    2. 'Intel(R) UHD Graphics 630' (P:0 D:0)
[2021.01.31-18.10.57:207][  0]LogWindows: DebugString: PrimaryIsNotTheChoosenAdapter PrimaryIsNotTheChoosenAdapter PrimaryIsNotTheChoosenAdapter FoundDriverCount:0 
[2021.01.31-18.10.57:208][  0]LogD3D11RHI:     Adapter Name: NVIDIA GeForce GTX 1050
[2021.01.31-18.10.57:208][  0]LogD3D11RHI:   Driver Version: Unknown (internal:Unknown, unified:Unknown)
[2021.01.31-18.10.57:208][  0]LogD3D11RHI:      Driver Date: Unknown
[2021.01.31-18.10.57:208][  0]LogRHI: Texture pool is 2814 MB (70% of 4021 MB)
[2021.01.31-18.10.57:265][  0]LogD3D11RHI: Async texture creation enabled
[2021.01.31-18.10.57:276][  0]LogD3D11RHI: GPU Timing Frequency: 1000.000000 (Debug: 2 1)
[2021.01.31-18.10.57:277][  0]LogShaderCompilers: Guid format shader working directory is -18 characters bigger than the processId version (../../../../../../UnrealEngine/BallRunnerIB/BallRunnerIgaBudnik/Intermediate/Shaders/WorkingDirectory/21416/).
[2021.01.31-18.10.57:278][  0]LogShaderCompilers: Cleaned the shader compiler working directory 'C:/Users/niech/AppData/Local/Temp/UnrealShaderWorkingDir/9314BD874E7DD73E9E9078A347868CF9/'.
[2021.01.31-18.10.57:581][  0]LogTemp: Display: Loaded TP AllDesktopTargetPlatform
[2021.01.31-18.10.57:593][  0]LogTemp: Display: Loaded TP MacClientTargetPlatform
[2021.01.31-18.10.57:605][  0]LogTemp: Display: Loaded TP MacNoEditorTargetPlatform
[2021.01.31-18.10.57:617][  0]LogTemp: Display: Loaded TP MacServerTargetPlatform
[2021.01.31-18.10.57:630][  0]LogTemp: Display: Loaded TP MacTargetPlatform
[2021.01.31-18.10.57:643][  0]LogTemp: Display: Loaded TP WindowsClientTargetPlatform
[2021.01.31-18.10.57:656][  0]LogTemp: Display: Loaded TP WindowsNoEditorTargetPlatform
[2021.01.31-18.10.57:668][  0]LogTemp: Display: Loaded TP WindowsServerTargetPlatform
[2021.01.31-18.10.57:674][  0]LogTemp: Display: Loaded TP WindowsTargetPlatform
[2021.01.31-18.10.57:753][  0]LogTemp: Display: Loaded TP AndroidTargetPlatform
[2021.01.31-18.10.57:754][  0]LogTemp: Display: Loaded TP AndroidTargetPlatform
[2021.01.31-18.10.57:754][  0]LogTemp: Display: Loaded TP AndroidTargetPlatform
[2021.01.31-18.10.57:754][  0]LogTemp: Display: Loaded TP AndroidTargetPlatform
[2021.01.31-18.10.57:754][  0]LogTemp: Display: Loaded TP AndroidTargetPlatform
[2021.01.31-18.10.57:754][  0]LogTemp: Display: Loaded TP AndroidTargetPlatform
[2021.01.31-18.10.57:754][  0]LogTemp: Display: Loaded TP AndroidTargetPlatform
[2021.01.31-18.10.57:754][  0]LogTemp: Display: Loaded TP AndroidTargetPlatform
[2021.01.31-18.10.57:754][  0]LogTemp: Display: Loaded TP AndroidTargetPlatform
[2021.01.31-18.10.57:754][  0]LogTemp: Display: Loaded TP AndroidTargetPlatform
[2021.01.31-18.10.57:754][  0]LogTemp: Display: Loaded TP AndroidTargetPlatform
[2021.01.31-18.10.57:754][  0]LogTemp: Display: Loaded TP AndroidTargetPlatform
[2021.01.31-18.10.57:754][  0]LogTemp: Display: Loaded TP AndroidTargetPlatform
[2021.01.31-18.10.57:754][  0]LogTemp: Display: Loaded TP AndroidTargetPlatform
[2021.01.31-18.10.57:754][  0]LogTemp: Display: Loaded TP AndroidTargetPlatform
[2021.01.31-18.10.57:754][  0]LogTemp: Display: Loaded TP AndroidTargetPlatform
[2021.01.31-18.10.57:754][  0]LogTemp: Display: Loaded TP AndroidTargetPlatform
[2021.01.31-18.10.57:754][  0]LogTemp: Display: Loaded TP AndroidTargetPlatform
[2021.01.31-18.10.57:755][  0]LogTemp: Display: Loaded TP HTML5TargetPlatform
[2021.01.31-18.10.57:815][  0]LogTemp: Display: Loaded TP IOSTargetPlatform
[2021.01.31-18.10.57:815][  0]LogTemp: Display: Loaded TP IOSTargetPlatform
[2021.01.31-18.10.57:838][  0]LogTemp: Display: Loaded TP TVOSTargetPlatform
[2021.01.31-18.10.57:838][  0]LogTemp: Display: Loaded TP TVOSTargetPlatform
[2021.01.31-18.10.57:849][  0]LogTemp: Display: Loaded TP LinuxClientTargetPlatform
[2021.01.31-18.10.57:860][  0]LogTemp: Display: Loaded TP LinuxNoEditorTargetPlatform
[2021.01.31-18.10.57:871][  0]LogTemp: Display: Loaded TP LinuxServerTargetPlatform
[2021.01.31-18.10.57:883][  0]LogTemp: Display: Loaded TP LinuxTargetPlatform
[2021.01.31-18.10.57:892][  0]LogTemp: Display: Loaded TP LuminTargetPlatform
[2021.01.31-18.10.57:892][  0]LogTargetPlatformManager: Display: Building Assets For Windows
[2021.01.31-18.10.57:952][  0]LogXGEController: Cannot use XGE Controller as Incredibuild is not installed on this machine.
[2021.01.31-18.10.57:952][  0]LogShaderCompilers: Cannot use XGE Shader Compiler as Incredibuild is not installed on this machine.
[2021.01.31-18.10.57:952][  0]LogShaderCompilers: Display: Using Local Shader Compiler.
[2021.01.31-18.10.58:736][  0]LogDerivedDataCache: Display: Max Cache Size: 512 MB
[2021.01.31-18.10.58:783][  0]LogDerivedDataCache: Loaded boot cache 0.05s 71MB C:/Users/niech/AppData/Local/UnrealEngine/4.20/DerivedDataCache/Boot.ddc.
[2021.01.31-18.10.58:783][  0]LogDerivedDataCache: Display: Loaded Boot cache: C:/Users/niech/AppData/Local/UnrealEngine/4.20/DerivedDataCache/Boot.ddc
[2021.01.31-18.10.58:784][  0]LogDerivedDataCache: FDerivedDataBackendGraph:  Pak pak cache file ../../../../../../UnrealEngine/BallRunnerIB/BallRunnerIgaBudnik/DerivedDataCache/DDC.ddp not found, will not use a pak cache.
[2021.01.31-18.10.58:784][  0]LogDerivedDataCache: Unable to find inner node Pak for hierarchical cache Hierarchy.
[2021.01.31-18.10.58:784][  0]LogDerivedDataCache: FDerivedDataBackendGraph:  CompressedPak pak cache file ../../../../../../UnrealEngine/BallRunnerIB/BallRunnerIgaBudnik/DerivedDataCache/Compressed.ddp not found, will not use a pak cache.
[2021.01.31-18.10.58:784][  0]LogDerivedDataCache: Unable to find inner node CompressedPak for hierarchical cache Hierarchy.
[2021.01.31-18.10.58:796][  0]LogDerivedDataCache: Display: Pak cache opened for reading ../../../Engine/DerivedDataCache/Compressed.ddp.
[2021.01.31-18.10.58:809][  0]LogDerivedDataCache: Using Local data cache path C:/Users/niech/AppData/Local/UnrealEngine/Common/DerivedDataCache: Writable
[2021.01.31-18.10.58:809][  0]LogDerivedDataCache: Shared data cache path not found in *engine.ini, will not use an Shared cache.
[2021.01.31-18.10.58:809][  0]LogDerivedDataCache: Unable to find inner node Shared for hierarchical cache Hierarchy.
[2021.01.31-18.10.58:824][  0]LogMaterial: Verifying Global Shaders for PCD3D_SM5
[2021.01.31-18.10.58:825][  0]LogSlate: Using FreeType 2.6.0
[2021.01.31-18.10.58:826][  0]LogSlate: SlateFontServices - WITH_FREETYPE: 1, WITH_HARFBUZZ: 1
[2021.01.31-18.10.58:898][  0]LogAssetRegistry: FAssetRegistry took 0.0252 seconds to start up
[2021.01.31-18.10.59:189][  0]LogInit: Selected Device Profile: [Windows]
[2021.01.31-18.10.59:241][  0]LogSimplygon: Simplygon DLL not present - disabling.
[2021.01.31-18.10.59:243][  0]LogMeshReduction: Using SimplygonSwarm for distributed automatic mesh merging
[2021.01.31-18.10.59:243][  0]LogMeshReduction: Using ProxyLODMeshReduction for automatic mesh merging
[2021.01.31-18.10.59:243][  0]LogMeshReduction: Using QuadricMeshReduction for automatic static mesh reduction
[2021.01.31-18.10.59:243][  0]LogMeshReduction: No automatic skeletal mesh reduction module available
[2021.01.31-18.10.59:325][  0]LogNetVersion: BallRunnerIgaBudnik 1.0.0, NetCL: 4212847, EngineNetVer: 5, GameNetVer: 0 (Checksum: 3316388854)
[2021.01.31-18.10.59:783][  0]LogPackageLocalizationCache: Processed 11 localized package path(s) for 2 prioritized culture(s) in 0.080936 seconds
[2021.01.31-18.10.59:788][  0]LogUObjectArray: 38425 objects as part of root set at end of initial load.
[2021.01.31-18.10.59:788][  0]LogUObjectAllocator: 6690872 out of 0 bytes used by permanent object pool.
[2021.01.31-18.10.59:788][  0]LogUObjectArray: CloseDisregardForGC: 0/0 objects in disregard for GC pool
[2021.01.31-18.11.00:627][  0]LogTcpMessaging: Initializing TcpMessaging bridge
[2021.01.31-18.11.00:640][  0]LogUdpMessaging: Initializing bridge on interface 0.0.0.0:0 to multicast group 230.0.0.1:6666.
[2021.01.31-18.11.00:777][  0]SourceControl: Source control is disabled
[2021.01.31-18.11.00:778][  0]SourceControl: Source control is disabled
[2021.01.31-18.11.00:779][  0]SourceControl: Source control is disabled
[2021.01.31-18.11.00:779][  0]SourceControl: Source control is disabled
[2021.01.31-18.11.00:938][  0]LogAndroidPermission: UAndroidPermissionCallbackProxy::GetInstance
[2021.01.31-18.11.01:003][  0]LogOcInput: OculusInput pre-init called
[2021.01.31-18.11.01:056][  0]LogEngine: Initializing Engine...
[2021.01.31-18.11.01:057][  0]LogHMD: Failed to initialize OpenVR with code 110
[2021.01.31-18.11.01:058][  0]LogStats: UGameplayTagsManager::ConstructGameplayTagTree: ImportINI prefixes -  0.000 s
[2021.01.31-18.11.01:058][  0]LogStats: UGameplayTagsManager::ConstructGameplayTagTree: Construct from data asset -  0.000 s
[2021.01.31-18.11.01:058][  0]LogStats: UGameplayTagsManager::ConstructGameplayTagTree: ImportINI -  0.000 s
[2021.01.31-18.11.01:058][  0]LogStats: UGameplayTagsManager::ConstructGameplayTagTree: GameplayTagTreeChangedEvent.Broadcast -  0.000 s
[2021.01.31-18.11.01:250][  0]LogInit: Initializing FReadOnlyCVARCache
[2021.01.31-18.11.01:261][  0]LogAIModule: Creating AISystem for world Untitled
[2021.01.31-18.11.01:283][  0]LogInit: XAudio2 using 'Głośniki (Realtek(R) Audio)' : 2 channels at 48 kHz using 32 bits per sample (channel mask 0x3)
[2021.01.31-18.11.02:846][  0]LogInit: FAudioDevice initialized.
[2021.01.31-18.11.02:847][  0]LogNetVersion: Set ProjectVersion to 1.0.0.0. Version Checksum will be recalculated on next use.
[2021.01.31-18.11.02:921][  0]LogDerivedDataCache: Saved boot cache 0.07s 71MB C:/Users/niech/AppData/Local/UnrealEngine/4.20/DerivedDataCache/Boot.ddc.
[2021.01.31-18.11.02:926][  0]LogInit: Texture streaming: Enabled
[2021.01.31-18.11.02:942][  0]LogEngineSessionManager: EngineSessionManager initialized
[2021.01.31-18.11.02:954][  0]LogInit: Transaction tracking system initialized
[2021.01.31-18.11.02:972][  0]BlueprintLog: New page: Editor Load
[2021.01.31-18.11.03:040][  0]LocalizationService: Localization service is disabled
[2021.01.31-18.11.03:291][  0]LogCook: Display: Max memory allowance for cook 16384mb min free memory 0mb
[2021.01.31-18.11.03:291][  0]LogCook: Display: Mobile HDR setting 1
[2021.01.31-18.11.03:291][  0]LogGameplayTags: Display: UGameplayTagsManager::DoneAddingNativeTags. DelegateIsBound: 0
[2021.01.31-18.11.03:291][  0]LogStats: UGameplayTagsManager::ConstructGameplayTagTree: ImportINI prefixes -  0.000 s
[2021.01.31-18.11.03:291][  0]LogStats: UGameplayTagsManager::ConstructGameplayTagTree: Construct from data asset -  0.000 s
[2021.01.31-18.11.03:291][  0]LogStats: UGameplayTagsManager::ConstructGameplayTagTree: ImportINI -  0.000 s
[2021.01.31-18.11.03:291][  0]LogStats: UGameplayTagsManager::ConstructGameplayTagTree: GameplayTagTreeChangedEvent.Broadcast -  0.000 s
[2021.01.31-18.11.03:407][  0]LogFileCache: Scanning file cache for directory 'C:/UnrealEngine/BallRunnerIB/BallRunnerIgaBudnik/Content/' took 0.01s
[2021.01.31-18.11.03:407][  0]SourceControl: Source control is disabled
[2021.01.31-18.11.03:407][  0]Cmd: MAP LOAD FILE="../../../../../../UnrealEngine/BallRunnerIB/BallRunnerIgaBudnik/Content/Levels/Main.umap" TEMPLATE=0 SHOWPROGRESS=1 FEATURELEVEL=3
[2021.01.31-18.11.03:407][  0]LightingResults: New page: Lighting Build
[2021.01.31-18.11.03:410][  0]MapCheck: New page: Map Check
[2021.01.31-18.11.03:410][  0]LightingResults: New page: Lighting Build
[2021.01.31-18.11.03:431][  0]LogAIModule: Creating AISystem for world Main
[2021.01.31-18.11.03:432][  0]LogEditorServer: Finished looking for orphan Actors (0.000 secs)
[2021.01.31-18.11.03:450][  0]Cmd: MAP CHECKDEP NOCLEARLOG
[2021.01.31-18.11.03:540][  0]MapCheck: Map check complete: 0 Error(s), 0 Warning(s), took 89,607ms to complete.
[2021.01.31-18.11.03:540][  0]LogFileHelpers: Loading map 'Main' took 0.132
[2021.01.31-18.11.03:653][  0]LogSlate: Updating window title bar state: overlay mode, drag disabled, window buttons hidden, title bar hidden
[2021.01.31-18.11.03:661][  0]LogSlate: Updating window title bar state: overlay mode, drag disabled, window buttons hidden, title bar hidden
[2021.01.31-18.11.03:667][  0]LogSlate: Updating window title bar state: overlay mode, drag disabled, window buttons hidden, title bar hidden
[2021.01.31-18.11.03:674][  0]LogSlate: Updating window title bar state: overlay mode, drag disabled, window buttons hidden, title bar hidden
[2021.01.31-18.11.03:682][  0]LogCollectionManager: Loaded 0 collections in 0.001469 seconds
[2021.01.31-18.11.03:725][  0]LogFileCache: Scanning file cache for directory 'C:/UnrealEngine/BallRunnerIB/BallRunnerIgaBudnik/Saved/Collections/' took 0.01s
[2021.01.31-18.11.03:725][  0]LogFileCache: Scanning file cache for directory 'C:/UnrealEngine/BallRunnerIB/BallRunnerIgaBudnik/Content/Developers/niech/Collections/' took 0.01s
[2021.01.31-18.11.03:725][  0]LogFileCache: Scanning file cache for directory 'C:/UnrealEngine/BallRunnerIB/BallRunnerIgaBudnik/Content/Collections/' took 0.01s
[2021.01.31-18.11.03:725][  0]LogCollectionManager: Rebuilt the GUID cache for 0 collections in 0.000000 seconds
[2021.01.31-18.11.03:733][  0]LogContentBrowser: Native class hierarchy populated in 0.0074 seconds. Added 2572 classes and 603 folders.
[2021.01.31-18.11.03:740][  0]LogContentBrowser: Native class hierarchy updated for 'WidgetCarousel' in 0.0003 seconds. Added 0 classes and 0 folders.
[2021.01.31-18.11.03:910][  0]LogContentBrowser: Native class hierarchy updated for 'AddContentDialog' in 0.0002 seconds. Added 0 classes and 0 folders.
[2021.01.31-18.11.03:922][  0]LogContentBrowser: Native class hierarchy updated for 'SceneOutliner' in 0.0003 seconds. Added 1 classes and 2 folders.
[2021.01.31-18.11.03:938][  0]LogSlate: Took 0.000267 seconds to synchronously load lazily loaded font '../../../Engine/Content/Slate/Fonts/Roboto-Regular.ttf' (155K)
[2021.01.31-18.11.03:940][  0]LogSlate: Took 0.000293 seconds to synchronously load lazily loaded font '../../../Engine/Content/Slate/Fonts/Roboto-Bold.ttf' (160K)
[2021.01.31-18.11.03:950][  0]LogSlate: Took 0.001591 seconds to synchronously load lazily loaded font '../../../Engine/Content/Editor/Slate/Fonts/FontAwesome.ttf' (139K)
[2021.01.31-18.11.04:028][  0]LogRenderer: Reallocating scene render targets to support 964x500 Format 10 NumSamples 1 (Frame:1).
[2021.01.31-18.11.04:147][  0]LogContentBrowser: Native class hierarchy updated for 'HierarchicalLODOutliner' in 0.0002 seconds. Added 0 classes and 0 folders.
[2021.01.31-18.11.04:147][  0]LogLoad: (Engine Initialization) Total time: 9.33 seconds
[2021.01.31-18.11.04:147][  0]LogLoad: (Engine Initialization) Total Blueprint compile time: 0.00 seconds
[2021.01.31-18.11.04:187][  0]LogContentStreaming: Texture pool size now 1000 MB
[2021.01.31-18.11.04:208][  0]LogSlate: Took 0.001683 seconds to synchronously load lazily loaded font '../../../Engine/Content/Slate/Fonts/Roboto-Light.ttf' (167K)
[2021.01.31-18.11.04:221][  1]LogAssetRegistry: Asset discovery search completed in 5.3448 seconds
[2021.01.31-18.11.04:223][  1]LogCollectionManager: Rebuilt the object cache for 0 collections in 0.000000 seconds (found 0 objects)
[2021.01.31-18.11.04:223][  1]LogCollectionManager: Fixed up redirectors for 0 collections in 0.000061 seconds (updated 0 objects)
[2021.01.31-18.11.07:768][210]LogSlate: FSceneViewport::OnFocusLost() reason 0
[2021.01.31-18.11.09:531][315]Cmd: BRUSH ADD SELECTNEWBRUSH
[2021.01.31-18.11.11:048][405]LogSlate: FSceneViewport::OnFocusLost() reason 0
[2021.01.31-18.11.32:344][680]LogEditorViewport: Clicking Background
[2021.01.31-18.20.55:315][454]LogSlate: Took 0.000278 seconds to synchronously load lazily loaded font '../../../Engine/Content/Slate/Fonts/Roboto-Light.ttf' (167K)
[2021.01.31-18.21.04:317][994]LogSlate: FSceneViewport::OnFocusLost() reason 2
[2021.01.31-18.21.04:373][994]LogSavePackage: Moving '../../../../../../UnrealEngine/BallRunnerIB/BallRunnerIgaBudnik/Saved/Main_Auto19AD92EAC42072BD6B00945AF2D65A1B6.tmp' to '../../../../../../UnrealEngine/BallRunnerIB/BallRunnerIgaBudnik/Saved/Autosaves/Game/Levels/Main_Auto1.umap'
[2021.01.31-18.21.04:382][994]LogFileHelpers: Editor autosave (incl. sublevels) for '/Game/Levels/Main' took 0.044
[2021.01.31-18.21.04:382][994]LogFileHelpers: Editor autosave (incl. sublevels) for all levels took 0.044
[2021.01.31-18.44.52:816][  7]LogD3D11RHI: Timed out while waiting for GPU to catch up. (0.5 s)
[2021.01.31-18.57.22:137][546]Cmd: POLY SELECT ADJACENT ALL
[2021.01.31-18.57.25:882][770]LogSlate: FSceneViewport::OnFocusLost() reason 0
[2021.01.31-18.58.08:219][302]LogSlate: FSceneViewport::OnFocusLost() reason 2
[2021.01.31-18.58.10:029][409]LogSlate: FSceneViewport::OnFocusLost() reason 2
[2021.01.31-18.58.14:500][677]LogSlate: FSceneViewport::OnFocusLost() reason 2
[2021.01.31-18.58.16:771][813]LogSlate: FSceneViewport::OnFocusLost() reason 2
[2021.01.31-18.58.18:559][920]LogSlate: FSceneViewport::OnFocusLost() reason 2
[2021.01.31-18.58.23:866][238]LogSlate: FSceneViewport::OnFocusLost() reason 2
[2021.01.31-18.58.25:030][308]LogEditorViewport: Clicking Background
[2021.01.31-18.58.25:696][348]LogEditorViewport: Clicking Background
[2021.01.31-18.58.26:080][371]LogEditorViewport: Clicking Background
[2021.01.31-18.58.27:104][432]LogSlate: FSceneViewport::OnFocusLost() reason 2
[2021.01.31-18.58.51:942][922]LogSlate: FSceneViewport::OnFocusLost() reason 2
[2021.01.31-18.58.52:002][922]LogSavePackage: Moving '../../../../../../UnrealEngine/BallRunnerIB/BallRunnerIgaBudnik/Saved/Main_Auto2C34C02A54CD14F5350BB6D985586C580.tmp' to '../../../../../../UnrealEngine/BallRunnerIB/BallRunnerIgaBudnik/Saved/Autosaves/Game/Levels/Main_Auto2.umap'
[2021.01.31-18.58.52:007][922]LogFileHelpers: Editor autosave (incl. sublevels) for '/Game/Levels/Main' took 0.048
[2021.01.31-18.58.52:007][922]LogFileHelpers: Editor autosave (incl. sublevels) for all levels took 0.048
[2021.01.31-19.09.53:158][585]LogSlate: FSceneViewport::OnFocusLost() reason 0
[2021.01.31-19.10.04:639][271]LogEditorViewport: Clicking Background
[2021.01.31-19.10.05:423][318]LogSlate: FSceneViewport::OnFocusLost() reason 0
[2021.01.31-19.10.08:174][482]Cmd: POLY SELECT ADJACENT ALL
[2021.01.31-19.10.43:942][627]LogSlate: FSceneViewport::OnFocusLost() reason 2
[2021.01.31-19.10.44:003][627]LogSavePackage: Moving '../../../../../../UnrealEngine/BallRunnerIB/BallRunnerIgaBudnik/Saved/Main_Auto386A09A6D44A73BC279BC4FAAA77DE788.tmp' to '../../../../../../UnrealEngine/BallRunnerIB/BallRunnerIgaBudnik/Saved/Autosaves/Game/Levels/Main_Auto3.umap'
[2021.01.31-19.10.44:008][627]LogFileHelpers: Editor autosave (incl. sublevels) for '/Game/Levels/Main' took 0.049
[2021.01.31-19.10.44:008][627]LogFileHelpers: Editor autosave (incl. sublevels) for all levels took 0.049
[2021.01.31-19.17.33:303][178]LogSlate: FSceneViewport::OnFocusLost() reason 2
[2021.01.31-19.17.37:092][405]LogSlate: FSceneViewport::OnFocusLost() reason 2
[2021.01.31-19.17.46:698][981]LogEditorViewport: Clicking Background
[2021.01.31-19.17.47:197][ 11]LogEditorViewport: Clicking Background
[2021.01.31-19.17.47:531][ 31]LogEditorViewport: Clicking on Actor (double click): Brush (Box Brush2)
[2021.01.31-19.17.57:505][628]LogSlate: FSceneViewport::OnFocusLost() reason 2
[2021.01.31-19.18.08:304][275]LogEditorViewport: Clicking Background
[2021.01.31-19.18.12:494][524]LogEditorViewport: Clicking Background
[2021.01.31-19.20.33:858][  2]LogEditorViewport: Clicking Background
[2021.01.31-19.20.39:291][328]LogEditorViewport: Clicking Background
[2021.01.31-19.20.45:913][722]LogEditorViewport: Clicking Background
[2021.01.31-19.21.11:623][264]LogSlate: FSceneViewport::OnFocusLost() reason 2
[2021.01.31-19.21.11:701][264]LogSavePackage: Moving '../../../../../../UnrealEngine/BallRunnerIB/BallRunnerIgaBudnik/Saved/Main_Auto42965B5A34711EA8241B97DA9238EE69A.tmp' to '../../../../../../UnrealEngine/BallRunnerIB/BallRunnerIgaBudnik/Saved/Autosaves/Game/Levels/Main_Auto4.umap'
[2021.01.31-19.21.11:705][264]LogFileHelpers: Editor autosave (incl. sublevels) for '/Game/Levels/Main' took 0.066
[2021.01.31-19.21.11:705][264]LogFileHelpers: Editor autosave (incl. sublevels) for all levels took 0.066
[2021.01.31-19.21.36:313][739]LogSlate: FSceneViewport::OnFocusLost() reason 0
[2021.01.31-19.21.40:465][986]LogSlate: FSceneViewport::OnFocusLost() reason 0
[2021.01.31-19.21.49:126][504]LogSlate: FSceneViewport::OnFocusLost() reason 0
[2021.01.31-19.31.11:883][263]LogSlate: FSceneViewport::OnFocusLost() reason 2
[2021.01.31-19.31.11:965][263]LogSavePackage: Moving '../../../../../../UnrealEngine/BallRunnerIB/BallRunnerIgaBudnik/Saved/Main_Auto58A418E954192BAB08A44B3A891145400.tmp' to '../../../../../../UnrealEngine/BallRunnerIB/BallRunnerIgaBudnik/Saved/Autosaves/Game/Levels/Main_Auto5.umap'
[2021.01.31-19.31.11:970][263]LogFileHelpers: Editor autosave (incl. sublevels) for '/Game/Levels/Main' took 0.070
[2021.01.31-19.31.11:970][263]LogFileHelpers: Editor autosave (incl. sublevels) for all levels took 0.070
[2021.01.31-19.40.08:553][455]LogEditorViewport: Clicking Background
[2021.01.31-19.40.38:214][227]LogSlate: FSceneViewport::OnFocusLost() reason 2
[2021.01.31-19.40.43:687][552]LogEditorViewport: Clicking Background
[2021.01.31-19.41.00:857][582]LogSlate: FSceneViewport::OnFocusLost() reason 0
[2021.01.31-19.41.28:877][257]LogEditorViewport: Clicking Background
[2021.01.31-19.41.31:528][416]Cmd: TRANSACTION UNDO
[2021.01.31-19.41.31:528][416]LogEditorTransaction: Undo Clicking Background
[2021.01.31-19.41.31:770][430]Cmd: TRANSACTION UNDO
[2021.01.31-19.41.31:770][430]LogEditorTransaction: Undo Move Actors
[2021.01.31-19.41.31:784][430]LogActorComponent: ~FComponentReregisterContext: (/Game/Levels/Main.Main:PersistentLevel.BoxBrush.BrushComponent0) Component already registered.
[2021.01.31-19.41.32:130][450]Cmd: TRANSACTION UNDO
[2021.01.31-19.41.32:130][450]LogEditorTransaction: Undo Move Actors
[2021.01.31-19.41.32:820][491]Cmd: TRANSACTION UNDO
[2021.01.31-19.41.32:820][491]LogEditorTransaction: Undo Move Actors
[2021.01.31-19.41.40:448][944]LogEditorViewport: Clicking Background
[2021.01.31-19.41.51:567][611]LogSlate: FSceneViewport::OnFocusLost() reason 0
[2021.01.31-19.42.05:018][417]LogEditorViewport: Clicking Background
[2021.01.31-19.42.05:985][475]LogSlate: FSceneViewport::OnFocusLost() reason 0
[2021.01.31-19.42.18:434][221]LogEditorViewport: Clicking Background
[2021.01.31-19.42.38:375][367]LogSlate: FSceneViewport::OnFocusLost() reason 2
[2021.01.31-19.42.57:242][497]LogSlate: FSceneViewport::OnFocusLost() reason 2
[2021.01.31-19.43.00:208][675]LogSlate: FSceneViewport::OnFocusLost() reason 0
[2021.01.31-19.43.11:457][349]LogEditorViewport: Clicking Background
[2021.01.31-19.43.12:625][419]LogSlate: FSceneViewport::OnFocusLost() reason 0
[2021.01.31-19.43.34:245][715]LogSlate: FSceneViewport::OnFocusLost() reason 0
[2021.01.31-19.43.46:796][468]LogSlate: FSceneViewport::OnFocusLost() reason 0
[2021.01.31-19.43.51:960][776]LogSlate: FSceneViewport::OnFocusLost() reason 2
[2021.01.31-19.44.10:088][861]LogSlate: FSceneViewport::OnFocusLost() reason 2
[2021.01.31-19.44.18:375][358]LogSlate: FSceneViewport::OnFocusLost() reason 2
[2021.01.31-19.44.22:685][616]LogEditorViewport: Clicking Background
[2021.01.31-19.44.47:978][133]LogSlate: FSceneViewport::OnFocusLost() reason 2
[2021.01.31-19.44.48:104][133]LogSavePackage: Moving '../../../../../../UnrealEngine/BallRunnerIB/BallRunnerIgaBudnik/Saved/Main_Auto6DF21441B44BEAD23D52FFFA8406B3280.tmp' to '../../../../../../UnrealEngine/BallRunnerIB/BallRunnerIgaBudnik/Saved/Autosaves/Game/Levels/Main_Auto6.umap'
[2021.01.31-19.44.48:110][133]LogFileHelpers: Editor autosave (incl. sublevels) for '/Game/Levels/Main' took 0.110
[2021.01.31-19.44.48:110][133]LogFileHelpers: Editor autosave (incl. sublevels) for all levels took 0.110
[2021.01.31-20.38.04:830][909]LogSlate: FSceneViewport::OnFocusLost() reason 2
[2021.01.31-20.38.11:870][329]LogSlate: FSceneViewport::OnFocusLost() reason 2
[2021.01.31-20.38.13:732][440]LogSlate: FSceneViewport::OnFocusLost() reason 2
[2021.01.31-20.38.14:658][440]LogSlate: Only BGRA pngs, bmps or icos are supported in by External Image Picker
[2021.01.31-20.38.14:780][442]LogTemp: Executing iPhonePackager certificates Engine -bundlename com.YourCompany.BallRunnerIgaBudnik
[2021.01.31-20.38.14:780][442]LogTemp: CWD: C:\Program Files\Epic Games\UE_4.20\Engine\Binaries\DotNET\IOS
[2021.01.31-20.38.14:780][442]LogTemp: Initial Dir: C:\Program Files\Epic Games\UE_4.20
[2021.01.31-20.38.14:780][442]LogTemp: Env CWD: C:\Program Files\Epic Games\UE_4.20\Engine\Binaries\DotNET\IOS
[2021.01.31-20.38.14:784][442]LogTemp: BranchPath = DESKTOP-L4EJC2M/C/Program Files/Epic Games/UE_4.20/Engine/Binaries --- GameBranchPath = DESKTOP-L4EJC2M/C/Program Files/Epic Games/UE_4.20/Engine/Binaries
[2021.01.31-20.38.14:812][443]LogTemp: IPP ERROR: Could not find provision directory 'C:\Users\niech\AppData\Local/Apple Computer/MobileDevice/Provisioning Profiles/'.
[2021.01.31-20.38.49:994][546]LogSlate: Window 'Project Settings' being destroyed
[2021.01.31-20.38.50:004][546]LogSlate: Window 'Project Settings' being destroyed
[2021.01.31-20.39.11:236][818]LogEditorViewport: Clicking on Actor (LMB): DirectionalLight (DirectionalLight)
[2021.01.31-20.39.16:384][123]LogSlate: FSceneViewport::OnFocusLost() reason 2
[2021.01.31-20.39.18:104][225]LogSlate: FSceneViewport::OnFocusLost() reason 2
[2021.01.31-20.39.21:649][436]LogSlate: FSceneViewport::OnFocusLost() reason 2
[2021.01.31-20.39.22:848][507]LogSlate: FSceneViewport::OnFocusLost() reason 2
[2021.01.31-20.39.45:425][860]LogEditorViewport: Clicking Background
[2021.01.31-20.40.12:306][472]LogSlate: FSceneViewport::OnFocusLost() reason 2
[2021.01.31-20.40.12:422][472]LogSavePackage: Moving '../../../../../../UnrealEngine/BallRunnerIB/BallRunnerIgaBudnik/Saved/Main_Auto70E4B1A4A48786A12C3168B99ACE96DA1.tmp' to '../../../../../../UnrealEngine/BallRunnerIB/BallRunnerIgaBudnik/Saved/Autosaves/Game/Levels/Main_Auto7.umap'
[2021.01.31-20.40.12:426][472]LogFileHelpers: Editor autosave (incl. sublevels) for '/Game/Levels/Main' took 0.106
[2021.01.31-20.40.12:427][472]LogFileHelpers: Editor autosave (incl. sublevels) for all levels took 0.106
[2021.01.31-20.41.08:015][804]LogSlate: FSceneViewport::OnFocusLost() reason 0
[2021.01.31-20.41.08:481][832]LogTemp: Repeating last play command: Selected Viewport
[2021.01.31-20.41.08:499][832]LogPlayLevel: PlayLevel: No blueprints needed recompiling
[2021.01.31-20.41.08:521][832]PIE: New page: PIE session: Main (31 sty 2021, 22:41:08)
[2021.01.31-20.41.08:522][832]LogPlayLevel: Creating play world package: /Game/Levels/UEDPIE_0_Main
[2021.01.31-20.41.08:530][832]LogPlayLevel: PIE: StaticDuplicateObject took: (0.008317s)
[2021.01.31-20.41.08:531][832]LogAIModule: Creating AISystem for world Main
[2021.01.31-20.41.08:532][832]LogPlayLevel: PIE: World Init took: (0.001484s)
[2021.01.31-20.41.08:532][832]LogPlayLevel: PIE: Created PIE world by copying editor world from /Game/Levels/Main.Main to /Game/Levels/UEDPIE_0_Main.Main (0.010058s)
[2021.01.31-20.41.08:561][832]LogInit: XAudio2 using 'Głośniki (Realtek(R) Audio)' : 2 channels at 48 kHz using 32 bits per sample (channel mask 0x3)
[2021.01.31-20.41.08:587][832]LogInit: FAudioDevice initialized.
[2021.01.31-20.41.08:635][832]LogLoad: Game class is 'GameModeBase'
[2021.01.31-20.41.08:650][832]LogWorld: Bringing World /Game/Levels/UEDPIE_0_Main.Main up for play (max tick rate 60) at 2021.01.31-21.41.08
[2021.01.31-20.41.08:652][832]LogWorld: Bringing up level for play took: 0.002926
[2021.01.31-20.41.08:691][832]LogContentBrowser: Native class hierarchy updated for 'MovieSceneCapture' in 0.0009 seconds. Added 10 classes and 0 folders.
[2021.01.31-20.41.08:701][832]PIE: Play in editor start time for /Game/Levels/UEDPIE_0_Main 0,698
[2021.01.31-20.41.21:622][603]LogSlate: Updating window title bar state: overlay mode, drag disabled, window buttons hidden, title bar hidden
[2021.01.31-20.41.21:661][603]LogPlayLevel: Display: Shutting down PIE online subsystems
[2021.01.31-20.41.21:681][603]LogSlate: Updating window title bar state: overlay mode, drag disabled, window buttons hidden, title bar hidden
[2021.01.31-20.41.21:732][606]LogPlayLevel: Display: Destroying online subsystem :Context_2
[2021.01.31-20.42.01:203][974]LogSlate: FSceneViewport::OnFocusLost() reason 0
[2021.01.31-20.42.08:336][401]LogSlate: FSceneViewport::OnFocusLost() reason 0
[2021.01.31-20.42.08:453][408]LogTemp: Repeating last play command: Selected Viewport
[2021.01.31-20.42.08:462][408]LogPlayLevel: PlayLevel: No blueprints needed recompiling
[2021.01.31-20.42.08:462][408]PIE: New page: PIE session: Main (31 sty 2021, 22:42:08)
[2021.01.31-20.42.08:462][408]LogPlayLevel: Creating play world package: /Game/Levels/UEDPIE_0_Main
[2021.01.31-20.42.08:466][408]LogPlayLevel: PIE: StaticDuplicateObject took: (0.004152s)
[2021.01.31-20.42.08:467][408]LogAIModule: Creating AISystem for world Main
[2021.01.31-20.42.08:467][408]LogPlayLevel: PIE: World Init took: (0.000677s)
[2021.01.31-20.42.08:467][408]LogPlayLevel: PIE: Created PIE world by copying editor world from /Game/Levels/Main.Main to /Game/Levels/UEDPIE_0_Main.Main (0.004992s)
[2021.01.31-20.42.08:488][408]LogInit: XAudio2 using 'Głośniki (Realtek(R) Audio)' : 2 channels at 48 kHz using 32 bits per sample (channel mask 0x3)
[2021.01.31-20.42.08:506][408]LogInit: FAudioDevice initialized.
[2021.01.31-20.42.08:539][408]LogLoad: Game class is 'GameModeBase'
[2021.01.31-20.42.08:540][408]LogWorld: Bringing World /Game/Levels/UEDPIE_0_Main.Main up for play (max tick rate 60) at 2021.01.31-21.42.08
[2021.01.31-20.42.08:541][408]LogWorld: Bringing up level for play took: 0.000738
[2021.01.31-20.42.08:554][408]PIE: Play in editor start time for /Game/Levels/UEDPIE_0_Main 0,551
[2021.01.31-20.42.10:357][516]LogSlate: Updating window title bar state: overlay mode, drag disabled, window buttons hidden, title bar hidden
[2021.01.31-20.42.10:393][516]LogPlayLevel: Display: Shutting down PIE online subsystems
[2021.01.31-20.42.10:415][516]LogSlate: Updating window title bar state: overlay mode, drag disabled, window buttons hidden, title bar hidden
[2021.01.31-20.42.10:465][519]LogPlayLevel: Display: Destroying online subsystem :Context_3
[2021.01.31-20.42.12:083][616]LogEditorViewport: Clicking on Actor (LMB): SpotLight (SpotLight)
[2021.01.31-20.42.43:398][493]LogSlate: FSceneViewport::OnFocusLost() reason 2
[2021.01.31-20.42.44:584][557]LogSlate: FSceneViewport::OnFocusLost() reason 2
[2021.01.31-20.42.44:591][557]LogAssetEditorManager: Opening Asset editor for LevelScriptBlueprint /Game/Levels/Main.Main:PersistentLevel.Main
[2021.01.31-20.42.45:498][557]LogContentBrowser: Native class hierarchy updated for 'BlueprintGraph' in 0.0017 seconds. Added 116 classes and 0 folders.
[2021.01.31-20.42.46:592][557]LogSlate: Took 0.001975 seconds to synchronously load lazily loaded font '../../../Engine/Content/Slate/Fonts/Roboto-BoldCondensed.ttf' (158K)
[2021.01.31-20.43.17:753][395]LogSlate: Window 'Main* - Level Blueprint Editor' being destroyed
[2021.01.31-20.43.17:770][395]LogSlate: Window 'Main* - Level Blueprint Editor' being destroyed
[2021.01.31-20.45.26:500][399]LogSlate: FSceneViewport::OnFocusLost() reason 0
[2021.01.31-20.45.26:798][414]LogSlate: Took 0.000222 seconds to synchronously load lazily loaded font '../../../Engine/Content/Slate/Fonts/Roboto-Italic.ttf' (157K)
[2021.01.31-20.50.27:644][460]LogSlate: FSceneViewport::OnFocusLost() reason 2
[2021.01.31-20.50.27:880][460]LogSavePackage: Moving '../../../../../../UnrealEngine/BallRunnerIB/BallRunnerIgaBudnik/Saved/Main_Auto8DB2F76EE4ED43FA5B5505095948C6768.tmp' to '../../../../../../UnrealEngine/BallRunnerIB/BallRunnerIgaBudnik/Saved/Autosaves/Game/Levels/Main_Auto8.umap'
[2021.01.31-20.50.27:888][460]LogFileHelpers: Editor autosave (incl. sublevels) for '/Game/Levels/Main' took 0.208
[2021.01.31-20.50.27:889][460]LogFileHelpers: Editor autosave (incl. sublevels) for all levels took 0.208
[2021.01.31-20.53.36:037][742]LogEditorViewport: Clicking Background
[2021.01.31-20.53.37:145][808]LogEditorViewport: Clicking on Actor (LMB): SpotLight (SpotLight)
[2021.01.31-20.53.40:012][976]LogSlate: FSceneViewport::OnFocusLost() reason 0
[2021.01.31-20.53.56:416][953]LogEditorViewport: Clicking Background
[2021.01.31-20.53.57:921][ 43]LogSlate: FSceneViewport::OnFocusLost() reason 0
[2021.01.31-20.53.58:004][ 48]LogTemp: Repeating last play command: Selected Viewport
[2021.01.31-20.53.58:013][ 48]LogBlueprintUserMessages: Early PlayInEditor Detection: Level '/Game/Levels/Main.Main:PersistentLevel' has LevelScriptBlueprint '/Game/Levels/Main.Main:PersistentLevel.Main' with GeneratedClass '/Game/Levels/Main.Main_C' with ClassGeneratedBy '/Game/Levels/Main.Main:PersistentLevel.Main'
[2021.01.31-20.53.58:013][ 48]LogPlayLevel: PlayLevel: No blueprints needed recompiling
[2021.01.31-20.53.58:013][ 48]PIE: New page: PIE session: Main (31 sty 2021, 22:53:58)
[2021.01.31-20.53.58:013][ 48]LogPlayLevel: Creating play world package: /Game/Levels/UEDPIE_0_Main
[2021.01.31-20.53.58:020][ 48]LogPlayLevel: PIE: StaticDuplicateObject took: (0.006395s)
[2021.01.31-20.53.58:020][ 48]LogAIModule: Creating AISystem for world Main
[2021.01.31-20.53.58:021][ 48]LogPlayLevel: PIE: World Init took: (0.000907s)
[2021.01.31-20.53.58:021][ 48]LogPlayLevel: PIE: Created PIE world by copying editor world from /Game/Levels/Main.Main to /Game/Levels/UEDPIE_0_Main.Main (0.007543s)
[2021.01.31-20.53.58:046][ 48]LogInit: XAudio2 using 'Głośniki (Realtek(R) Audio)' : 2 channels at 48 kHz using 32 bits per sample (channel mask 0x3)
[2021.01.31-20.53.58:065][ 48]LogInit: FAudioDevice initialized.
[2021.01.31-20.53.58:095][ 48]LogLoad: Game class is 'GameModeBase'
[2021.01.31-20.53.58:097][ 48]LogWorld: Bringing World /Game/Levels/UEDPIE_0_Main.Main up for play (max tick rate 60) at 2021.01.31-21.53.58
[2021.01.31-20.53.58:097][ 48]LogWorld: Bringing up level for play took: 0.000817
[2021.01.31-20.53.58:110][ 48]PIE: Play in editor start time for /Game/Levels/UEDPIE_0_Main 0,108
[2021.01.31-20.53.58:110][ 48]LogBlueprintUserMessages: Late PlayInEditor Detection: Level '/Game/Levels/Main.Main:PersistentLevel' has LevelScriptBlueprint '/Game/Levels/Main.Main:PersistentLevel.Main' with GeneratedClass '/Game/Levels/Main.Main_C' with ClassGeneratedBy '/Game/Levels/Main.Main:PersistentLevel.Main'
[2021.01.31-20.53.59:737][146]LogBlueprintUserMessages: Early EndPlayMap Detection: Level '/Game/Levels/Main.Main:PersistentLevel' has LevelScriptBlueprint '/Game/Levels/Main.Main:PersistentLevel.Main' with GeneratedClass '/Game/Levels/Main.Main_C' with ClassGeneratedBy '/Game/Levels/Main.Main:PersistentLevel.Main'
[2021.01.31-20.53.59:737][146]LogSlate: Updating window title bar state: overlay mode, drag disabled, window buttons hidden, title bar hidden
[2021.01.31-20.53.59:772][146]LogPlayLevel: Display: Shutting down PIE online subsystems
[2021.01.31-20.53.59:772][146]LogBlueprintUserMessages: Late EndPlayMap Detection: Level '/Game/Levels/Main.Main:PersistentLevel' has LevelScriptBlueprint '/Game/Levels/Main.Main:PersistentLevel.Main' with GeneratedClass '/Game/Levels/Main.Main_C' with ClassGeneratedBy '/Game/Levels/Main.Main:PersistentLevel.Main'
[2021.01.31-20.53.59:792][146]LogSlate: Updating window title bar state: overlay mode, drag disabled, window buttons hidden, title bar hidden
[2021.01.31-20.53.59:848][150]LogPlayLevel: Display: Destroying online subsystem :Context_5
[2021.01.31-20.54.29:615][934]LogSlate: FSceneViewport::OnFocusLost() reason 0
[2021.01.31-20.54.51:283][234]LogEditorViewport: Clicking on Actor (LMB): SpotLight (SpotLight3)
[2021.01.31-20.54.53:505][363]LogSlate: FSceneViewport::OnFocusLost() reason 2
[2021.01.31-20.55.44:303][409]LogSlate: Window 'Color Picker' being destroyed
[2021.01.31-20.55.51:923][863]LogEditorViewport: Clicking Background
[2021.01.31-20.55.52:831][917]LogEditorViewport: Clicking on Actor (LMB): SpotLight (SpotLight3)
[2021.01.31-20.56.01:512][435]LogSlate: FSceneViewport::OnFocusLost() reason 0
[2021.01.31-20.56.50:845][385]LogSlate: FSceneViewport::OnFocusLost() reason 0
[2021.01.31-20.57.09:709][515]LogSlate: Window 'Color Picker' being destroyed
[2021.01.31-20.57.18:672][ 51]LogSlate: FSceneViewport::OnFocusLost() reason 0
[2021.01.31-20.57.21:738][235]LogEditorViewport: Clicking Background
[2021.01.31-20.57.24:963][428]LogEditorViewport: Clicking on Actor (LMB): SpotLight (SpotLight2)
[2021.01.31-20.57.28:641][646]Cmd: EDIT CUT
[2021.01.31-20.57.28:678][646]LogEditorActor: Deleted Actor: SpotLight
[2021.01.31-20.57.28:709][646]LogEditorActor: Deleted 1 Actors (0.046 secs)
[2021.01.31-20.57.29:766][710]LogEditorViewport: Clicking on Actor (LMB): SpotLight (SpotLight)
[2021.01.31-20.57.30:108][728]Cmd: EDIT CUT
[2021.01.31-20.57.30:119][728]LogEditorActor: Deleted Actor: SpotLight
[2021.01.31-20.57.30:151][728]LogEditorActor: Deleted 1 Actors (0.038 secs)
[2021.01.31-20.57.34:306][975]LogEditorViewport: Clicking on Actor (LMB): SpotLight (SpotLight3)
[2021.01.31-20.57.39:840][297]Cmd: TRANSACTION UNDO
[2021.01.31-20.57.39:840][297]LogEditorTransaction: Undo Move Actors
[2021.01.31-20.57.41:046][366]LogSlate: FSceneViewport::OnFocusLost() reason 2
[2021.01.31-20.57.45:508][630]LogSlate: Window 'Color Picker' being destroyed
[2021.01.31-20.57.52:703][ 57]LogSlate: FSceneViewport::OnFocusLost() reason 2
[2021.01.31-20.57.55:256][209]LogSlate: Window 'Color Picker' being destroyed
[2021.01.31-20.57.56:977][311]LogEditorViewport: Clicking Background
[2021.01.31-20.58.03:229][683]LogEditorViewport: Clicking on Actor (LMB): SpotLight (SpotLight5)
[2021.01.31-20.58.09:296][ 41]LogSlate: FSceneViewport::OnFocusLost() reason 2
[2021.01.31-20.58.13:394][284]LogSlate: Window 'Color Picker' being destroyed
[2021.01.31-20.58.22:488][825]LogSlate: FSceneViewport::OnFocusLost() reason 2
[2021.01.31-20.58.27:700][136]LogSlate: Window 'Color Picker' being destroyed
[2021.01.31-20.59.35:613][208]LogSlate: FSceneViewport::OnFocusLost() reason 2
[2021.01.31-20.59.41:462][558]LogSlate: Window 'Color Picker' being destroyed
[2021.01.31-20.59.44:484][737]LogSlate: FSceneViewport::OnFocusLost() reason 2
[2021.01.31-20.59.46:816][876]LogSlate: Window 'Color Picker' being destroyed
[2021.01.31-21.00.29:818][455]LogSlate: FSceneViewport::OnFocusLost() reason 2
[2021.01.31-21.00.32:874][455]LogSavePackage: Moving '../../../../../../UnrealEngine/BallRunnerIB/BallRunnerIgaBudnik/Saved/Main_Auto944252C6D4B4A7F04D96A38A5C5FB8334.tmp' to '../../../../../../UnrealEngine/BallRunnerIB/BallRunnerIgaBudnik/Saved/Autosaves/Game/Levels/Main_Auto9.umap'
[2021.01.31-21.00.32:880][455]LogFileHelpers: Editor autosave (incl. sublevels) for '/Game/Levels/Main' took 3.031
[2021.01.31-21.00.32:880][455]LogFileHelpers: Editor autosave (incl. sublevels) for all levels took 3.031
[2021.01.31-21.24.19:621][ 46]LogEditorViewport: Clicking on Actor (LMB): SpotLight (SpotLight4)
[2021.01.31-23.08.29:342][312]LogSlate: FSceneViewport::OnFocusLost() reason 2
[2021.01.31-23.13.23:377][934]LogEditorViewport: Clicking Background
[2021.01.31-23.13.24:426][996]LogSlate: FSceneViewport::OnFocusLost() reason 2
[2021.01.31-23.13.28:755][255]LogSlate: FSceneViewport::OnFocusLost() reason 2
[2021.01.31-23.13.37:499][779]LogSlate: FSceneViewport::OnFocusLost() reason 2
[2021.01.31-23.13.44:603][202]LogSlate: FSceneViewport::OnFocusLost() reason 0
[2021.01.31-23.14.49:792][113]Cmd: EDIT CUT
[2021.01.31-23.14.49:807][113]LogEditorActor: Deleted Actor: SpotLight
[2021.01.31-23.14.49:808][113]LogEditorActor: Deleted Actor: SpotLight
[2021.01.31-23.14.49:809][113]LogEditorActor: Deleted Actor: SpotLight
[2021.01.31-23.14.49:810][113]LogEditorActor: Deleted Actor: SpotLight
[2021.01.31-23.14.49:810][113]LogEditorActor: Deleted Actor: SpotLight
[2021.01.31-23.14.49:811][113]LogEditorActor: Deleted Actor: SpotLight
[2021.01.31-23.14.49:812][113]LogEditorActor: Deleted Actor: SpotLight
[2021.01.31-23.14.49:835][113]LogEditorActor: Deleted 7 Actors (0.035 secs)
[2021.01.31-23.15.00:014][724]Cmd: TRANSACTION UNDO
[2021.01.31-23.15.00:014][724]LogEditorTransaction: Undo Move Actors
[2021.01.31-23.15.03:282][920]Cmd: TRANSACTION UNDO
[2021.01.31-23.15.03:282][920]LogEditorTransaction: Undo Cut
[2021.01.31-23.15.05:800][ 70]LogSlate: FSceneViewport::OnFocusLost() reason 0
[2021.01.31-23.15.06:687][123]Cmd: TRANSACTION UNDO
[2021.01.31-23.15.06:687][123]LogEditorTransaction: Undo Clicking on Actors
[2021.01.31-23.15.08:001][201]LogEditorViewport: Clicking Background
[2021.01.31-23.15.14:766][603]LogSlate: FSceneViewport::OnFocusLost() reason 0
[2021.01.31-23.15.24:522][187]LogSlate: FSceneViewport::OnFocusLost() reason 0
[2021.01.31-23.15.53:297][875]Cmd: TRANSACTION UNDO
[2021.01.31-23.15.53:297][875]LogEditorTransaction: Undo Set Material
[2021.01.31-23.15.53:615][891]Cmd: TRANSACTION UNDO
[2021.01.31-23.15.53:615][891]LogEditorTransaction: Undo Set Material
[2021.01.31-23.15.58:132][158]LogEditorViewport: Clicking Background
[2021.01.31-23.18.20:725][708]LogSlate: FSceneViewport::OnFocusLost() reason 2
[2021.01.31-23.18.21:093][708]LogSavePackage: Moving '../../../../../../UnrealEngine/BallRunnerIB/BallRunnerIgaBudnik/Saved/Main_Auto069F087514FD6F47F373002A3B05C6E92.tmp' to '../../../../../../UnrealEngine/BallRunnerIB/BallRunnerIgaBudnik/Saved/Autosaves/Game/Levels/Main_Auto0.umap'
[2021.01.31-23.18.21:100][708]LogFileHelpers: Editor autosave (incl. sublevels) for '/Game/Levels/Main' took 0.350
[2021.01.31-23.18.21:100][708]LogFileHelpers: Editor autosave (incl. sublevels) for all levels took 0.350
[2021.01.31-23.20.40:515][ 65]LogEditorViewport: Clicking Background
[2021.01.31-23.26.52:303][360]LogSlate: FSceneViewport::OnFocusLost() reason 2
[2021.01.31-23.27.01:811][930]Cmd: POLY SELECT ADJACENT ALL
[2021.01.31-23.27.17:607][874]LogSlate: FSceneViewport::OnFocusLost() reason 0
[2021.01.31-23.27.39:882][190]LogEditorViewport: Clicking Background
[2021.01.31-23.27.47:913][668]Cmd: POLY SELECT ADJACENT ALL
[2021.01.31-23.27.51:014][852]LogSlate: FSceneViewport::OnFocusLost() reason 2
[2021.01.31-23.27.52:451][938]Cmd: POLY SELECT ADJACENT ALL
[2021.01.31-23.27.53:295][985]LogSlate: FSceneViewport::OnFocusLost() reason 0
[2021.01.31-23.28.15:396][304]Cmd: POLY SELECT ADJACENT ALL
[2021.01.31-23.28.18:373][481]LogSlate: FSceneViewport::OnFocusLost() reason 0
[2021.01.31-23.28.22:983][754]Cmd: POLY SELECT ADJACENT ALL
[2021.01.31-23.28.23:090][759]Cmd: POLY SELECT MEMORY SET
[2021.01.31-23.28.31:751][276]Cmd: POLY SELECT ADJACENT ALL
[2021.01.31-23.28.33:541][382]LogEditorViewport: Clicking Background
[2021.01.31-23.28.37:416][611]Cmd: POLY SELECT ADJACENT ALL
[2021.01.31-23.28.43:191][954]LogSlate: FSceneViewport::OnFocusLost() reason 0
[2021.01.31-23.28.46:565][151]LogEditorViewport: Clicking Background
[2021.01.31-23.28.50:545][389]Cmd: TRANSACTION UNDO
[2021.01.31-23.28.50:545][389]LogEditorTransaction: Undo Clicking Background
[2021.01.31-23.28.51:616][450]LogSlate: FSceneViewport::OnFocusLost() reason 0
[2021.01.31-23.29.25:924][477]LogEditorViewport: Clicking Background
[2021.01.31-23.29.29:449][685]Cmd: POLY SELECT ADJACENT ALL
[2021.01.31-23.29.32:069][840]LogSlate: FSceneViewport::OnFocusLost() reason 0
[2021.01.31-23.29.38:470][217]Cmd: POLY SELECT ADJACENT ALL
[2021.01.31-23.29.40:545][337]Cmd: POLY SELECT ADJACENT ALL
[2021.01.31-23.29.41:940][419]LogEditorViewport: Clicking Background
[2021.01.31-23.29.43:687][520]Cmd: POLY SELECT ADJACENT ALL
[2021.01.31-23.29.46:211][668]Cmd: POLY SELECT ADJACENT ALL
[2021.01.31-23.29.47:536][746]LogEditorViewport: Clicking Background
[2021.01.31-23.29.57:844][359]Cmd: POLY SELECT ADJACENT ALL
[2021.01.31-23.30.00:295][500]Cmd: POLY SELECT ADJACENT ALL
[2021.01.31-23.30.01:714][582]LogEditorViewport: Clicking Background
[2021.01.31-23.30.30:789][323]LogSlate: FSceneViewport::OnFocusLost() reason 2
[2021.01.31-23.30.31:150][323]LogSavePackage: Moving '../../../../../../UnrealEngine/BallRunnerIB/BallRunnerIgaBudnik/Saved/Main_Auto178F456DB4B4FD5035B0314A11FF3E82E.tmp' to '../../../../../../UnrealEngine/BallRunnerIB/BallRunnerIgaBudnik/Saved/Autosaves/Game/Levels/Main_Auto1.umap'
[2021.01.31-23.30.31:158][323]LogFileHelpers: Editor autosave (incl. sublevels) for '/Game/Levels/Main' took 0.345
[2021.01.31-23.30.31:158][323]LogFileHelpers: Editor autosave (incl. sublevels) for all levels took 0.345
[2021.01.31-23.33.26:674][826]LogRenderer: Reallocating scene render targets to support 1180x624 Format 10 NumSamples 1 (Frame:743866).
[2021.01.31-23.33.26:729][827]LogRenderer: Reallocating scene render targets to support 1540x828 Format 10 NumSamples 1 (Frame:743868).
[2021.01.31-23.33.26:729][827]LogSlate: FSceneViewport::OnFocusLost() reason 2
[2021.01.31-23.33.33:803][242]LogSlate: FSceneViewport::OnFocusLost() reason 2
[2021.01.31-23.33.35:305][332]LogSlate: FSceneViewport::OnFocusLost() reason 0
[2021.02.01-00.44.49:315][ 24]LogSlate: FSceneViewport::OnFocusLost() reason 0
[2021.02.01-00.44.49:447][ 29]Cmd: OBJ SAVEPACKAGE PACKAGE="/Game/Levels/Main" FILE="../../../../../../UnrealEngine/BallRunnerIB/BallRunnerIgaBudnik/Content/Levels/Main.umap" SILENT=true AUTOSAVING=false KEEPDIRTY=false
[2021.02.01-00.44.49:714][ 29]LogSavePackage: Moving '../../../../../../UnrealEngine/BallRunnerIB/BallRunnerIgaBudnik/Saved/Main337D0E1A4E12E05C0B36CFB3A04BD33E.tmp' to '../../../../../../UnrealEngine/BallRunnerIB/BallRunnerIgaBudnik/Content/Levels/Main.umap'
[2021.02.01-00.44.53:804][257]LogSlate: FSceneViewport::OnFocusLost() reason 0
[2021.02.01-00.44.54:042][266]LogSlate: Window 'BallRunnerIgaBudnik - Unreal Editor' being destroyed
[2021.02.01-00.44.54:045][266]LogWindowsTextInputMethodSystem: Display: IME system now deactivated.
[2021.02.01-00.44.54:376][267]Cmd: QUIT_EDITOR
[2021.02.01-00.44.55:026][267]LogExit: Preparing to exit.
[2021.02.01-00.44.56:568][267]LogExit: Editor shut down
[2021.02.01-00.44.56:571][267]LogExit: Transaction tracking system shut down
[2021.02.01-00.44.57:443][267]LogExit: Object subsystem successfully closed.
[2021.02.01-00.44.57:487][267]LogShaderCompilers: Display: Shaders left to compile 0
[2021.02.01-00.44.57:494][267]LogD3D11RHI: Shutdown
[2021.02.01-00.44.57:495][267]LogD3D11RHI: CleanupD3DDevice
[2021.02.01-00.44.57:505][267]LogD3D11RHI: ~FD3D11DynamicRHI
[2021.02.01-00.44.57:585][267]LogModuleManager: Shutting down and abandoning module BlueprintGraph (618)
[2021.02.01-00.44.57:585][267]LogModuleManager: Shutting down and abandoning module MovieSceneCapture (616)
[2021.02.01-00.44.57:585][267]LogModuleManager: Shutting down and abandoning module Voice (614)
[2021.02.01-00.44.57:585][267]LogModuleManager: Shutting down and abandoning module ExternalImagePicker (612)
[2021.02.01-00.44.57:585][267]LogModuleManager: Shutting down and abandoning module HierarchicalLODOutliner (610)
[2021.02.01-00.44.57:586][267]LogModuleManager: Shutting down and abandoning module SceneOutliner (608)
[2021.02.01-00.44.57:586][267]LogModuleManager: Shutting down and abandoning module AddContentDialog (606)
[2021.02.01-00.44.57:608][267]LogModuleManager: Shutting down and abandoning module WidgetCarousel (605)
[2021.02.01-00.44.57:608][267]LogModuleManager: Shutting down and abandoning module EditorWidgets (602)
[2021.02.01-00.44.57:608][267]LogModuleManager: Shutting down and abandoning module CollectionManager (600)
[2021.02.01-00.44.57:610][267]LogModuleManager: Shutting down and abandoning module StatsViewer (598)
[2021.02.01-00.44.57:611][267]LogModuleManager: Shutting down and abandoning module FoliageEdit (596)
[2021.02.01-00.44.57:611][267]LogModuleManager: Shutting down and abandoning module LandscapeEditor (594)
[2021.02.01-00.44.57:613][267]LogModuleManager: Shutting down and abandoning module MeshPaintMode (592)
[2021.02.01-00.44.57:613][267]LogModuleManager: Shutting down and abandoning module SceneDepthPickerMode (590)
[2021.02.01-00.44.57:613][267]LogModuleManager: Shutting down and abandoning module ActorPickerMode (588)
[2021.02.01-00.44.57:613][267]LogModuleManager: Shutting down and abandoning module GeometryMode (586)
[2021.02.01-00.44.57:613][267]LogModuleManager: Shutting down and abandoning module TextureAlignMode (584)
[2021.02.01-00.44.57:613][267]LogModuleManager: Shutting down and abandoning module BspMode (582)
[2021.02.01-00.44.57:613][267]LogModuleManager: Shutting down and abandoning module PIEPreviewDeviceProfileSelector (580)
[2021.02.01-00.44.57:614][267]LogModuleManager: Shutting down and abandoning module SequenceRecorderSections (578)
[2021.02.01-00.44.57:615][267]LogModuleManager: Shutting down and abandoning module AutomationWorker (576)
[2021.02.01-00.44.57:615][267]LogModuleManager: Shutting down and abandoning module AudioCaptureEditor (574)
[2021.02.01-00.44.57:615][267]LogModuleManager: Shutting down and abandoning module SequenceRecorder (573)
[2021.02.01-00.44.57:616][267]LogModuleManager: Shutting down and abandoning module MatineeToLevelSequence (570)
[2021.02.01-00.44.57:616][267]LogModuleManager: Shutting down and abandoning module LevelSequenceEditor (568)
[2021.02.01-00.44.57:620][267]LogModuleManager: Shutting down and abandoning module PlacementMode (567)
[2021.02.01-00.44.57:620][267]LogModuleManager: Shutting down and abandoning module MaterialEditor (566)
[2021.02.01-00.44.57:624][267]LogModuleManager: Shutting down and abandoning module WmfMediaFactory (562)
[2021.02.01-00.44.57:624][267]LogModuleManager: Shutting down and abandoning module WmfMediaEditor (560)
[2021.02.01-00.44.57:624][267]LogModuleManager: Shutting down and abandoning module MediaPlayerEditor (558)
[2021.02.01-00.44.57:626][267]LogModuleManager: Shutting down and abandoning module OpenExrWrapper (556)
[2021.02.01-00.44.57:626][267]LogModuleManager: Shutting down and abandoning module ImgMediaFactory (554)
[2021.02.01-00.44.57:626][267]LogModuleManager: Shutting down and abandoning module ImgMediaEditor (552)
[2021.02.01-00.44.57:626][267]LogModuleManager: Shutting down and abandoning module AvfMediaFactory (550)
[2021.02.01-00.44.57:626][267]LogModuleManager: Shutting down and abandoning module AvfMediaEditor (548)
[2021.02.01-00.44.57:626][267]LogModuleManager: Shutting down and abandoning module AndroidMediaFactory (546)
[2021.02.01-00.44.57:626][267]LogModuleManager: Shutting down and abandoning module AndroidMediaEditor (544)
[2021.02.01-00.44.57:626][267]LogModuleManager: Shutting down and abandoning module MagicLeapCameraPreviewFactory (542)
[2021.02.01-00.44.57:626][267]LogModuleManager: Shutting down and abandoning module MagicLeapMediaFactory (540)
[2021.02.01-00.44.57:626][267]LogModuleManager: Shutting down and abandoning module MagicLeapMediaEditor (538)
[2021.02.01-00.44.57:626][267]LogModuleManager: Shutting down and abandoning module CharacterAI (536)
[2021.02.01-00.44.57:627][267]LogModuleManager: Shutting down and abandoning module SmartSnapping (534)
[2021.02.01-00.44.57:627][267]LogModuleManager: Shutting down and abandoning module SessionServices (532)
[2021.02.01-00.44.57:627][267]LogModuleManager: Shutting down and abandoning module ViewportSnapping (530)
[2021.02.01-00.44.57:627][267]LogModuleManager: Shutting down and abandoning module ViewportInteraction (528)
[2021.02.01-00.44.57:627][267]LogModuleManager: Shutting down and abandoning module ClothPainter (526)
[2021.02.01-00.44.57:629][267]LogModuleManager: Shutting down and abandoning module SkeletalMeshEditor (525)
[2021.02.01-00.44.57:631][267]LogModuleManager: Shutting down and abandoning module LogVisualizer (522)
[2021.02.01-00.44.57:632][267]LogModuleManager: Shutting down and abandoning module IntroTutorials (520)
[2021.02.01-00.44.57:633][267]LogModuleManager: Shutting down and abandoning module GameProjectGeneration (519)
[2021.02.01-00.44.57:634][267]LogModuleManager: Shutting down and abandoning module LuminPlatformEditor (516)
[2021.02.01-00.44.57:634][267]LogModuleManager: Shutting down and abandoning module IOSPlatformEditor (514)
[2021.02.01-00.44.57:634][267]LogModuleManager: Shutting down and abandoning module HTML5PlatformEditor (512)
[2021.02.01-00.44.57:634][267]LogModuleManager: Shutting down and abandoning module AndroidPlatformEditor (510)
[2021.02.01-00.44.57:634][267]LogModuleManager: Shutting down and abandoning module AndroidDeviceDetection (509)
[2021.02.01-00.44.59:516][267]LogModuleManager: Shutting down and abandoning module WindowsPlatformEditor (506)
[2021.02.01-00.44.59:516][267]LogModuleManager: Shutting down and abandoning module LuminRuntimeSettings (504)
[2021.02.01-00.44.59:516][267]LogModuleManager: Shutting down and abandoning module IOSRuntimeSettings (502)
[2021.02.01-00.44.59:517][267]LogModuleManager: Shutting down and abandoning module AndroidRuntimeSettings (500)
[2021.02.01-00.44.59:517][267]LogModuleManager: Shutting down and abandoning module InputBindingEditor (498)
[2021.02.01-00.44.59:519][267]LogModuleManager: Shutting down and abandoning module MergeActors (496)
[2021.02.01-00.44.59:520][267]LogModuleManager: Shutting down and abandoning module LocalizationDashboard (494)
[2021.02.01-00.44.59:521][267]LogModuleManager: Shutting down and abandoning module LocalizationService (493)
[2021.02.01-00.44.59:521][267]LogModuleManager: Shutting down and abandoning module HardwareTargeting (490)
[2021.02.01-00.44.59:521][267]LogModuleManager: Shutting down and abandoning module DeviceProfileEditor (488)
[2021.02.01-00.44.59:521][267]LogModuleManager: Shutting down and abandoning module UndoHistory (486)
[2021.02.01-00.44.59:522][267]LogModuleManager: Shutting down and abandoning module XmlParser (484)
[2021.02.01-00.44.59:522][267]LogModuleManager: Shutting down and abandoning module Blutility (482)
[2021.02.01-00.44.59:522][267]LogModuleManager: Shutting down and abandoning module ProjectSettingsViewer (480)
[2021.02.01-00.44.59:522][267]LogModuleManager: Shutting down and abandoning module ProjectTargetPlatformEditor (479)
[2021.02.01-00.44.59:524][267]LogModuleManager: Shutting down and abandoning module EditorSettingsViewer (476)
[2021.02.01-00.44.59:524][267]LogModuleManager: Shutting down and abandoning module SettingsEditor (474)
[2021.02.01-00.44.59:526][267]LogModuleManager: Shutting down and abandoning module ProjectLauncher (472)
[2021.02.01-00.44.59:527][267]LogModuleManager: Shutting down and abandoning module SessionFrontend (470)
[2021.02.01-00.44.59:527][267]LogModuleManager: Shutting down and abandoning module ProfilerClient (468)
[2021.02.01-00.44.59:528][267]LogModuleManager: Shutting down and abandoning module DeviceManager (466)
[2021.02.01-00.44.59:528][267]LogModuleManager: Shutting down and abandoning module TargetDeviceServices (465)
[2021.02.01-00.44.59:592][267]LogModuleManager: Shutting down and abandoning module AutomationController (462)
[2021.02.01-00.44.59:593][267]LogModuleManager: Shutting down and abandoning module AutomationWindow (460)
[2021.02.01-00.44.59:595][267]LogModuleManager: Shutting down and abandoning module Layers (458)
[2021.02.01-00.44.59:597][267]LogModuleManager: Shutting down and abandoning module ComponentVisualizers (456)
[2021.02.01-00.44.59:598][267]LogModuleManager: Shutting down and abandoning module DetailCustomizations (454)
[2021.02.01-00.44.59:598][267]LogModuleManager: Shutting down and abandoning module PackagesDialog (452)
[2021.02.01-00.44.59:599][267]LogModuleManager: Shutting down and abandoning module Persona (450)
[2021.02.01-00.44.59:600][267]LogModuleManager: Shutting down and abandoning module AdvancedPreviewScene (449)
[2021.02.01-00.44.59:600][267]LogModuleManager: Shutting down and abandoning module AnimGraph (447)
[2021.02.01-00.44.59:601][267]LogModuleManager: Shutting down and abandoning module Kismet (444)
[2021.02.01-00.44.59:606][267]LogModuleManager: Shutting down and abandoning module GraphEditor (442)
[2021.02.01-00.44.59:606][267]LogModuleManager: Shutting down and abandoning module ClassViewer (440)
[2021.02.01-00.44.59:606][267]LogModuleManager: Shutting down and abandoning module Toolbox (438)
[2021.02.01-00.44.59:606][267]LogModuleManager: Shutting down and abandoning module ModuleUI (436)
[2021.02.01-00.44.59:607][267]LogModuleManager: Shutting down and abandoning module MovieSceneTools (434)
[2021.02.01-00.44.59:608][267]LogModuleManager: Shutting down and abandoning module OutputLog (432)
[2021.02.01-00.44.59:608][267]LogModuleManager: Shutting down and abandoning module GammaUI (430)
[2021.02.01-00.44.59:610][267]LogModuleManager: Shutting down and abandoning module Documentation (428)
[2021.02.01-00.44.59:610][267]LogModuleManager: Shutting down and abandoning module MovieSceneTracks (426)
[2021.02.01-00.44.59:610][267]LogModuleManager: Shutting down and abandoning module MovieScene (424)
[2021.02.01-00.44.59:611][267]LogModuleManager: Shutting down and abandoning module StreamingPauseRendering (422)
[2021.02.01-00.44.59:611][267]LogModuleManager: Shutting down and abandoning module LauncherPlatform (420)
[2021.02.01-00.44.59:611][267]LogModuleManager: Shutting down and abandoning module AnalyticsET (418)
[2021.02.01-00.44.59:611][267]LogModuleManager: Shutting down and abandoning module PortalServices (416)
[2021.02.01-00.44.59:611][267]LogModuleManager: Shutting down and abandoning module PortalRpc (414)
[2021.02.01-00.44.59:612][267]LogModuleManager: Shutting down and abandoning module MessagingRpc (412)
[2021.02.01-00.44.59:612][267]LogModuleManager: Shutting down and abandoning module AIModule (410)
[2021.02.01-00.44.59:612][267]LogModuleManager: Shutting down and abandoning module GameplayDebugger (409)
[2021.02.01-00.44.59:613][267]LogModuleManager: Shutting down and abandoning module AITestSuite (407)
[2021.02.01-00.44.59:613][267]LogModuleManager: Shutting down and abandoning module NavigationSystem (405)
[2021.02.01-00.44.59:613][267]LogModuleManager: Shutting down and abandoning module DesktopPlatform (402)
[2021.02.01-00.44.59:613][267]LogModuleManager: Shutting down and abandoning module ProfilerService (400)
[2021.02.01-00.44.59:834][267]LogModuleManager: Shutting down and abandoning module TaskGraph (398)
[2021.02.01-00.44.59:838][267]LogModuleManager: Shutting down and abandoning module SteamVRController (396)
[2021.02.01-00.44.59:838][267]LogModuleManager: Shutting down and abandoning module ProceduralMeshComponentEditor (394)
[2021.02.01-00.44.59:838][267]LogModuleManager: Shutting down and abandoning module ProceduralMeshComponent (392)
[2021.02.01-00.44.59:840][267]LogModuleManager: Shutting down and abandoning module OculusInput (390)
[2021.02.01-00.44.59:840][267]LogModuleManager: Shutting down and abandoning module MobilePatchingUtils (388)
[2021.02.01-00.44.59:840][267]LogModuleManager: Shutting down and abandoning module EditableMesh (386)
[2021.02.01-00.44.59:840][267]LogModuleManager: Shutting down and abandoning module CustomMeshComponent (384)
[2021.02.01-00.44.59:840][267]LogModuleManager: Shutting down and abandoning module CableComponent (382)
[2021.02.01-00.44.59:840][267]LogModuleManager: Shutting down and abandoning module AudioCapture (380)
[2021.02.01-00.44.59:840][267]LogModuleManager: Shutting down and abandoning module ArchVisCharacter (378)
[2021.02.01-00.44.59:840][267]LogModuleManager: Shutting down and abandoning module AndroidPermission (376)
[2021.02.01-00.44.59:840][267]LogModuleManager: Shutting down and abandoning module NUTUnrealEngine4 (374)
[2021.02.01-00.44.59:840][267]LogModuleManager: Shutting down and abandoning module NetcodeUnitTest (372)
[2021.02.01-00.44.59:843][267]LogModuleManager: Shutting down and abandoning module MediaCompositingEditor (370)
[2021.02.01-00.44.59:843][267]LogModuleManager: Shutting down and abandoning module MediaCompositing (368)
[2021.02.01-00.44.59:843][267]LogModuleManager: Shutting down and abandoning module LinearTimecode (366)
[2021.02.01-00.44.59:843][267]LogModuleManager: Shutting down and abandoning module ImgMedia (364)
[2021.02.01-00.44.59:847][267]LogModuleManager: Shutting down and abandoning module HTML5Networking (362)
[2021.02.01-00.44.59:847][267]LogModuleManager: Shutting down and abandoning module GeometryCacheTracks (360)
[2021.02.01-00.44.59:847][267]LogModuleManager: Shutting down and abandoning module GeometryCacheSequencer (358)
[2021.02.01-00.44.59:847][267]LogModuleManager: Shutting down and abandoning module BackChannel (356)
[2021.02.01-00.44.59:848][267]LogModuleManager: Shutting down and abandoning module AppleVision (354)
[2021.02.01-00.44.59:848][267]LogModuleManager: Shutting down and abandoning module AppleImageUtils (352)
[2021.02.01-00.44.59:848][267]LogModuleManager: Shutting down and abandoning module AlembicImporter (350)
[2021.02.01-00.44.59:848][267]LogModuleManager: Shutting down and abandoning module AlembicLibrary (349)
[2021.02.01-00.44.59:848][267]LogModuleManager: Shutting down and abandoning module GeometryCache (348)
[2021.02.01-00.44.59:848][267]LogModuleManager: Shutting down and abandoning module GeometryCacheEd (347)
[2021.02.01-00.44.59:848][267]LogModuleManager: Shutting down and abandoning module DatasmithContentEditor (342)
[2021.02.01-00.44.59:849][267]LogModuleManager: Shutting down and abandoning module DatasmithContent (340)
[2021.02.01-00.44.59:849][267]LogModuleManager: Shutting down and abandoning module SpeedTreeImporter (338)
[2021.02.01-00.44.59:849][267]LogModuleManager: Shutting down and abandoning module PluginBrowser (336)
[2021.02.01-00.44.59:852][267]LogModuleManager: Shutting down and abandoning module MobileLauncherProfileWizard (334)
[2021.02.01-00.44.59:852][267]LogModuleManager: Shutting down and abandoning module PolygonModeling (332)
[2021.02.01-00.44.59:852][267]LogModuleManager: Shutting down and abandoning module MeshEditor (330)
[2021.02.01-00.44.59:853][267]LogModuleManager: Shutting down and abandoning module CryptoKeysOpenSSL (328)
[2021.02.01-00.44.59:853][267]LogModuleManager: Shutting down and abandoning module CryptoKeys (326)
[2021.02.01-00.44.59:853][267]LogModuleManager: Shutting down and abandoning module VisualStudioSourceCodeAccess (324)
[2021.02.01-00.44.59:853][267]LogModuleManager: Shutting down and abandoning module VisualStudioCodeSourceCodeAccess (322)
[2021.02.01-00.44.59:853][267]LogModuleManager: Shutting down and abandoning module UObjectPlugin (320)
[2021.02.01-00.44.59:854][267]LogModuleManager: Shutting down and abandoning module SubversionSourceControl (318)
[2021.02.01-00.44.59:854][267]LogModuleManager: Shutting down and abandoning module PerforceSourceControl (316)
[2021.02.01-00.44.59:856][267]LogModuleManager: Shutting down and abandoning module GitSourceControl (314)
[2021.02.01-00.44.59:856][267]LogModuleManager: Shutting down and abandoning module SourceControl (313)
[2021.02.01-00.44.59:858][267]LogModuleManager: Shutting down and abandoning module CLionSourceCodeAccess (310)
[2021.02.01-00.44.59:858][267]LogModuleManager: Shutting down and abandoning module LightPropagationVolumeEditor (308)
[2021.02.01-00.44.59:858][267]LogModuleManager: Shutting down and abandoning module PaperTiledImporter (306)
[2021.02.01-00.44.59:858][267]LogModuleManager: Shutting down and abandoning module PaperSpriteSheetImporter (304)
[2021.02.01-00.44.59:858][267]LogModuleManager: Shutting down and abandoning module Paper2DEditor (302)
[2021.02.01-00.44.59:862][267]LogModuleManager: Shutting down and abandoning module MeshPaint (301)
[2021.02.01-00.44.59:863][267]LogModuleManager: Shutting down and abandoning module RuntimePhysXCooking (298)
[2021.02.01-00.44.59:863][267]LogModuleManager: Shutting down and abandoning module PhysXVehiclesEditor (296)
[2021.02.01-00.44.59:863][267]LogModuleManager: Shutting down and abandoning module PhysXVehicles (294)
[2021.02.01-00.44.59:863][267]LogModuleManager: Shutting down and abandoning module OculusEditor (292)
[2021.02.01-00.44.59:863][267]LogModuleManager: Shutting down and abandoning module LocationServicesBPLibrary (290)
[2021.02.01-00.44.59:863][267]LogModuleManager: Shutting down and abandoning module ImmediatePhysicsEditor (288)
[2021.02.01-00.44.59:863][267]LogModuleManager: Shutting down and abandoning module ImmediatePhysics (286)
[2021.02.01-00.44.59:864][267]LogModuleManager: Shutting down and abandoning module ActorSequence (284)
[2021.02.01-00.44.59:864][267]LogModuleManager: Shutting down and abandoning module UdpMessaging (282)
[2021.02.01-00.44.59:965][267]LogModuleManager: Shutting down and abandoning module TcpMessaging (280)
[2021.02.01-00.45.00:067][267]LogModuleManager: Shutting down and abandoning module MagicLeapAudio (278)
[2021.02.01-00.45.00:067][267]LogModuleManager: Shutting down and abandoning module GameplayTagsEditor (276)
[2021.02.01-00.45.00:067][267]LogModuleManager: Shutting down and abandoning module FacialAnimationEditor (274)
[2021.02.01-00.45.00:067][267]LogModuleManager: Shutting down and abandoning module FacialAnimation (272)
[2021.02.01-00.45.00:067][267]LogModuleManager: Shutting down and abandoning module DataValidation (270)
[2021.02.01-00.45.00:067][267]LogModuleManager: Shutting down and abandoning module AssetManagerEditor (268)
[2021.02.01-00.45.00:069][267]LogModuleManager: Shutting down and abandoning module LevelEditor (267)
[2021.02.01-00.45.00:073][267]LogModuleManager: Shutting down and abandoning module PixelInspectorModule (266)
[2021.02.01-00.45.00:074][267]LogModuleManager: Shutting down and abandoning module CommonMenuExtensions (264)
[2021.02.01-00.45.00:074][267]LogModuleManager: Shutting down and abandoning module MainFrame (262)
[2021.02.01-00.45.00:076][267]LogModuleManager: Shutting down and abandoning module HotReload (261)
[2021.02.01-00.45.00:290][267]LogModuleManager: Shutting down and abandoning module ContentBrowser (257)
[2021.02.01-00.45.00:397][267]LogModuleManager: Shutting down and abandoning module TreeMap (255)
[2021.02.01-00.45.00:614][267]LogModuleManager: Shutting down and abandoning module LightPropagationVolumeRuntime (252)
[2021.02.01-00.45.00:614][267]LogModuleManager: Shutting down and abandoning module AISupportModule (250)
[2021.02.01-00.45.00:614][267]LogModuleManager: Shutting down and abandoning module Paper2D (248)
[2021.02.01-00.45.00:721][267]LogModuleManager: Shutting down and abandoning module WindowsMoviePlayer (246)
[2021.02.01-00.45.00:935][267]LogModuleManager: Shutting down and abandoning module WmfMedia (244)
[2021.02.01-00.45.01:041][267]LogModuleManager: Shutting down and abandoning module Media (243)
[2021.02.01-00.45.01:048][267]LogModuleManager: Shutting down and abandoning module PacketHandler (240)
[2021.02.01-00.45.01:048][267]LogModuleManager: Shutting down and abandoning module ClothingSystemEditor (238)
[2021.02.01-00.45.01:048][267]LogModuleManager: Shutting down and abandoning module ClothingSystemRuntime (236)
[2021.02.01-00.45.01:254][267]LogModuleManager: Shutting down and abandoning module MediaAssets (234)
[2021.02.01-00.45.01:255][267]LogModuleManager: Shutting down and abandoning module Overlay (232)
[2021.02.01-00.45.01:255][267]LogModuleManager: Shutting down and abandoning module OverlayEditor (231)
[2021.02.01-00.45.01:255][267]LogModuleManager: Shutting down and abandoning module VREditor (228)
[2021.02.01-00.45.01:362][267]LogModuleManager: Shutting down and abandoning module StringTableEditor (226)
[2021.02.01-00.45.01:578][267]LogModuleManager: Shutting down and abandoning module GameplayTasksEditor (224)
[2021.02.01-00.45.01:578][267]LogModuleManager: Shutting down and abandoning module BehaviorTreeEditor (222)
[2021.02.01-00.45.02:220][267]LogModuleManager: Shutting down and abandoning module FunctionalTesting (220)
[2021.02.01-00.45.02:433][267]LogModuleManager: Shutting down and abandoning module CollisionAnalyzer (218)
[2021.02.01-00.45.02:754][267]LogModuleManager: Shutting down and abandoning module WorkspaceMenuStructure (217)
[2021.02.01-00.45.02:754][267]LogModuleManager: Shutting down and abandoning module UMG (214)
[2021.02.01-00.45.02:861][267]LogModuleManager: Shutting down and abandoning module UMGEditor (213)
[2021.02.01-00.45.03:291][267]LogModuleManager: Shutting down and abandoning module Sequencer (212)
[2021.02.01-00.45.03:859][267]LogModuleManager: Shutting down and abandoning module MessageLog (209)
[2021.02.01-00.45.03:859][267]LogModuleManager: Shutting down and abandoning module SlateReflector (204)
[2021.02.01-00.45.03:861][267]LogModuleManager: Shutting down and abandoning module Slate (202)
[2021.02.01-00.45.03:861][267]LogModuleManager: Shutting down and abandoning module EditorStyle (200)
[2021.02.01-00.45.03:865][267]LogModuleManager: Shutting down and abandoning module MRMesh (198)
[2021.02.01-00.45.03:866][267]LogModuleManager: Shutting down and abandoning module SourceCodeAccess (196)
[2021.02.01-00.45.03:866][267]LogModuleManager: Shutting down and abandoning module HeadMountedDisplay (194)
[2021.02.01-00.45.03:866][267]LogModuleManager: Shutting down and abandoning module XAudio2 (192)
[2021.02.01-00.45.03:866][267]LogModuleManager: Shutting down and abandoning module Networking (190)
[2021.02.01-00.45.03:866][267]LogModuleManager: Shutting down and abandoning module Core (188)
[2021.02.01-00.45.03:866][267]LogModuleManager: Shutting down and abandoning module LevelSequence (186)
[2021.02.01-00.45.03:866][267]LogModuleManager: Shutting down and abandoning module KismetCompiler (184)
[2021.02.01-00.45.03:866][267]LogModuleManager: Shutting down and abandoning module MeshUtilities (182)
[2021.02.01-00.45.03:867][267]LogModuleManager: Shutting down and abandoning module MeshMergeUtilities (181)
[2021.02.01-00.45.03:868][267]LogModuleManager: Shutting down and abandoning module MeshReductionInterface (180)
[2021.02.01-00.45.03:868][267]LogModuleManager: Shutting down and abandoning module SimplygonSwarm (179)
[2021.02.01-00.45.03:868][267]LogModuleManager: Shutting down and abandoning module ProxyLODMeshReduction (177)
[2021.02.01-00.45.03:870][267]LogModuleManager: Shutting down and abandoning module SimplygonMeshReduction (175)
[2021.02.01-00.45.03:870][267]LogModuleManager: Shutting down and abandoning module QuadricMeshReduction (173)
[2021.02.01-00.45.03:870][267]LogModuleManager: Shutting down and abandoning module MaterialBaking (169)
[2021.02.01-00.45.03:870][267]LogModuleManager: Shutting down and abandoning module DirectoryWatcher (165)
[2021.02.01-00.45.03:873][267]LogModuleManager: Shutting down and abandoning module DerivedDataCache (162)
[2021.02.01-00.45.03:930][267]LogDerivedDataCache: Shutdown
[2021.02.01-00.45.03:931][267]LogModuleManager: Shutting down and abandoning module XGEController (160)
[2021.02.01-00.45.03:931][267]LogModuleManager: Shutting down and abandoning module TargetPlatform (158)
[2021.02.01-00.45.03:932][267]LogModuleManager: Shutting down and abandoning module VulkanShaderFormat (157)
[2021.02.01-00.45.03:932][267]LogModuleManager: Shutting down and abandoning module ShaderFormatVectorVM (155)
[2021.02.01-00.45.03:933][267]LogModuleManager: Shutting down and abandoning module ShaderFormatOpenGL (153)
[2021.02.01-00.45.03:934][267]LogModuleManager: Shutting down and abandoning module ShaderFormatD3D (151)
[2021.02.01-00.45.03:934][267]LogModuleManager: Shutting down and abandoning module MetalShaderFormat (149)
[2021.02.01-00.45.03:935][267]LogModuleManager: Shutting down and abandoning module TextureFormatUncompressed (147)
[2021.02.01-00.45.03:935][267]LogModuleManager: Shutting down and abandoning module TextureFormatPVR (145)
[2021.02.01-00.45.03:935][267]LogModuleManager: Shutting down and abandoning module TextureFormatDXT (143)
[2021.02.01-00.45.03:936][267]LogModuleManager: Shutting down and abandoning module TextureFormatIntelISPCTexComp (141)
[2021.02.01-00.45.03:937][267]LogModuleManager: Shutting down and abandoning module TextureFormatASTC (139)
[2021.02.01-00.45.03:937][267]LogModuleManager: Shutting down and abandoning module ImageWrapper (138)
[2021.02.01-00.45.03:937][267]LogModuleManager: Shutting down and abandoning module TextureFormatAndroid (135)
[2021.02.01-00.45.03:937][267]LogModuleManager: Shutting down and abandoning module AudioFormatOpus (133)
[2021.02.01-00.45.03:937][267]LogModuleManager: Shutting down and abandoning module AudioFormatOgg (131)
[2021.02.01-00.45.03:937][267]LogModuleManager: Shutting down and abandoning module AudioFormatADPCM (129)
[2021.02.01-00.45.03:937][267]LogModuleManager: Shutting down and abandoning module LuminTargetPlatform (127)
[2021.02.01-00.45.03:937][267]LogModuleManager: Shutting down and abandoning module LinuxTargetPlatform (125)
[2021.02.01-00.45.03:937][267]LogModuleManager: Shutting down and abandoning module LinuxServerTargetPlatform (123)
[2021.02.01-00.45.03:937][267]LogModuleManager: Shutting down and abandoning module LinuxNoEditorTargetPlatform (121)
[2021.02.01-00.45.03:937][267]LogModuleManager: Shutting down and abandoning module LinuxClientTargetPlatform (119)
[2021.02.01-00.45.03:938][267]LogModuleManager: Shutting down and abandoning module TVOSTargetPlatform (117)
[2021.02.01-00.45.03:948][267]LogModuleManager: Shutting down and abandoning module Messaging (115)
[2021.02.01-00.45.03:948][267]LogModuleManager: Shutting down and abandoning module IOSTargetPlatform (113)
[2021.02.01-00.45.03:956][267]LogModuleManager: Shutting down and abandoning module HTML5TargetPlatform (111)
[2021.02.01-00.45.03:956][267]LogModuleManager: Shutting down and abandoning module AndroidTargetPlatform (109)
[2021.02.01-00.45.04:018][267]LogModuleManager: Shutting down and abandoning module WindowsTargetPlatform (107)
[2021.02.01-00.45.04:018][267]LogModuleManager: Shutting down and abandoning module WindowsServerTargetPlatform (105)
[2021.02.01-00.45.04:018][267]LogModuleManager: Shutting down and abandoning module WindowsNoEditorTargetPlatform (103)
[2021.02.01-00.45.04:018][267]LogModuleManager: Shutting down and abandoning module WindowsClientTargetPlatform (101)
[2021.02.01-00.45.04:019][267]LogModuleManager: Shutting down and abandoning module MacTargetPlatform (99)
[2021.02.01-00.45.04:019][267]LogModuleManager: Shutting down and abandoning module MacServerTargetPlatform (97)
[2021.02.01-00.45.04:019][267]LogModuleManager: Shutting down and abandoning module MacNoEditorTargetPlatform (95)
[2021.02.01-00.45.04:019][267]LogModuleManager: Shutting down and abandoning module MacClientTargetPlatform (93)
[2021.02.01-00.45.04:019][267]LogModuleManager: Shutting down and abandoning module AllDesktopTargetPlatform (91)
[2021.02.01-00.45.04:019][267]LogModuleManager: Shutting down and abandoning module InputCore (88)
[2021.02.01-00.45.04:019][267]LogModuleManager: Shutting down and abandoning module Settings (86)
[2021.02.01-00.45.04:019][267]LogModuleManager: Shutting down and abandoning module PhysXCooking (84)
[2021.02.01-00.45.04:019][267]LogModuleManager: Shutting down and abandoning module SteamVR (82)
[2021.02.01-00.45.04:019][267]LogModuleManager: Shutting down and abandoning module OculusHMD (80)
[2021.02.01-00.45.04:019][267]LogModuleManager: Shutting down and abandoning module ExampleDeviceProfileSelector (78)
[2021.02.01-00.45.04:019][267]LogModuleManager: Shutting down and abandoning module LauncherChunkInstaller (76)
[2021.02.01-00.45.04:019][267]LogModuleManager: Shutting down and abandoning module OnlineBlueprintSupport (74)
[2021.02.01-00.45.04:019][267]LogModuleManager: Shutting down and abandoning module OnlineSubsystem (70)
[2021.02.01-00.45.04:021][267]LogModuleManager: Shutting down and abandoning module XMPP (65)
[2021.02.01-00.45.04:022][267]LogModuleManager: Shutting down and abandoning module WebSockets (64)
[2021.02.01-00.45.04:052][267]LogModuleManager: Shutting down and abandoning module HTTP (61)
[2021.02.01-00.45.04:052][267]LogHttp: Display: Http module shutting down, but needs to wait on 1 outstanding Http requests:
[2021.02.01-00.45.04:052][267]LogHttp: Display: 	verb=[POST] url=[https://datarouter.ol.epicgames.com/datarouter/api/v1/public/data?SessionID=%7B3A9CA32F-4AAB-F2C8-B606-96A047B532CE%7D&AppID=UEEditor.Rocket.Release&AppVersion=4.20.3-4369336%2B%2B%2BUE4%2BRelease-4.20&UserID=d7d3e7284b8a7f87e79664ad512aebe5%7C7ede1786c189451d8c8b058b8a6f1116%7C87cbad50-ee9d-4bb5-a81d-6bac323f0805&AppEnvironment=datacollector-binary&UploadType=eteventstream] status=Processing
[2021.02.01-00.45.04:055][267]LogModuleManager: Shutting down and abandoning module SSL (60)
[2021.02.01-00.45.04:057][267]LogModuleManager: Shutting down and abandoning module MagicLeapEmulator (56)
[2021.02.01-00.45.04:057][267]LogModuleManager: Shutting down and abandoning module MagicLeapPrivileges (54)
[2021.02.01-00.45.04:057][267]LogModuleManager: Shutting down and abandoning module MagicLeapIdentity (52)
[2021.02.01-00.45.04:057][267]LogModuleManager: Shutting down and abandoning module MagicLeapHelperVulkan (50)
[2021.02.01-00.45.04:057][267]LogModuleManager: Shutting down and abandoning module MagicLeapHelperOpenGL (48)
[2021.02.01-00.45.04:057][267]LogModuleManager: Shutting down and abandoning module MagicLeapSecureStorage (46)
[2021.02.01-00.45.04:057][267]LogModuleManager: Shutting down and abandoning module MagicLeapGestures (44)
[2021.02.01-00.45.04:057][267]LogModuleManager: Shutting down and abandoning module MagicLeapEyeTracker (42)
[2021.02.01-00.45.04:058][267]LogModuleManager: Shutting down and abandoning module MagicLeapController (40)
[2021.02.01-00.45.04:058][267]LogSlate: Slate User Destroyed.  User Index 0, Is Virtual User: 0
[2021.02.01-00.45.04:058][267]LogModuleManager: Shutting down and abandoning module MagicLeap (38)
[2021.02.01-00.45.04:058][267]LogModuleManager: Shutting down and abandoning module AnimationModifiers (36)
[2021.02.01-00.45.04:060][267]LogModuleManager: Shutting down and abandoning module PropertyEditor (35)
[2021.02.01-00.45.04:061][267]LogModuleManager: Shutting down and abandoning module AudioEditor (32)
[2021.02.01-00.45.04:062][267]LogModuleManager: Shutting down and abandoning module TextureCompressor (30)
[2021.02.01-00.45.04:066][267]LogModuleManager: Shutting down and abandoning module ShaderCore (28)
[2021.02.01-00.45.04:066][267]LogModuleManager: Shutting down and abandoning module Landscape (26)
[2021.02.01-00.45.04:066][267]LogModuleManager: Shutting down and abandoning module SlateRHIRenderer (24)
[2021.02.01-00.45.04:070][267]LogModuleManager: Shutting down and abandoning module OpenGLDrv (22)
[2021.02.01-00.45.04:070][267]LogModuleManager: Shutting down and abandoning module D3D11RHI (20)
[2021.02.01-00.45.04:070][267]LogModuleManager: Shutting down and abandoning module AnimGraphRuntime (18)
[2021.02.01-00.45.04:070][267]LogModuleManager: Shutting down and abandoning module Renderer (16)
[2021.02.01-00.45.04:070][267]LogModuleManager: Shutting down and abandoning module Engine (14)
[2021.02.01-00.45.04:071][267]LogModuleManager: Shutting down and abandoning module CoreUObject (12)
[2021.02.01-00.45.04:071][267]LogModuleManager: Shutting down and abandoning module NetworkFile (10)
[2021.02.01-00.45.04:071][267]LogModuleManager: Shutting down and abandoning module CookedIterativeFile (8)
[2021.02.01-00.45.04:071][267]LogModuleManager: Shutting down and abandoning module StreamingFile (6)
[2021.02.01-00.45.04:071][267]LogModuleManager: Shutting down and abandoning module SandboxFile (4)
[2021.02.01-00.45.04:072][267]LogModuleManager: Shutting down and abandoning module PakFile (2)
[2021.02.01-00.45.04:082][267]LogExit: Exiting.
[2021.02.01-00.45.04:109][267]Log file closed, 02/01/21 01:45:04
